2018-07-02 17:29:23 INFO  Annotations:27 - The test started
2018-07-02 17:29:43 INFO  Annotations:37 - Test has finished
2018-07-02 17:34:43 INFO  Annotations:27 - The test started
2018-07-02 17:35:07 INFO  Annotations:37 - Test has finished
2018-07-03 11:35:59 INFO  Annotations:27 - The test started
2018-07-03 11:36:03 ERROR FiltersTest:22 - The element was not found
2018-07-03 11:36:05 INFO  Annotations:37 - Test has finished
2018-07-03 12:19:15 INFO  Annotations:27 - The test started
2018-07-03 12:19:33 INFO  FiltersTest:82 - TC Invalid data for price field started
2018-07-03 12:19:33 INFO  MainPage:102 - Data to price field was inputted
2018-07-03 12:19:33 INFO  MainPage:104 - Data to price field was inputted
2018-07-03 12:19:33 INFO  MainPage:95 - Click on search button was perfomed
2018-07-03 12:19:45 INFO  Utils:20 - Scroll to element
2018-07-03 12:19:47 INFO  Annotations:37 - Test has finished
2018-07-03 12:23:06 INFO  Annotations:27 - The test started
2018-07-03 12:23:25 INFO  FiltersTest:93 - TC check links started
2018-07-03 12:23:35 INFO  MainPage:114 - Click on New Cars Link was perfomed
2018-07-03 12:23:35 INFO  Utils:20 - Scroll to element
2018-07-03 12:23:41 INFO  NewCarsPage:24 - Click on car link was perfomed
2018-07-03 12:23:43 INFO  NewCarsPage:31 - Click on golf link on Volkswagen page was perfomed
2018-07-03 12:23:50 INFO  NewCarsPage:37 - Click on first image on Golf page was perfomed
2018-07-03 12:23:50 INFO  Annotations:37 - Test has finished
2018-07-03 13:55:40 INFO  Annotations:27 - The test started
2018-07-03 13:55:45 INFO  FiltersTest:53 - TC checkboxes in extended search started
2018-07-03 13:55:47 INFO  Utils:20 - Scroll to element
2018-07-03 13:55:47 INFO  ExtendedSearchPage:28 - Click on Sedan checkbox was perfomed
2018-07-03 13:55:48 INFO  ExtendedSearchPage:30 - Click on England checkbox was perfomed
2018-07-03 13:55:58 INFO  Annotations:37 - Test has finished
2018-07-03 13:56:51 INFO  Annotations:27 - The test started
2018-07-03 13:56:55 INFO  FiltersTest:53 - TC checkboxes in extended search started
2018-07-03 13:56:57 INFO  Utils:20 - Scroll to element
2018-07-03 13:56:57 INFO  ExtendedSearchPage:28 - Click on Sedan checkbox was perfomed
2018-07-03 13:56:57 INFO  ExtendedSearchPage:30 - Click on England checkbox was perfomed
2018-07-03 13:57:04 INFO  Annotations:37 - Test has finished
2018-07-03 13:58:14 INFO  Annotations:27 - The test started
2018-07-03 13:58:18 INFO  FiltersTest:53 - TC checkboxes in extended search started
2018-07-03 13:58:20 INFO  Utils:20 - Scroll to element
2018-07-03 13:58:20 INFO  ExtendedSearchPage:28 - Click on Sedan checkbox was perfomed
2018-07-03 13:58:20 INFO  ExtendedSearchPage:30 - Click on England checkbox was perfomed
2018-07-03 13:58:28 INFO  Annotations:37 - Test has finished
2018-07-03 14:03:47 INFO  Annotations:27 - The test started
2018-07-03 14:03:50 INFO  FiltersTest:53 - TC checkboxes in extended search started
2018-07-03 14:03:53 INFO  Utils:20 - Scroll to element
2018-07-03 14:03:53 INFO  ExtendedSearchPage:28 - Click on Sedan checkbox was perfomed
2018-07-03 14:03:53 INFO  ExtendedSearchPage:30 - Click on England checkbox was perfomed
2018-07-03 14:03:59 INFO  Annotations:37 - Test has finished
2018-07-03 14:32:37 INFO  Annotations:27 - The test started
2018-07-03 14:32:39 INFO  FiltersTest:67 - TC price field started
2018-07-03 14:35:26 INFO  Annotations:27 - The test started
2018-07-03 14:35:29 INFO  FiltersTest:84 - TC Invalid data for price field started
2018-07-03 14:35:29 INFO  MainPage:102 - Data to price field was inputted
2018-07-03 14:35:29 INFO  MainPage:104 - Data to price field was inputted
2018-07-03 14:35:30 INFO  MainPage:95 - Click on search button was perfomed
2018-07-03 14:35:34 INFO  Utils:20 - Scroll to element
2018-07-03 14:35:34 INFO  FiltersTest:90 - Assertation passed
2018-07-03 14:35:37 INFO  Annotations:37 - Test has finished
2018-07-03 14:39:16 INFO  Annotations:27 - The test started
2018-07-03 14:39:22 INFO  FiltersTest:84 - TC Invalid data for price field started
2018-07-03 14:39:22 INFO  MainPage:102 - Data to price field was inputted
2018-07-03 14:39:22 INFO  MainPage:104 - Data to price field was inputted
2018-07-03 14:39:22 INFO  MainPage:95 - Click on search button was perfomed
2018-07-03 14:39:27 INFO  Utils:20 - Scroll to element
2018-07-03 14:39:27 INFO  FiltersTest:90 - Assertation passed
2018-07-03 14:39:29 INFO  Annotations:37 - Test has finished
2018-07-03 14:40:34 INFO  Annotations:27 - The test started
2018-07-03 14:40:38 INFO  FiltersTest:96 - TC check links started
2018-07-03 14:40:45 INFO  MainPage:114 - Click on New Cars Link was perfomed
2018-07-03 14:40:45 INFO  Utils:20 - Scroll to element
2018-07-03 14:40:49 INFO  NewCarsPage:24 - Click on car link was perfomed
2018-07-03 14:40:53 INFO  NewCarsPage:31 - Click on golf link on Volkswagen page was perfomed
2018-07-03 14:40:57 INFO  NewCarsPage:37 - Click on first image on Golf page was perfomed
2018-07-03 14:40:57 INFO  FiltersTest:20 - TC check of new Cars Filters started
2018-07-03 14:41:07 INFO  FiltersTest:53 - TC checkboxes in extended search started
2018-07-03 14:41:17 INFO  FiltersTest:84 - TC Invalid data for price field started
2018-07-03 14:41:27 INFO  FiltersTest:67 - TC price field started
2018-07-03 14:41:37 INFO  FiltersTest:34 - TC Used cars filters started
2018-07-03 14:41:52 INFO  MainPage:109 - Click on login button was perfomed
2018-07-03 14:42:03 INFO  LoginPage:26 - Data to e-mail field was inputted
2018-07-03 14:42:03 INFO  LoginPage:28 - Data to password field was inputted
2018-07-03 14:42:03 INFO  LoginPage:44 - Click on login button was perfomed
2018-07-03 14:42:35 INFO  Annotations:37 - Test has finished
2018-07-03 17:45:43 INFO  Annotations:27 - The test started
2018-07-03 17:45:49 INFO  FiltersTest:97 - TC check links started
2018-07-03 17:45:51 INFO  MainPage:114 - Click on New Cars Link was perfomed
2018-07-03 17:45:51 INFO  Utils:20 - Scroll to element
2018-07-03 17:46:02 INFO  NewCarsPage:24 - Click on car link was perfomed
2018-07-03 17:46:03 INFO  NewCarsPage:31 - Click on golf link on Volkswagen page was perfomed
2018-07-03 17:46:04 INFO  NewCarsPage:37 - Click on first image on Golf page was perfomed
2018-07-03 17:46:04 INFO  FiltersTest:21 - TC check of new Cars Filters started
2018-07-03 17:46:14 INFO  FiltersTest:54 - TC checkboxes in extended search started
2018-07-03 17:46:25 INFO  FiltersTest:85 - TC Invalid data for price field started
2018-07-03 17:46:35 INFO  FiltersTest:68 - TC price field started
2018-07-03 17:46:45 INFO  FiltersTest:35 - TC Used cars filters started
2018-07-03 17:46:59 INFO  MainPage:109 - Click on login button was perfomed
2018-07-03 17:47:09 INFO  LoginPage:26 - Data to e-mail field was inputted
2018-07-03 17:47:09 INFO  LoginPage:28 - Data to password field was inputted
2018-07-03 17:47:09 INFO  LoginPage:44 - Click on login button was perfomed
2018-07-03 17:47:42 INFO  Annotations:37 - Test has finished
2018-07-03 17:49:00 INFO  Annotations:27 - The test started
2018-07-03 17:49:04 INFO  FiltersTest:35 - TC Used cars filters started
2018-07-03 17:49:04 INFO  MainPage:44 - Click on car brand dropdown
2018-07-03 17:49:04 INFO  MainPage:46 - input data to car brand dropdown
2018-07-03 17:49:04 INFO  MainPage:48 - car brand was chosen
2018-07-03 17:49:17 INFO  Annotations:37 - Test has finished
2018-07-03 17:50:20 INFO  Annotations:27 - The test started
2018-07-03 17:50:23 INFO  FiltersTest:35 - TC Used cars filters started
2018-07-03 17:50:23 INFO  MainPage:44 - Click on car brand dropdown
2018-07-03 17:50:24 INFO  MainPage:46 - input data to car brand dropdown
2018-07-03 17:50:24 INFO  MainPage:48 - car brand was chosen
2018-07-03 17:50:24 INFO  MainPage:56 - Car model was chosen
2018-07-03 17:50:25 INFO  MainPage:64 - Region was chosen
2018-07-03 17:50:25 INFO  MainPage:70 - Year from dropdown was found
2018-07-03 17:50:25 INFO  MainPage:72 - Year to dropdown was found
2018-07-03 17:50:25 INFO  MainPage:74 - Year from was selected
2018-07-03 17:50:25 INFO  MainPage:76 - Year to was selected
2018-07-03 17:50:25 INFO  MainPage:102 - Data to price field was inputted
2018-07-03 17:50:25 INFO  MainPage:104 - Data to price field was inputted
2018-07-03 17:50:25 INFO  MainPage:95 - Click on search button was perfomed
2018-07-03 17:50:30 INFO  Annotations:37 - Test has finished
2018-07-03 17:51:06 INFO  Annotations:27 - The test started
2018-07-03 17:51:09 INFO  FiltersTest:35 - TC Used cars filters started
2018-07-03 17:51:09 INFO  MainPage:44 - Click on car brand dropdown
2018-07-03 17:51:10 INFO  MainPage:46 - input data to car brand dropdown
2018-07-03 17:51:10 INFO  MainPage:48 - car brand was chosen
2018-07-03 17:51:10 INFO  MainPage:56 - Car model was chosen
2018-07-03 17:51:10 INFO  MainPage:64 - Region was chosen
2018-07-03 17:51:10 INFO  MainPage:70 - Year from dropdown was found
2018-07-03 17:51:10 INFO  MainPage:72 - Year to dropdown was found
2018-07-03 17:51:11 INFO  MainPage:74 - Year from was selected
2018-07-03 17:51:11 INFO  MainPage:76 - Year to was selected
2018-07-03 17:51:11 INFO  MainPage:102 - Data to price field was inputted
2018-07-03 17:51:11 INFO  MainPage:104 - Data to price field was inputted
2018-07-03 17:51:11 INFO  MainPage:95 - Click on search button was perfomed
2018-07-03 17:51:23 INFO  Annotations:37 - Test has finished
2018-07-04 11:20:41 INFO  Annotations:27 - The test started
2018-07-04 11:20:46 INFO  FiltersTest:97 - TC check links started
2018-07-04 11:20:50 INFO  MainPage:114 - Click on New Cars Link was perfomed
2018-07-04 11:20:50 INFO  Utils:20 - Scroll to element
2018-07-04 11:20:54 INFO  NewCarsPage:24 - Click on car link was perfomed
2018-07-04 11:20:56 INFO  NewCarsPage:31 - Click on golf link on Volkswagen page was perfomed
2018-07-04 11:20:59 INFO  NewCarsPage:37 - Click on first image on Golf page was perfomed
2018-07-04 11:20:59 INFO  FiltersTest:21 - TC check of new Cars Filters started
2018-07-04 11:21:09 INFO  FiltersTest:54 - TC checkboxes in extended search started
2018-07-04 11:21:19 INFO  FiltersTest:85 - TC Invalid data for price field started
2018-07-04 11:21:29 INFO  FiltersTest:68 - TC price field started
2018-07-04 11:21:39 INFO  FiltersTest:35 - TC Used cars filters started
2018-07-04 11:21:53 INFO  MainPage:109 - Click on login button was perfomed
2018-07-04 11:22:03 INFO  LoginPage:26 - Data to e-mail field was inputted
2018-07-04 11:22:03 INFO  LoginPage:28 - Data to password field was inputted
2018-07-04 11:22:03 INFO  LoginPage:44 - Click on login button was perfomed
2018-07-04 11:22:36 INFO  Annotations:37 - Test has finished
2018-07-04 11:54:33 INFO  Annotations:27 - The test started
2018-07-04 11:54:39 INFO  FiltersTest:97 - TC check links started
2018-07-04 11:54:42 INFO  MainPage:114 - Click on New Cars Link was perfomed
2018-07-04 11:54:42 INFO  Utils:20 - Scroll to element
2018-07-04 11:54:48 INFO  NewCarsPage:24 - Click on car link was perfomed
2018-07-04 11:54:50 INFO  NewCarsPage:31 - Click on golf link on Volkswagen page was perfomed
2018-07-04 11:54:52 INFO  NewCarsPage:37 - Click on first image on Golf page was perfomed
2018-07-04 11:54:54 INFO  Annotations:37 - Test has finished
2018-07-04 11:55:44 INFO  Annotations:27 - The test started
2018-07-04 11:55:49 INFO  FiltersTest:97 - TC check links started
2018-07-04 11:55:49 INFO  MainPage:114 - Click on New Cars Link was perfomed
2018-07-04 11:56:02 INFO  Annotations:37 - Test has finished
2018-07-04 12:21:29 INFO  Annotations:27 - The test started
2018-07-04 12:21:35 INFO  FiltersTest:97 - TC check links started
2018-07-04 12:21:39 INFO  MainPage:114 - Click on New Cars Link was perfomed
2018-07-04 12:21:39 INFO  Utils:20 - Scroll to element
2018-07-04 12:21:41 INFO  NewCarsPage:24 - Click on car link was perfomed
2018-07-04 12:21:42 INFO  NewCarsPage:31 - Click on golf link on Volkswagen page was perfomed
2018-07-04 12:21:46 INFO  NewCarsPage:37 - Click on first image on Golf page was perfomed
2018-07-04 12:21:49 INFO  Annotations:37 - Test has finished
2018-07-04 12:40:00 INFO  Annotations:27 - The test started
2018-07-04 12:40:04 INFO  FiltersTest:97 - TC check links started
2018-07-04 12:40:09 INFO  MainPage:114 - Click on New Cars Link was perfomed
2018-07-04 12:40:09 INFO  Utils:20 - Scroll to element
2018-07-04 12:40:11 INFO  NewCarsPage:24 - Click on car link was perfomed
2018-07-04 12:40:12 INFO  NewCarsPage:31 - Click on golf link on Volkswagen page was perfomed
2018-07-04 12:40:15 INFO  NewCarsPage:37 - Click on first image on Golf page was perfomed
2018-07-04 12:40:18 INFO  Annotations:37 - Test has finished
2018-07-05 11:14:39 INFO  Annotations:27 - The test started
2018-07-05 11:14:46 INFO  FiltersTest:97 - TC check links started
2018-07-05 11:14:47 INFO  MainPage:114 - Click on New Cars Link was perfomed
2018-07-05 11:14:48 INFO  Utils:20 - Scroll to element
2018-07-05 11:14:50 INFO  NewCarsPage:24 - Click on car link was perfomed
2018-07-05 11:14:54 INFO  NewCarsPage:31 - Click on golf link on Volkswagen page was perfomed
2018-07-05 11:14:56 INFO  NewCarsPage:37 - Click on first image on Golf page was perfomed
2018-07-05 11:14:57 INFO  Annotations:37 - Test has finished
2018-07-05 11:24:31 INFO  Annotations:27 - The test started
2018-07-05 11:24:33 INFO  FiltersTest:97 - TC check links started
2018-07-05 11:24:35 INFO  MainPage:114 - Click on New Cars Link was perfomed
2018-07-05 11:24:35 INFO  Utils:20 - Scroll to element
2018-07-05 11:24:39 INFO  NewCarsPage:24 - Click on car link was perfomed
2018-07-05 11:24:40 INFO  NewCarsPage:31 - Click on golf link on Volkswagen page was perfomed
2018-07-05 11:24:42 INFO  NewCarsPage:37 - Click on first image on Golf page was perfomed
2018-07-05 11:24:45 INFO  Annotations:37 - Test has finished
2018-07-05 11:26:55 INFO  Annotations:27 - The test started
2018-07-05 11:26:58 INFO  FiltersTest:97 - TC check links started
2018-07-05 11:27:02 INFO  MainPage:114 - Click on New Cars Link was perfomed
2018-07-05 11:27:02 INFO  Utils:20 - Scroll to element
2018-07-05 11:27:06 INFO  NewCarsPage:24 - Click on car link was perfomed
2018-07-05 11:27:09 INFO  NewCarsPage:31 - Click on golf link on Volkswagen page was perfomed
2018-07-05 11:27:11 INFO  NewCarsPage:37 - Click on first image on Golf page was perfomed
2018-07-05 11:27:11 INFO  FiltersTest:21 - TC check of new Cars Filters started
2018-07-05 11:27:21 INFO  FiltersTest:54 - TC checkboxes in extended search started
2018-07-05 11:27:31 INFO  FiltersTest:85 - TC Invalid data for price field started
2018-07-05 11:27:41 INFO  FiltersTest:68 - TC price field started
2018-07-05 11:27:51 INFO  FiltersTest:35 - TC Used cars filters started
2018-07-05 11:28:04 INFO  Annotations:37 - Test has finished
2018-07-05 11:35:14 INFO  Annotations:27 - The test started
2018-07-05 11:35:16 INFO  FiltersTest:97 - TC check links started
2018-07-05 11:35:19 INFO  MainPage:114 - Click on New Cars Link was perfomed
2018-07-05 11:35:19 INFO  Utils:20 - Scroll to element
2018-07-05 11:35:22 INFO  NewCarsPage:24 - Click on car link was perfomed
2018-07-05 11:35:22 INFO  NewCarsPage:31 - Click on golf link on Volkswagen page was perfomed
2018-07-05 11:35:24 INFO  NewCarsPage:37 - Click on first image on Golf page was perfomed
2018-07-05 11:35:25 INFO  FiltersTest:21 - TC check of new Cars Filters started
2018-07-05 11:35:35 INFO  FiltersTest:54 - TC checkboxes in extended search started
2018-07-05 11:35:45 INFO  FiltersTest:85 - TC Invalid data for price field started
2018-07-05 11:35:55 INFO  FiltersTest:68 - TC price field started
2018-07-05 11:36:05 INFO  FiltersTest:35 - TC Used cars filters started
2018-07-05 11:36:18 INFO  Annotations:37 - Test has finished
2018-07-05 11:38:55 INFO  Annotations:27 - The test started
2018-07-05 11:38:58 INFO  FiltersTest:85 - TC Invalid data for price field started
2018-07-05 11:39:06 INFO  MainPage:102 - Data to price field was inputted
2018-07-05 11:39:06 INFO  MainPage:104 - Data to price field was inputted
2018-07-05 11:39:19 INFO  Annotations:37 - Test has finished
2018-07-05 11:39:48 INFO  Annotations:27 - The test started
2018-07-05 11:39:52 INFO  FiltersTest:85 - TC Invalid data for price field started
2018-07-05 11:39:53 INFO  MainPage:102 - Data to price field was inputted
2018-07-05 11:39:53 INFO  MainPage:104 - Data to price field was inputted
2018-07-05 11:39:53 INFO  MainPage:95 - Click on search button was perfomed
2018-07-05 11:39:57 INFO  Utils:20 - Scroll to element
2018-07-05 11:39:57 INFO  FiltersTest:91 - Assertation passed
2018-07-05 11:39:59 INFO  Annotations:37 - Test has finished
2018-07-05 11:42:24 INFO  Annotations:27 - The test started
2018-07-05 11:42:27 INFO  FiltersTest:97 - TC check links started
2018-07-05 11:42:35 INFO  MainPage:118 - Click on New Cars Link was perfomed
2018-07-05 11:42:35 INFO  Utils:20 - Scroll to element
2018-07-05 11:42:37 INFO  NewCarsPage:24 - Click on car link was perfomed
2018-07-05 11:42:38 INFO  NewCarsPage:31 - Click on golf link on Volkswagen page was perfomed
2018-07-05 11:42:43 INFO  NewCarsPage:37 - Click on first image on Golf page was perfomed
2018-07-05 11:42:44 INFO  FiltersTest:21 - TC check of new Cars Filters started
2018-07-05 11:42:54 INFO  FiltersTest:54 - TC checkboxes in extended search started
2018-07-05 11:43:04 INFO  FiltersTest:85 - TC Invalid data for price field started
2018-07-05 11:43:14 INFO  FiltersTest:68 - TC price field started
2018-07-05 11:43:24 INFO  FiltersTest:35 - TC Used cars filters started
2018-07-05 11:43:37 INFO  Annotations:37 - Test has finished
2018-07-05 11:46:27 INFO  Annotations:27 - The test started
2018-07-05 11:46:32 INFO  FiltersTest:85 - TC Invalid data for price field started
2018-07-05 11:46:32 INFO  MainPage:106 - Data to price field was inputted
2018-07-05 11:46:33 INFO  MainPage:108 - Data to price field was inputted
2018-07-05 11:46:33 INFO  Utils:26 - Wait for element to be visible
2018-07-05 11:46:33 INFO  MainPage:99 - Click on search button was perfomed
2018-07-05 11:46:36 INFO  Utils:20 - Scroll to element
2018-07-05 11:46:36 INFO  FiltersTest:91 - Assertation passed
2018-07-05 11:46:39 INFO  Annotations:37 - Test has finished
2018-07-05 12:12:11 INFO  Annotations:27 - The test started
2018-07-05 12:12:18 INFO  FiltersTest:97 - TC check links started
2018-07-05 12:12:22 INFO  MainPage:118 - Click on New Cars Link was perfomed
2018-07-05 12:12:22 INFO  Utils:20 - Scroll to element
2018-07-05 12:12:29 INFO  NewCarsPage:24 - Click on car link was perfomed
2018-07-05 12:12:29 INFO  NewCarsPage:31 - Click on golf link on Volkswagen page was perfomed
2018-07-05 12:12:31 INFO  NewCarsPage:37 - Click on first image on Golf page was perfomed
2018-07-05 12:12:31 INFO  FiltersTest:21 - TC check of new Cars Filters started
2018-07-05 12:12:51 INFO  FiltersTest:54 - TC checkboxes in extended search started
2018-07-05 12:13:12 INFO  FiltersTest:85 - TC Invalid data for price field started
2018-07-05 12:13:32 INFO  FiltersTest:68 - TC price field started
2018-07-05 12:13:52 INFO  FiltersTest:35 - TC Used cars filters started
2018-07-05 12:14:21 INFO  Annotations:29 - The test started
2018-07-05 12:14:26 INFO  FiltersTest:97 - TC check links started
2018-07-05 12:14:31 INFO  MainPage:118 - Click on New Cars Link was perfomed
2018-07-05 12:14:31 INFO  Utils:20 - Scroll to element
2018-07-05 12:14:33 INFO  NewCarsPage:24 - Click on car link was perfomed
2018-07-05 12:14:34 INFO  NewCarsPage:31 - Click on golf link on Volkswagen page was perfomed
2018-07-05 12:14:43 INFO  NewCarsPage:37 - Click on first image on Golf page was perfomed
2018-07-05 12:14:46 INFO  Annotations:39 - Test has finished
2018-07-05 12:14:49 INFO  Annotations:29 - The test started
2018-07-05 12:14:54 INFO  FiltersTest:21 - TC check of new Cars Filters started
2018-07-05 12:14:55 INFO  MainPage:84 - New cars radio button was clicked
2018-07-05 12:15:17 INFO  Annotations:39 - Test has finished
2018-07-05 12:15:20 INFO  Annotations:29 - The test started
2018-07-05 12:15:27 INFO  FiltersTest:54 - TC checkboxes in extended search started
2018-07-05 12:15:31 INFO  Utils:20 - Scroll to element
2018-07-05 12:15:32 INFO  ExtendedSearchPage:28 - Click on Sedan checkbox was perfomed
2018-07-05 12:15:32 INFO  ExtendedSearchPage:30 - Click on England checkbox was perfomed
2018-07-05 12:15:46 INFO  Annotations:39 - Test has finished
2018-07-05 12:15:49 INFO  Annotations:29 - The test started
2018-07-05 12:16:00 INFO  FiltersTest:85 - TC Invalid data for price field started
2018-07-05 12:16:00 INFO  MainPage:106 - Data to price field was inputted
2018-07-05 12:16:00 INFO  MainPage:108 - Data to price field was inputted
2018-07-05 12:16:00 INFO  Utils:26 - Wait for element to be visible
2018-07-05 12:16:00 INFO  MainPage:99 - Click on search button was perfomed
2018-07-05 12:16:07 INFO  Utils:20 - Scroll to element
2018-07-05 12:16:07 INFO  FiltersTest:91 - Assertation passed
2018-07-05 12:16:09 INFO  Annotations:39 - Test has finished
2018-07-05 12:16:12 INFO  Annotations:29 - The test started
2018-07-05 12:16:17 INFO  FiltersTest:68 - TC price field started
2018-07-05 12:16:17 INFO  MainPage:106 - Data to price field was inputted
2018-07-05 12:16:17 INFO  MainPage:108 - Data to price field was inputted
2018-07-05 12:16:17 INFO  Utils:26 - Wait for element to be visible
2018-07-05 12:16:18 INFO  MainPage:99 - Click on search button was perfomed
2018-07-05 12:16:22 INFO  Utils:20 - Scroll to element
2018-07-05 12:16:22 INFO  Utils:20 - Scroll to element
2018-07-05 12:16:22 INFO  Utils:20 - Scroll to element
2018-07-05 12:16:22 INFO  FiltersTest:77 - Assertation passed
2018-07-05 12:16:24 INFO  Annotations:39 - Test has finished
2018-07-05 12:16:28 INFO  Annotations:29 - The test started
2018-07-05 12:16:31 INFO  FiltersTest:35 - TC Used cars filters started
2018-07-05 12:16:31 INFO  Utils:26 - Wait for element to be visible
2018-07-05 12:16:31 INFO  MainPage:46 - Click on car brand dropdown
2018-07-05 12:16:31 INFO  MainPage:48 - input data to car brand dropdown
2018-07-05 12:16:31 INFO  MainPage:50 - car brand was chosen
2018-07-05 12:16:34 INFO  Annotations:39 - Test has finished
2018-07-05 12:24:20 INFO  Annotations:29 - The test started
2018-07-05 12:24:29 INFO  FiltersTest:97 - TC check links started
2018-07-05 12:24:36 INFO  MainPage:118 - Click on New Cars Link was perfomed
2018-07-05 12:24:36 INFO  Utils:20 - Scroll to element
2018-07-05 12:24:38 INFO  NewCarsPage:24 - Click on car link was perfomed
2018-07-05 12:24:40 INFO  NewCarsPage:31 - Click on golf link on Volkswagen page was perfomed
2018-07-05 12:24:41 INFO  NewCarsPage:37 - Click on first image on Golf page was perfomed
2018-07-05 12:24:44 INFO  Annotations:39 - Test has finished
2018-07-05 12:24:47 INFO  Annotations:29 - The test started
2018-07-05 12:24:53 INFO  FiltersTest:21 - TC check of new Cars Filters started
2018-07-05 12:24:53 INFO  MainPage:84 - New cars radio button was clicked
2018-07-05 12:25:16 INFO  Annotations:39 - Test has finished
2018-07-05 12:25:19 INFO  Annotations:29 - The test started
2018-07-05 12:25:23 INFO  FiltersTest:54 - TC checkboxes in extended search started
2018-07-05 12:25:26 INFO  Utils:20 - Scroll to element
2018-07-05 12:25:26 INFO  ExtendedSearchPage:28 - Click on Sedan checkbox was perfomed
2018-07-05 12:25:26 INFO  ExtendedSearchPage:30 - Click on England checkbox was perfomed
2018-07-05 12:25:35 INFO  Annotations:39 - Test has finished
2018-07-05 12:25:38 INFO  Annotations:29 - The test started
2018-07-05 12:25:43 INFO  FiltersTest:85 - TC Invalid data for price field started
2018-07-05 12:25:43 INFO  MainPage:106 - Data to price field was inputted
2018-07-05 12:25:43 INFO  MainPage:108 - Data to price field was inputted
2018-07-05 12:25:43 INFO  Utils:26 - Wait for element to be visible
2018-07-05 12:25:43 INFO  MainPage:99 - Click on search button was perfomed
2018-07-05 12:25:48 INFO  Utils:20 - Scroll to element
2018-07-05 12:25:48 INFO  FiltersTest:91 - Assertation passed
2018-07-05 12:25:51 INFO  Annotations:39 - Test has finished
2018-07-05 12:25:54 INFO  Annotations:29 - The test started
2018-07-05 12:25:58 INFO  FiltersTest:68 - TC price field started
2018-07-05 12:25:58 INFO  MainPage:106 - Data to price field was inputted
2018-07-05 12:25:58 INFO  MainPage:108 - Data to price field was inputted
2018-07-05 12:25:58 INFO  Utils:26 - Wait for element to be visible
2018-07-05 12:25:58 INFO  MainPage:99 - Click on search button was perfomed
2018-07-05 12:26:03 INFO  Utils:20 - Scroll to element
2018-07-05 12:26:03 INFO  Utils:20 - Scroll to element
2018-07-05 12:26:03 INFO  Utils:20 - Scroll to element
2018-07-05 12:26:03 INFO  FiltersTest:77 - Assertation passed
2018-07-05 12:26:06 INFO  Annotations:39 - Test has finished
2018-07-05 12:26:09 INFO  Annotations:29 - The test started
2018-07-05 12:26:20 INFO  FiltersTest:35 - TC Used cars filters started
2018-07-05 12:26:20 INFO  Utils:26 - Wait for element to be visible
2018-07-05 12:26:20 INFO  MainPage:46 - Click on car brand dropdown
2018-07-05 12:26:21 INFO  MainPage:48 - input data to car brand dropdown
2018-07-05 12:26:21 INFO  MainPage:50 - car brand was chosen
2018-07-05 12:26:21 INFO  MainPage:58 - Car model was chosen
2018-07-05 12:26:22 INFO  MainPage:66 - Region was chosen
2018-07-05 12:26:22 INFO  MainPage:72 - Year from dropdown was found
2018-07-05 12:26:22 INFO  MainPage:74 - Year to dropdown was found
2018-07-05 12:26:22 INFO  MainPage:76 - Year from was selected
2018-07-05 12:26:22 INFO  MainPage:78 - Year to was selected
2018-07-05 12:26:22 INFO  MainPage:106 - Data to price field was inputted
2018-07-05 12:26:22 INFO  MainPage:108 - Data to price field was inputted
2018-07-05 12:26:22 INFO  Utils:26 - Wait for element to be visible
2018-07-05 12:26:22 INFO  MainPage:99 - Click on search button was perfomed
2018-07-05 12:26:29 INFO  Annotations:39 - Test has finished
2018-07-05 12:35:37 INFO  Annotations:29 - The test started
2018-07-05 12:35:40 INFO  FiltersTest:97 - TC check links started
2018-07-05 12:35:43 INFO  MainPage:118 - Click on New Cars Link was perfomed
2018-07-05 12:35:44 INFO  Utils:20 - Scroll to element
2018-07-05 12:35:51 INFO  NewCarsPage:24 - Click on car link was perfomed
2018-07-05 12:35:52 INFO  NewCarsPage:31 - Click on golf link on Volkswagen page was perfomed
2018-07-05 12:35:53 INFO  NewCarsPage:37 - Click on first image on Golf page was perfomed
2018-07-05 12:35:55 INFO  Annotations:39 - Test has finished
2018-07-05 12:35:58 INFO  Annotations:29 - The test started
2018-07-05 12:36:02 INFO  FiltersTest:21 - TC check of new Cars Filters started
2018-07-05 12:36:03 INFO  MainPage:84 - New cars radio button was clicked
2018-07-05 12:36:25 INFO  Annotations:39 - Test has finished
2018-07-05 12:36:28 INFO  Annotations:29 - The test started
2018-07-05 12:36:33 INFO  FiltersTest:54 - TC checkboxes in extended search started
2018-07-05 12:36:38 INFO  Utils:20 - Scroll to element
2018-07-05 12:36:38 INFO  ExtendedSearchPage:28 - Click on Sedan checkbox was perfomed
2018-07-05 12:36:38 INFO  ExtendedSearchPage:30 - Click on England checkbox was perfomed
2018-07-05 12:36:41 INFO  Utils:26 - Wait for element to be visible
2018-07-05 12:36:42 INFO  Utils:26 - Wait for element to be visible
2018-07-05 12:36:44 INFO  Annotations:39 - Test has finished
2018-07-05 12:36:48 INFO  Annotations:29 - The test started
2018-07-05 12:36:52 INFO  FiltersTest:85 - TC Invalid data for price field started
2018-07-05 12:36:52 INFO  MainPage:106 - Data to price field was inputted
2018-07-05 12:36:52 INFO  MainPage:108 - Data to price field was inputted
2018-07-05 12:36:52 INFO  Utils:26 - Wait for element to be visible
2018-07-05 12:36:52 INFO  MainPage:99 - Click on search button was perfomed
2018-07-05 12:36:56 INFO  Utils:20 - Scroll to element
2018-07-05 12:36:56 INFO  FiltersTest:91 - Assertation passed
2018-07-05 12:36:58 INFO  Annotations:39 - Test has finished
2018-07-05 12:37:01 INFO  Annotations:29 - The test started
2018-07-05 12:37:08 INFO  FiltersTest:68 - TC price field started
2018-07-05 12:37:08 INFO  MainPage:106 - Data to price field was inputted
2018-07-05 12:37:08 INFO  MainPage:108 - Data to price field was inputted
2018-07-05 12:37:08 INFO  Utils:26 - Wait for element to be visible
2018-07-05 12:37:08 INFO  MainPage:99 - Click on search button was perfomed
2018-07-05 12:37:12 INFO  Utils:20 - Scroll to element
2018-07-05 12:37:12 INFO  Utils:20 - Scroll to element
2018-07-05 12:37:12 INFO  Utils:20 - Scroll to element
2018-07-05 12:37:12 INFO  FiltersTest:77 - Assertation passed
2018-07-05 12:37:15 INFO  Annotations:39 - Test has finished
2018-07-05 12:37:18 INFO  Annotations:29 - The test started
2018-07-05 12:37:21 INFO  FiltersTest:35 - TC Used cars filters started
2018-07-05 12:37:21 INFO  Utils:26 - Wait for element to be visible
2018-07-05 12:37:22 INFO  MainPage:46 - Click on car brand dropdown
2018-07-05 12:37:22 INFO  MainPage:48 - input data to car brand dropdown
2018-07-05 12:37:22 INFO  MainPage:50 - car brand was chosen
2018-07-05 12:37:22 INFO  MainPage:58 - Car model was chosen
2018-07-05 12:37:23 INFO  MainPage:66 - Region was chosen
2018-07-05 12:37:23 INFO  MainPage:72 - Year from dropdown was found
2018-07-05 12:37:23 INFO  MainPage:74 - Year to dropdown was found
2018-07-05 12:37:23 INFO  MainPage:76 - Year from was selected
2018-07-05 12:37:23 INFO  MainPage:78 - Year to was selected
2018-07-05 12:37:23 INFO  MainPage:106 - Data to price field was inputted
2018-07-05 12:37:23 INFO  MainPage:108 - Data to price field was inputted
2018-07-05 12:37:23 INFO  Utils:26 - Wait for element to be visible
2018-07-05 12:37:23 INFO  MainPage:99 - Click on search button was perfomed
2018-07-05 12:37:32 INFO  Annotations:39 - Test has finished
2018-07-05 12:53:18 INFO  Annotations:29 - The test started
2018-07-05 12:53:25 INFO  FiltersTest:97 - TC check links started
2018-07-05 12:53:29 INFO  MainPage:118 - Click on New Cars Link was perfomed
2018-07-05 12:53:29 INFO  Utils:20 - Scroll to element
2018-07-05 12:53:36 INFO  NewCarsPage:24 - Click on car link was perfomed
2018-07-05 12:53:37 INFO  NewCarsPage:31 - Click on golf link on Volkswagen page was perfomed
2018-07-05 12:53:41 INFO  NewCarsPage:37 - Click on first image on Golf page was perfomed
2018-07-05 12:53:41 INFO  Annotations:39 - Test has finished
2018-07-05 12:53:44 INFO  Annotations:29 - The test started
2018-07-05 12:53:52 INFO  FiltersTest:21 - TC check of new Cars Filters started
2018-07-05 12:53:53 INFO  MainPage:84 - New cars radio button was clicked
2018-07-05 12:54:15 INFO  Annotations:39 - Test has finished
2018-07-05 12:54:18 INFO  Annotations:29 - The test started
2018-07-05 12:54:25 INFO  FiltersTest:54 - TC checkboxes in extended search started
2018-07-05 12:54:27 INFO  Utils:20 - Scroll to element
2018-07-05 12:54:27 INFO  ExtendedSearchPage:28 - Click on Sedan checkbox was perfomed
2018-07-05 12:54:27 INFO  ExtendedSearchPage:30 - Click on England checkbox was perfomed
2018-07-05 12:54:31 INFO  Utils:26 - Wait for element to be visible
2018-07-05 12:54:31 INFO  Utils:26 - Wait for element to be visible
2018-07-05 12:54:34 INFO  Annotations:39 - Test has finished
2018-07-05 12:54:37 INFO  Annotations:29 - The test started
2018-07-05 12:54:42 INFO  FiltersTest:85 - TC Invalid data for price field started
2018-07-05 12:54:42 INFO  MainPage:106 - Data to price field was inputted
2018-07-05 12:54:42 INFO  MainPage:108 - Data to price field was inputted
2018-07-05 12:54:42 INFO  Utils:26 - Wait for element to be visible
2018-07-05 12:54:42 INFO  MainPage:99 - Click on search button was perfomed
2018-07-05 12:54:46 INFO  Utils:20 - Scroll to element
2018-07-05 12:54:46 INFO  FiltersTest:91 - Assertation passed
2018-07-05 12:54:48 INFO  Annotations:39 - Test has finished
2018-07-05 12:54:51 INFO  Annotations:29 - The test started
2018-07-05 12:54:56 INFO  FiltersTest:68 - TC price field started
2018-07-05 12:54:56 INFO  MainPage:106 - Data to price field was inputted
2018-07-05 12:54:57 INFO  MainPage:108 - Data to price field was inputted
2018-07-05 12:54:57 INFO  Utils:26 - Wait for element to be visible
2018-07-05 12:54:57 INFO  MainPage:99 - Click on search button was perfomed
2018-07-05 12:55:00 INFO  Utils:20 - Scroll to element
2018-07-05 12:55:00 INFO  Utils:20 - Scroll to element
2018-07-05 12:55:00 INFO  Utils:20 - Scroll to element
2018-07-05 12:55:01 INFO  FiltersTest:77 - Assertation passed
2018-07-05 12:55:03 INFO  Annotations:39 - Test has finished
2018-07-05 12:55:06 INFO  Annotations:29 - The test started
2018-07-05 12:55:09 INFO  FiltersTest:35 - TC Used cars filters started
2018-07-05 12:55:09 INFO  Utils:26 - Wait for element to be visible
2018-07-05 12:55:09 INFO  MainPage:46 - Click on car brand dropdown
2018-07-05 12:55:09 INFO  MainPage:48 - input data to car brand dropdown
2018-07-05 12:55:09 INFO  MainPage:50 - car brand was chosen
2018-07-05 12:55:10 INFO  MainPage:58 - Car model was chosen
2018-07-05 12:55:10 INFO  MainPage:66 - Region was chosen
2018-07-05 12:55:10 INFO  MainPage:72 - Year from dropdown was found
2018-07-05 12:55:10 INFO  MainPage:74 - Year to dropdown was found
2018-07-05 12:55:10 INFO  MainPage:76 - Year from was selected
2018-07-05 12:55:11 INFO  MainPage:78 - Year to was selected
2018-07-05 12:55:11 INFO  MainPage:106 - Data to price field was inputted
2018-07-05 12:55:11 INFO  MainPage:108 - Data to price field was inputted
2018-07-05 12:55:11 INFO  Utils:26 - Wait for element to be visible
2018-07-05 12:55:11 INFO  MainPage:99 - Click on search button was perfomed
2018-07-05 12:55:17 INFO  Annotations:39 - Test has finished
2018-07-05 13:24:21 INFO  Annotations:36 - The test started
2018-07-05 13:24:24 INFO  FiltersTest:21 - TC check of new Cars Filters started
2018-07-05 13:24:25 INFO  MainPage:84 - New cars radio button was clicked
2018-07-05 13:24:48 INFO  Annotations:54 - Test has finished
2018-07-05 13:26:16 INFO  Annotations:36 - The test started
2018-07-05 13:26:19 INFO  FiltersTest:84 - TC Invalid data for price field started
2018-07-05 13:26:19 INFO  MainPage:106 - Data to price field was inputted
2018-07-05 13:26:19 INFO  MainPage:108 - Data to price field was inputted
2018-07-05 13:26:19 INFO  Utils:26 - Wait for element to be visible
2018-07-05 13:26:19 INFO  MainPage:99 - Click on search button was perfomed
2018-07-05 13:26:23 INFO  Utils:20 - Scroll to element
2018-07-05 13:26:24 ERROR Annotations:50 - Screenshot can not ber created
org.apache.commons.io.FileExistsException: Destination 'screenshot\file.png' already exists
	at org.apache.commons.io.FileUtils.moveFile(FileUtils.java:2986)
	at utils.Annotations.close(Annotations.java:48)
	at java.base/jdk.internal.reflect.NativeMethodAccessorImpl.invoke0(Native Method)
	at java.base/jdk.internal.reflect.NativeMethodAccessorImpl.invoke(NativeMethodAccessorImpl.java:62)
	at java.base/jdk.internal.reflect.DelegatingMethodAccessorImpl.invoke(DelegatingMethodAccessorImpl.java:43)
	at java.base/java.lang.reflect.Method.invoke(Method.java:564)
	at org.testng.internal.MethodInvocationHelper.invokeMethod(MethodInvocationHelper.java:124)
	at org.testng.internal.MethodInvocationHelper.invokeMethodConsideringTimeout(MethodInvocationHelper.java:59)
	at org.testng.internal.Invoker.invokeConfigurationMethod(Invoker.java:458)
	at org.testng.internal.Invoker.invokeConfigurations(Invoker.java:222)
	at org.testng.internal.Invoker.invokeMethod(Invoker.java:646)
	at org.testng.internal.Invoker.invokeTestMethod(Invoker.java:719)
	at org.testng.internal.Invoker.invokeTestMethods(Invoker.java:989)
	at org.testng.internal.TestMethodWorker.invokeTestMethods(TestMethodWorker.java:125)
	at org.testng.internal.TestMethodWorker.run(TestMethodWorker.java:109)
	at org.testng.TestRunner.privateRun(TestRunner.java:648)
	at org.testng.TestRunner.run(TestRunner.java:505)
	at org.testng.SuiteRunner.runTest(SuiteRunner.java:455)
	at org.testng.SuiteRunner.runSequentially(SuiteRunner.java:450)
	at org.testng.SuiteRunner.privateRun(SuiteRunner.java:415)
	at org.testng.SuiteRunner.run(SuiteRunner.java:364)
	at org.testng.SuiteRunnerWorker.runSuite(SuiteRunnerWorker.java:52)
	at org.testng.SuiteRunnerWorker.run(SuiteRunnerWorker.java:84)
	at org.testng.TestNG.runSuitesSequentially(TestNG.java:1208)
	at org.testng.TestNG.runSuitesLocally(TestNG.java:1137)
	at org.testng.TestNG.runSuites(TestNG.java:1049)
	at org.testng.TestNG.run(TestNG.java:1017)
	at org.testng.IDEARemoteTestNG.run(IDEARemoteTestNG.java:72)
	at org.testng.RemoteTestNGStarter.main(RemoteTestNGStarter.java:123)
2018-07-05 13:26:26 INFO  Annotations:54 - Test has finished
2018-07-05 13:26:57 INFO  Annotations:36 - The test started
2018-07-05 13:27:01 INFO  FiltersTest:84 - TC Invalid data for price field started
2018-07-05 13:27:02 INFO  MainPage:106 - Data to price field was inputted
2018-07-05 13:27:02 INFO  MainPage:108 - Data to price field was inputted
2018-07-05 13:27:02 INFO  Utils:26 - Wait for element to be visible
2018-07-05 13:27:02 INFO  MainPage:99 - Click on search button was perfomed
2018-07-05 13:27:07 INFO  Utils:20 - Scroll to element
2018-07-05 13:27:07 INFO  FiltersTest:90 - Assertation passed
2018-07-05 13:27:10 INFO  Annotations:54 - Test has finished
2018-07-05 13:27:58 INFO  Annotations:36 - The test started
2018-07-05 13:28:01 INFO  FiltersTest:96 - TC check links started
2018-07-05 13:28:04 INFO  MainPage:118 - Click on New Cars Link was perfomed
2018-07-05 13:28:04 INFO  Utils:20 - Scroll to element
2018-07-05 13:28:05 INFO  NewCarsPage:24 - Click on car link was perfomed
2018-07-05 13:28:06 INFO  NewCarsPage:31 - Click on golf link on Volkswagen page was perfomed
2018-07-05 13:28:09 INFO  NewCarsPage:37 - Click on first image on Golf page was perfomed
2018-07-05 13:28:11 INFO  Annotations:54 - Test has finished
2018-07-05 13:28:14 INFO  Annotations:36 - The test started
2018-07-05 13:28:22 INFO  FiltersTest:21 - TC check of new Cars Filters started
2018-07-05 13:28:22 INFO  MainPage:84 - New cars radio button was clicked
2018-07-05 13:28:43 ERROR Annotations:50 - Screenshot can not ber created
org.apache.commons.io.FileExistsException: Destination 'screenshot\file.png' already exists
	at org.apache.commons.io.FileUtils.moveFile(FileUtils.java:2986)
	at utils.Annotations.close(Annotations.java:48)
	at java.base/jdk.internal.reflect.NativeMethodAccessorImpl.invoke0(Native Method)
	at java.base/jdk.internal.reflect.NativeMethodAccessorImpl.invoke(NativeMethodAccessorImpl.java:62)
	at java.base/jdk.internal.reflect.DelegatingMethodAccessorImpl.invoke(DelegatingMethodAccessorImpl.java:43)
	at java.base/java.lang.reflect.Method.invoke(Method.java:564)
	at org.testng.internal.MethodInvocationHelper.invokeMethod(MethodInvocationHelper.java:124)
	at org.testng.internal.MethodInvocationHelper.invokeMethodConsideringTimeout(MethodInvocationHelper.java:59)
	at org.testng.internal.Invoker.invokeConfigurationMethod(Invoker.java:458)
	at org.testng.internal.Invoker.invokeConfigurations(Invoker.java:222)
	at org.testng.internal.Invoker.invokeMethod(Invoker.java:646)
	at org.testng.internal.Invoker.invokeTestMethod(Invoker.java:719)
	at org.testng.internal.Invoker.invokeTestMethods(Invoker.java:989)
	at org.testng.internal.TestMethodWorker.invokeTestMethods(TestMethodWorker.java:125)
	at org.testng.internal.TestMethodWorker.run(TestMethodWorker.java:109)
	at org.testng.TestRunner.privateRun(TestRunner.java:648)
	at org.testng.TestRunner.run(TestRunner.java:505)
	at org.testng.SuiteRunner.runTest(SuiteRunner.java:455)
	at org.testng.SuiteRunner.runSequentially(SuiteRunner.java:450)
	at org.testng.SuiteRunner.privateRun(SuiteRunner.java:415)
	at org.testng.SuiteRunner.run(SuiteRunner.java:364)
	at org.testng.SuiteRunnerWorker.runSuite(SuiteRunnerWorker.java:52)
	at org.testng.SuiteRunnerWorker.run(SuiteRunnerWorker.java:84)
	at org.testng.TestNG.runSuitesSequentially(TestNG.java:1208)
	at org.testng.TestNG.runSuitesLocally(TestNG.java:1137)
	at org.testng.TestNG.runSuites(TestNG.java:1049)
	at org.testng.TestNG.run(TestNG.java:1017)
	at org.apache.maven.surefire.testng.TestNGExecutor.run(TestNGExecutor.java:135)
	at org.apache.maven.surefire.testng.TestNGDirectoryTestSuite.executeSingleClass(TestNGDirectoryTestSuite.java:112)
	at org.apache.maven.surefire.testng.TestNGDirectoryTestSuite.execute(TestNGDirectoryTestSuite.java:99)
	at org.apache.maven.surefire.testng.TestNGProvider.invoke(TestNGProvider.java:146)
	at org.apache.maven.surefire.booter.ForkedBooter.invokeProviderInSameClassLoader(ForkedBooter.java:383)
	at org.apache.maven.surefire.booter.ForkedBooter.runSuitesInProcess(ForkedBooter.java:344)
	at org.apache.maven.surefire.booter.ForkedBooter.execute(ForkedBooter.java:125)
	at org.apache.maven.surefire.booter.ForkedBooter.main(ForkedBooter.java:417)
2018-07-05 13:28:45 INFO  Annotations:54 - Test has finished
2018-07-05 13:28:49 INFO  Annotations:36 - The test started
2018-07-05 13:28:52 INFO  FiltersTest:54 - TC checkboxes in extended search started
2018-07-05 13:28:54 INFO  Utils:20 - Scroll to element
2018-07-05 13:28:54 INFO  ExtendedSearchPage:28 - Click on Sedan checkbox was perfomed
2018-07-05 13:28:54 INFO  ExtendedSearchPage:30 - Click on England checkbox was perfomed
2018-07-05 13:28:58 INFO  Utils:26 - Wait for element to be visible
2018-07-05 13:28:58 INFO  Utils:26 - Wait for element to be visible
2018-07-05 13:29:00 INFO  Annotations:54 - Test has finished
2018-07-05 13:29:04 INFO  Annotations:36 - The test started
2018-07-05 13:29:07 INFO  FiltersTest:84 - TC Invalid data for price field started
2018-07-05 13:29:07 INFO  MainPage:106 - Data to price field was inputted
2018-07-05 13:29:08 INFO  MainPage:108 - Data to price field was inputted
2018-07-05 13:29:08 INFO  Utils:26 - Wait for element to be visible
2018-07-05 13:29:08 INFO  MainPage:99 - Click on search button was perfomed
2018-07-05 13:29:11 INFO  Utils:20 - Scroll to element
2018-07-05 13:29:11 INFO  FiltersTest:90 - Assertation passed
2018-07-05 13:29:14 INFO  Annotations:54 - Test has finished
2018-07-05 13:29:17 INFO  Annotations:36 - The test started
2018-07-05 13:29:20 INFO  FiltersTest:68 - TC price field started
2018-07-05 13:29:20 INFO  MainPage:106 - Data to price field was inputted
2018-07-05 13:29:20 INFO  MainPage:108 - Data to price field was inputted
2018-07-05 13:29:20 INFO  Utils:26 - Wait for element to be visible
2018-07-05 13:29:20 INFO  MainPage:99 - Click on search button was perfomed
2018-07-05 13:29:24 INFO  Utils:20 - Scroll to element
2018-07-05 13:29:24 INFO  FiltersTest:76 - Assertation passed
2018-07-05 13:29:26 INFO  Annotations:54 - Test has finished
2018-07-05 13:29:29 INFO  Annotations:36 - The test started
2018-07-05 13:29:32 INFO  FiltersTest:35 - TC Used cars filters started
2018-07-05 13:29:32 INFO  Utils:26 - Wait for element to be visible
2018-07-05 13:29:32 INFO  MainPage:46 - Click on car brand dropdown
2018-07-05 13:29:33 INFO  MainPage:48 - input data to car brand dropdown
2018-07-05 13:29:33 INFO  MainPage:50 - car brand was chosen
2018-07-05 13:29:33 INFO  MainPage:58 - Car model was chosen
2018-07-05 13:29:34 INFO  MainPage:66 - Region was chosen
2018-07-05 13:29:34 INFO  MainPage:72 - Year from dropdown was found
2018-07-05 13:29:34 INFO  MainPage:74 - Year to dropdown was found
2018-07-05 13:29:34 INFO  MainPage:76 - Year from was selected
2018-07-05 13:29:34 INFO  MainPage:78 - Year to was selected
2018-07-05 13:29:34 INFO  MainPage:106 - Data to price field was inputted
2018-07-05 13:29:34 INFO  MainPage:108 - Data to price field was inputted
2018-07-05 13:29:34 INFO  Utils:26 - Wait for element to be visible
2018-07-05 13:29:34 INFO  MainPage:99 - Click on search button was perfomed
2018-07-05 13:29:40 INFO  Annotations:54 - Test has finished
2018-07-05 13:40:10 INFO  Annotations:36 - The test started
2018-07-05 13:40:14 INFO  FiltersTest:96 - TC check links started
2018-07-05 13:40:17 INFO  MainPage:117 - Click on New Cars Link was perfomed
2018-07-05 13:40:17 INFO  Utils:20 - Scroll to element
2018-07-05 13:40:19 INFO  NewCarsPage:24 - Click on car link was perfomed
2018-07-05 13:40:20 INFO  NewCarsPage:31 - Click on golf link on Volkswagen page was perfomed
2018-07-05 13:40:24 INFO  NewCarsPage:37 - Click on first image on Golf page was perfomed
2018-07-05 13:40:27 INFO  Annotations:54 - Test has finished
2018-07-05 13:40:30 INFO  Annotations:36 - The test started
2018-07-05 13:40:35 INFO  FiltersTest:21 - TC check of new Cars Filters started
2018-07-05 13:40:35 INFO  MainPage:83 - New cars radio button was clicked
2018-07-05 13:40:56 ERROR Annotations:50 - Screenshot can not ber created
org.apache.commons.io.FileExistsException: Destination 'screenshot\file.png' already exists
	at org.apache.commons.io.FileUtils.moveFile(FileUtils.java:2986)
	at utils.Annotations.close(Annotations.java:48)
	at java.base/jdk.internal.reflect.NativeMethodAccessorImpl.invoke0(Native Method)
	at java.base/jdk.internal.reflect.NativeMethodAccessorImpl.invoke(NativeMethodAccessorImpl.java:62)
	at java.base/jdk.internal.reflect.DelegatingMethodAccessorImpl.invoke(DelegatingMethodAccessorImpl.java:43)
	at java.base/java.lang.reflect.Method.invoke(Method.java:564)
	at org.testng.internal.MethodInvocationHelper.invokeMethod(MethodInvocationHelper.java:124)
	at org.testng.internal.MethodInvocationHelper.invokeMethodConsideringTimeout(MethodInvocationHelper.java:59)
	at org.testng.internal.Invoker.invokeConfigurationMethod(Invoker.java:458)
	at org.testng.internal.Invoker.invokeConfigurations(Invoker.java:222)
	at org.testng.internal.Invoker.invokeMethod(Invoker.java:646)
	at org.testng.internal.Invoker.invokeTestMethod(Invoker.java:719)
	at org.testng.internal.Invoker.invokeTestMethods(Invoker.java:989)
	at org.testng.internal.TestMethodWorker.invokeTestMethods(TestMethodWorker.java:125)
	at org.testng.internal.TestMethodWorker.run(TestMethodWorker.java:109)
	at org.testng.TestRunner.privateRun(TestRunner.java:648)
	at org.testng.TestRunner.run(TestRunner.java:505)
	at org.testng.SuiteRunner.runTest(SuiteRunner.java:455)
	at org.testng.SuiteRunner.runSequentially(SuiteRunner.java:450)
	at org.testng.SuiteRunner.privateRun(SuiteRunner.java:415)
	at org.testng.SuiteRunner.run(SuiteRunner.java:364)
	at org.testng.SuiteRunnerWorker.runSuite(SuiteRunnerWorker.java:52)
	at org.testng.SuiteRunnerWorker.run(SuiteRunnerWorker.java:84)
	at org.testng.TestNG.runSuitesSequentially(TestNG.java:1208)
	at org.testng.TestNG.runSuitesLocally(TestNG.java:1137)
	at org.testng.TestNG.runSuites(TestNG.java:1049)
	at org.testng.TestNG.run(TestNG.java:1017)
	at org.apache.maven.surefire.testng.TestNGExecutor.run(TestNGExecutor.java:135)
	at org.apache.maven.surefire.testng.TestNGDirectoryTestSuite.executeMulti(TestNGDirectoryTestSuite.java:193)
	at org.apache.maven.surefire.testng.TestNGDirectoryTestSuite.execute(TestNGDirectoryTestSuite.java:94)
	at org.apache.maven.surefire.testng.TestNGProvider.invoke(TestNGProvider.java:146)
	at org.apache.maven.surefire.booter.ForkedBooter.invokeProviderInSameClassLoader(ForkedBooter.java:383)
	at org.apache.maven.surefire.booter.ForkedBooter.runSuitesInProcess(ForkedBooter.java:344)
	at org.apache.maven.surefire.booter.ForkedBooter.execute(ForkedBooter.java:125)
	at org.apache.maven.surefire.booter.ForkedBooter.main(ForkedBooter.java:417)
2018-07-05 13:40:58 INFO  Annotations:54 - Test has finished
2018-07-05 13:41:01 INFO  Annotations:36 - The test started
2018-07-05 13:41:04 INFO  FiltersTest:54 - TC checkboxes in extended search started
2018-07-05 13:41:06 INFO  Utils:20 - Scroll to element
2018-07-05 13:41:07 INFO  ExtendedSearchPage:28 - Click on Sedan checkbox was perfomed
2018-07-05 13:41:07 INFO  ExtendedSearchPage:30 - Click on England checkbox was perfomed
2018-07-05 13:41:11 INFO  Utils:26 - Wait for element to be visible
2018-07-05 13:41:11 INFO  Utils:26 - Wait for element to be visible
2018-07-05 13:41:13 INFO  Annotations:54 - Test has finished
2018-07-05 13:41:16 INFO  Annotations:36 - The test started
2018-07-05 13:41:19 INFO  FiltersTest:84 - TC Invalid data for price field started
2018-07-05 13:41:19 INFO  MainPage:105 - Data to price field was inputted
2018-07-05 13:41:20 INFO  MainPage:107 - Data to price field was inputted
2018-07-05 13:41:20 INFO  Utils:26 - Wait for element to be visible
2018-07-05 13:41:20 INFO  MainPage:98 - Click on search button was perfomed
2018-07-05 13:41:23 INFO  Utils:20 - Scroll to element
2018-07-05 13:41:24 INFO  FiltersTest:90 - Assertation passed
2018-07-05 13:41:26 INFO  Annotations:54 - Test has finished
2018-07-05 13:41:29 INFO  Annotations:36 - The test started
2018-07-05 13:41:32 INFO  FiltersTest:68 - TC price field started
2018-07-05 13:41:32 INFO  MainPage:105 - Data to price field was inputted
2018-07-05 13:41:32 INFO  MainPage:107 - Data to price field was inputted
2018-07-05 13:41:32 INFO  Utils:26 - Wait for element to be visible
2018-07-05 13:41:32 INFO  MainPage:98 - Click on search button was perfomed
2018-07-05 13:41:39 INFO  Utils:20 - Scroll to element
2018-07-05 13:41:39 INFO  FiltersTest:76 - Assertation passed
2018-07-05 13:41:41 INFO  Annotations:54 - Test has finished
2018-07-05 13:41:45 INFO  Annotations:36 - The test started
2018-07-05 13:41:51 INFO  FiltersTest:35 - TC Used cars filters started
2018-07-05 13:41:51 INFO  Utils:26 - Wait for element to be visible
2018-07-05 13:41:51 INFO  MainPage:45 - Click on car brand dropdown
2018-07-05 13:41:52 INFO  MainPage:47 - input data to car brand dropdown
2018-07-05 13:41:52 INFO  MainPage:49 - car brand was chosen
2018-07-05 13:41:52 INFO  MainPage:57 - Car model was chosen
2018-07-05 13:41:52 INFO  MainPage:65 - Region was chosen
2018-07-05 13:41:52 INFO  MainPage:71 - Year from dropdown was found
2018-07-05 13:41:52 INFO  MainPage:73 - Year to dropdown was found
2018-07-05 13:41:52 INFO  MainPage:75 - Year from was selected
2018-07-05 13:41:53 INFO  MainPage:77 - Year to was selected
2018-07-05 13:41:53 INFO  MainPage:105 - Data to price field was inputted
2018-07-05 13:41:53 INFO  MainPage:107 - Data to price field was inputted
2018-07-05 13:41:53 INFO  Utils:26 - Wait for element to be visible
2018-07-05 13:41:53 INFO  MainPage:98 - Click on search button was perfomed
2018-07-05 13:41:58 INFO  Annotations:54 - Test has finished
2018-07-05 13:42:02 INFO  Annotations:36 - The test started
2018-07-05 13:42:07 INFO  MainPage:112 - Click on login button was perfomed
2018-07-05 13:42:28 INFO  LoginPage:26 - Data to e-mail field was inputted
2018-07-05 13:42:28 INFO  LoginPage:28 - Data to password field was inputted
2018-07-05 13:42:28 INFO  LoginPage:44 - Click on login button was perfomed
2018-07-05 13:42:48 ERROR LoginTest:28 - Captcha appeared
2018-07-05 13:42:48 ERROR Annotations:50 - Screenshot can not ber created
org.apache.commons.io.FileExistsException: Destination 'screenshot\file.png' already exists
	at org.apache.commons.io.FileUtils.moveFile(FileUtils.java:2986)
	at utils.Annotations.close(Annotations.java:48)
	at java.base/jdk.internal.reflect.NativeMethodAccessorImpl.invoke0(Native Method)
	at java.base/jdk.internal.reflect.NativeMethodAccessorImpl.invoke(NativeMethodAccessorImpl.java:62)
	at java.base/jdk.internal.reflect.DelegatingMethodAccessorImpl.invoke(DelegatingMethodAccessorImpl.java:43)
	at java.base/java.lang.reflect.Method.invoke(Method.java:564)
	at org.testng.internal.MethodInvocationHelper.invokeMethod(MethodInvocationHelper.java:124)
	at org.testng.internal.MethodInvocationHelper.invokeMethodConsideringTimeout(MethodInvocationHelper.java:59)
	at org.testng.internal.Invoker.invokeConfigurationMethod(Invoker.java:458)
	at org.testng.internal.Invoker.invokeConfigurations(Invoker.java:222)
	at org.testng.internal.Invoker.invokeMethod(Invoker.java:646)
	at org.testng.internal.Invoker.invokeTestMethod(Invoker.java:719)
	at org.testng.internal.Invoker.invokeTestMethods(Invoker.java:989)
	at org.testng.internal.TestMethodWorker.invokeTestMethods(TestMethodWorker.java:125)
	at org.testng.internal.TestMethodWorker.run(TestMethodWorker.java:109)
	at org.testng.TestRunner.privateRun(TestRunner.java:648)
	at org.testng.TestRunner.run(TestRunner.java:505)
	at org.testng.SuiteRunner.runTest(SuiteRunner.java:455)
	at org.testng.SuiteRunner.runSequentially(SuiteRunner.java:450)
	at org.testng.SuiteRunner.privateRun(SuiteRunner.java:415)
	at org.testng.SuiteRunner.run(SuiteRunner.java:364)
	at org.testng.SuiteRunnerWorker.runSuite(SuiteRunnerWorker.java:52)
	at org.testng.SuiteRunnerWorker.run(SuiteRunnerWorker.java:84)
	at org.testng.TestNG.runSuitesSequentially(TestNG.java:1208)
	at org.testng.TestNG.runSuitesLocally(TestNG.java:1137)
	at org.testng.TestNG.runSuites(TestNG.java:1049)
	at org.testng.TestNG.run(TestNG.java:1017)
	at org.apache.maven.surefire.testng.TestNGExecutor.run(TestNGExecutor.java:135)
	at org.apache.maven.surefire.testng.TestNGDirectoryTestSuite.executeMulti(TestNGDirectoryTestSuite.java:193)
	at org.apache.maven.surefire.testng.TestNGDirectoryTestSuite.execute(TestNGDirectoryTestSuite.java:94)
	at org.apache.maven.surefire.testng.TestNGProvider.invoke(TestNGProvider.java:146)
	at org.apache.maven.surefire.booter.ForkedBooter.invokeProviderInSameClassLoader(ForkedBooter.java:383)
	at org.apache.maven.surefire.booter.ForkedBooter.runSuitesInProcess(ForkedBooter.java:344)
	at org.apache.maven.surefire.booter.ForkedBooter.execute(ForkedBooter.java:125)
	at org.apache.maven.surefire.booter.ForkedBooter.main(ForkedBooter.java:417)
2018-07-05 13:42:51 INFO  Annotations:54 - Test has finished
2018-07-05 13:42:54 INFO  Annotations:36 - The test started
2018-07-05 13:43:03 INFO  MainPage:112 - Click on login button was perfomed
2018-07-05 13:43:23 INFO  LoginPage:39 - Switched to login frame
2018-07-05 13:43:23 INFO  LoginPage:33 - Click on facebook login button was perfomed
2018-07-05 13:43:24 INFO  LoginPage:60 - Data to e-mail field was inputted
2018-07-05 13:43:25 INFO  LoginPage:62 - Data to password field was inputted
2018-07-05 13:43:27 INFO  LoginPage:64 - Click on Facebook login button was perfomed
2018-07-05 13:43:47 INFO  LoginPage:39 - Switched to login frame
2018-07-05 13:43:50 INFO  Annotations:54 - Test has finished
2018-07-05 15:11:56 INFO  Annotations:36 - The test started
2018-07-05 15:12:01 INFO  FiltersTest:96 - TC check links started
2018-07-05 15:12:04 INFO  MainPage:117 - Click on New Cars Link was perfomed
2018-07-05 15:12:04 INFO  Utils:20 - Scroll to element
2018-07-05 15:12:06 INFO  NewCarsPage:24 - Click on car link was perfomed
2018-07-05 15:12:08 INFO  NewCarsPage:31 - Click on golf link on Volkswagen page was perfomed
2018-07-05 15:12:11 INFO  NewCarsPage:37 - Click on first image on Golf page was perfomed
2018-07-05 15:12:13 INFO  Annotations:54 - Test has finished
2018-07-05 15:12:17 INFO  Annotations:36 - The test started
2018-07-05 15:12:20 INFO  FiltersTest:21 - TC check of new Cars Filters started
2018-07-05 15:12:20 INFO  MainPage:83 - New cars radio button was clicked
2018-07-05 15:12:41 ERROR Annotations:50 - Screenshot can not ber created
org.apache.commons.io.FileExistsException: Destination 'screenshot\file.png' already exists
	at org.apache.commons.io.FileUtils.moveFile(FileUtils.java:2986)
	at utils.Annotations.close(Annotations.java:48)
	at java.base/jdk.internal.reflect.NativeMethodAccessorImpl.invoke0(Native Method)
	at java.base/jdk.internal.reflect.NativeMethodAccessorImpl.invoke(NativeMethodAccessorImpl.java:62)
	at java.base/jdk.internal.reflect.DelegatingMethodAccessorImpl.invoke(DelegatingMethodAccessorImpl.java:43)
	at java.base/java.lang.reflect.Method.invoke(Method.java:564)
	at org.testng.internal.MethodInvocationHelper.invokeMethod(MethodInvocationHelper.java:124)
	at org.testng.internal.MethodInvocationHelper.invokeMethodConsideringTimeout(MethodInvocationHelper.java:59)
	at org.testng.internal.Invoker.invokeConfigurationMethod(Invoker.java:458)
	at org.testng.internal.Invoker.invokeConfigurations(Invoker.java:222)
	at org.testng.internal.Invoker.invokeMethod(Invoker.java:646)
	at org.testng.internal.Invoker.invokeTestMethod(Invoker.java:719)
	at org.testng.internal.Invoker.invokeTestMethods(Invoker.java:989)
	at org.testng.internal.TestMethodWorker.invokeTestMethods(TestMethodWorker.java:125)
	at org.testng.internal.TestMethodWorker.run(TestMethodWorker.java:109)
	at org.testng.TestRunner.privateRun(TestRunner.java:648)
	at org.testng.TestRunner.run(TestRunner.java:505)
	at org.testng.SuiteRunner.runTest(SuiteRunner.java:455)
	at org.testng.SuiteRunner.runSequentially(SuiteRunner.java:450)
	at org.testng.SuiteRunner.privateRun(SuiteRunner.java:415)
	at org.testng.SuiteRunner.run(SuiteRunner.java:364)
	at org.testng.SuiteRunnerWorker.runSuite(SuiteRunnerWorker.java:52)
	at org.testng.SuiteRunnerWorker.run(SuiteRunnerWorker.java:84)
	at org.testng.TestNG.runSuitesSequentially(TestNG.java:1208)
	at org.testng.TestNG.runSuitesLocally(TestNG.java:1137)
	at org.testng.TestNG.runSuites(TestNG.java:1049)
	at org.testng.TestNG.run(TestNG.java:1017)
	at org.apache.maven.surefire.testng.TestNGExecutor.run(TestNGExecutor.java:135)
	at org.apache.maven.surefire.testng.TestNGDirectoryTestSuite.executeMulti(TestNGDirectoryTestSuite.java:193)
	at org.apache.maven.surefire.testng.TestNGDirectoryTestSuite.execute(TestNGDirectoryTestSuite.java:94)
	at org.apache.maven.surefire.testng.TestNGProvider.invoke(TestNGProvider.java:146)
	at org.apache.maven.surefire.booter.ForkedBooter.invokeProviderInSameClassLoader(ForkedBooter.java:383)
	at org.apache.maven.surefire.booter.ForkedBooter.runSuitesInProcess(ForkedBooter.java:344)
	at org.apache.maven.surefire.booter.ForkedBooter.execute(ForkedBooter.java:125)
	at org.apache.maven.surefire.booter.ForkedBooter.main(ForkedBooter.java:417)
2018-07-05 15:12:43 INFO  Annotations:54 - Test has finished
2018-07-05 15:12:46 INFO  Annotations:36 - The test started
2018-07-05 15:12:49 INFO  FiltersTest:54 - TC checkboxes in extended search started
2018-07-05 15:12:56 INFO  Utils:20 - Scroll to element
2018-07-05 15:12:56 INFO  ExtendedSearchPage:28 - Click on Sedan checkbox was perfomed
2018-07-05 15:12:56 INFO  ExtendedSearchPage:30 - Click on England checkbox was perfomed
2018-07-05 15:13:04 INFO  Utils:26 - Wait for element to be visible
2018-07-05 15:13:04 INFO  Utils:26 - Wait for element to be visible
2018-07-05 15:13:06 INFO  Annotations:54 - Test has finished
2018-07-05 15:13:10 INFO  Annotations:36 - The test started
2018-07-05 15:13:12 INFO  FiltersTest:84 - TC Invalid data for price field started
2018-07-05 15:13:13 INFO  MainPage:105 - Data to price field was inputted
2018-07-05 15:13:13 INFO  MainPage:107 - Data to price field was inputted
2018-07-05 15:13:13 INFO  Utils:26 - Wait for element to be visible
2018-07-05 15:13:13 INFO  MainPage:98 - Click on search button was perfomed
2018-07-05 15:13:19 INFO  Utils:20 - Scroll to element
2018-07-05 15:13:19 INFO  FiltersTest:90 - Assertation passed
2018-07-05 15:13:21 INFO  Annotations:54 - Test has finished
2018-07-05 15:13:24 INFO  Annotations:36 - The test started
2018-07-05 15:13:30 INFO  FiltersTest:68 - TC price field started
2018-07-05 15:13:30 INFO  MainPage:105 - Data to price field was inputted
2018-07-05 15:13:31 INFO  MainPage:107 - Data to price field was inputted
2018-07-05 15:13:31 INFO  Utils:26 - Wait for element to be visible
2018-07-05 15:13:31 INFO  MainPage:98 - Click on search button was perfomed
2018-07-05 15:13:36 INFO  Utils:20 - Scroll to element
2018-07-05 15:13:36 INFO  FiltersTest:76 - Assertation passed
2018-07-05 15:13:38 INFO  Annotations:54 - Test has finished
2018-07-05 15:13:42 INFO  Annotations:36 - The test started
2018-07-05 15:13:46 INFO  FiltersTest:35 - TC Used cars filters started
2018-07-05 15:13:47 INFO  Utils:26 - Wait for element to be visible
2018-07-05 15:13:47 INFO  MainPage:45 - Click on car brand dropdown
2018-07-05 15:13:47 INFO  MainPage:47 - input data to car brand dropdown
2018-07-05 15:13:47 INFO  MainPage:49 - car brand was chosen
2018-07-05 15:13:47 INFO  MainPage:57 - Car model was chosen
2018-07-05 15:13:48 INFO  MainPage:65 - Region was chosen
2018-07-05 15:13:48 INFO  MainPage:71 - Year from dropdown was found
2018-07-05 15:13:48 INFO  MainPage:73 - Year to dropdown was found
2018-07-05 15:13:48 INFO  MainPage:75 - Year from was selected
2018-07-05 15:13:48 INFO  MainPage:77 - Year to was selected
2018-07-05 15:13:48 INFO  MainPage:105 - Data to price field was inputted
2018-07-05 15:13:48 INFO  MainPage:107 - Data to price field was inputted
2018-07-05 15:13:48 INFO  Utils:26 - Wait for element to be visible
2018-07-05 15:13:48 INFO  MainPage:98 - Click on search button was perfomed
2018-07-05 15:13:55 INFO  Annotations:54 - Test has finished
2018-07-05 15:13:58 INFO  Annotations:36 - The test started
2018-07-05 15:14:16 INFO  MainPage:112 - Click on login button was perfomed
2018-07-05 15:14:36 INFO  LoginPage:26 - Data to e-mail field was inputted
2018-07-05 15:14:36 INFO  LoginPage:28 - Data to password field was inputted
2018-07-05 15:14:36 INFO  LoginPage:44 - Click on login button was perfomed
2018-07-05 15:14:56 ERROR LoginTest:28 - Captcha appeared
2018-07-05 15:14:57 ERROR Annotations:50 - Screenshot can not ber created
org.apache.commons.io.FileExistsException: Destination 'screenshot\file.png' already exists
	at org.apache.commons.io.FileUtils.moveFile(FileUtils.java:2986)
	at utils.Annotations.close(Annotations.java:48)
	at java.base/jdk.internal.reflect.NativeMethodAccessorImpl.invoke0(Native Method)
	at java.base/jdk.internal.reflect.NativeMethodAccessorImpl.invoke(NativeMethodAccessorImpl.java:62)
	at java.base/jdk.internal.reflect.DelegatingMethodAccessorImpl.invoke(DelegatingMethodAccessorImpl.java:43)
	at java.base/java.lang.reflect.Method.invoke(Method.java:564)
	at org.testng.internal.MethodInvocationHelper.invokeMethod(MethodInvocationHelper.java:124)
	at org.testng.internal.MethodInvocationHelper.invokeMethodConsideringTimeout(MethodInvocationHelper.java:59)
	at org.testng.internal.Invoker.invokeConfigurationMethod(Invoker.java:458)
	at org.testng.internal.Invoker.invokeConfigurations(Invoker.java:222)
	at org.testng.internal.Invoker.invokeMethod(Invoker.java:646)
	at org.testng.internal.Invoker.invokeTestMethod(Invoker.java:719)
	at org.testng.internal.Invoker.invokeTestMethods(Invoker.java:989)
	at org.testng.internal.TestMethodWorker.invokeTestMethods(TestMethodWorker.java:125)
	at org.testng.internal.TestMethodWorker.run(TestMethodWorker.java:109)
	at org.testng.TestRunner.privateRun(TestRunner.java:648)
	at org.testng.TestRunner.run(TestRunner.java:505)
	at org.testng.SuiteRunner.runTest(SuiteRunner.java:455)
	at org.testng.SuiteRunner.runSequentially(SuiteRunner.java:450)
	at org.testng.SuiteRunner.privateRun(SuiteRunner.java:415)
	at org.testng.SuiteRunner.run(SuiteRunner.java:364)
	at org.testng.SuiteRunnerWorker.runSuite(SuiteRunnerWorker.java:52)
	at org.testng.SuiteRunnerWorker.run(SuiteRunnerWorker.java:84)
	at org.testng.TestNG.runSuitesSequentially(TestNG.java:1208)
	at org.testng.TestNG.runSuitesLocally(TestNG.java:1137)
	at org.testng.TestNG.runSuites(TestNG.java:1049)
	at org.testng.TestNG.run(TestNG.java:1017)
	at org.apache.maven.surefire.testng.TestNGExecutor.run(TestNGExecutor.java:135)
	at org.apache.maven.surefire.testng.TestNGDirectoryTestSuite.executeMulti(TestNGDirectoryTestSuite.java:193)
	at org.apache.maven.surefire.testng.TestNGDirectoryTestSuite.execute(TestNGDirectoryTestSuite.java:94)
	at org.apache.maven.surefire.testng.TestNGProvider.invoke(TestNGProvider.java:146)
	at org.apache.maven.surefire.booter.ForkedBooter.invokeProviderInSameClassLoader(ForkedBooter.java:383)
	at org.apache.maven.surefire.booter.ForkedBooter.runSuitesInProcess(ForkedBooter.java:344)
	at org.apache.maven.surefire.booter.ForkedBooter.execute(ForkedBooter.java:125)
	at org.apache.maven.surefire.booter.ForkedBooter.main(ForkedBooter.java:417)
2018-07-05 15:14:59 INFO  Annotations:54 - Test has finished
2018-07-05 15:15:02 INFO  Annotations:36 - The test started
2018-07-05 15:15:09 INFO  MainPage:112 - Click on login button was perfomed
2018-07-05 15:15:29 INFO  LoginPage:39 - Switched to login frame
2018-07-05 15:15:30 INFO  LoginPage:33 - Click on facebook login button was perfomed
2018-07-05 15:15:31 INFO  LoginPage:60 - Data to e-mail field was inputted
2018-07-05 15:15:31 INFO  LoginPage:62 - Data to password field was inputted
2018-07-05 15:15:34 INFO  LoginPage:64 - Click on Facebook login button was perfomed
2018-07-05 15:15:54 INFO  LoginPage:39 - Switched to login frame
2018-07-05 15:15:56 INFO  Annotations:54 - Test has finished
2018-07-05 15:23:40 INFO  Annotations:36 - The test started
2018-07-05 15:23:49 INFO  FiltersTest:95 - TC check links started
2018-07-05 15:23:51 INFO  MainPage:117 - Click on New Cars Link was perfomed
2018-07-05 15:23:51 INFO  Utils:20 - Scroll to element
2018-07-05 15:23:52 INFO  NewCarsPage:24 - Click on car link was perfomed
2018-07-05 15:23:57 INFO  NewCarsPage:31 - Click on golf link on Volkswagen page was perfomed
2018-07-05 15:24:00 INFO  NewCarsPage:37 - Click on first image on Golf page was perfomed
2018-07-05 15:24:02 INFO  Annotations:54 - Test has finished
2018-07-05 15:24:06 INFO  Annotations:36 - The test started
2018-07-05 15:24:09 INFO  FiltersTest:21 - TC check of new Cars Filters started
2018-07-05 15:24:09 INFO  MainPage:83 - New cars radio button was clicked
2018-07-05 15:24:30 ERROR Annotations:50 - Screenshot can not ber created
org.apache.commons.io.FileExistsException: Destination 'screenshot\file.png' already exists
	at org.apache.commons.io.FileUtils.moveFile(FileUtils.java:2986)
	at utils.Annotations.close(Annotations.java:48)
	at java.base/jdk.internal.reflect.NativeMethodAccessorImpl.invoke0(Native Method)
	at java.base/jdk.internal.reflect.NativeMethodAccessorImpl.invoke(NativeMethodAccessorImpl.java:62)
	at java.base/jdk.internal.reflect.DelegatingMethodAccessorImpl.invoke(DelegatingMethodAccessorImpl.java:43)
	at java.base/java.lang.reflect.Method.invoke(Method.java:564)
	at org.testng.internal.MethodInvocationHelper.invokeMethod(MethodInvocationHelper.java:124)
	at org.testng.internal.MethodInvocationHelper.invokeMethodConsideringTimeout(MethodInvocationHelper.java:59)
	at org.testng.internal.Invoker.invokeConfigurationMethod(Invoker.java:458)
	at org.testng.internal.Invoker.invokeConfigurations(Invoker.java:222)
	at org.testng.internal.Invoker.invokeMethod(Invoker.java:646)
	at org.testng.internal.Invoker.invokeTestMethod(Invoker.java:719)
	at org.testng.internal.Invoker.invokeTestMethods(Invoker.java:989)
	at org.testng.internal.TestMethodWorker.invokeTestMethods(TestMethodWorker.java:125)
	at org.testng.internal.TestMethodWorker.run(TestMethodWorker.java:109)
	at org.testng.TestRunner.privateRun(TestRunner.java:648)
	at org.testng.TestRunner.run(TestRunner.java:505)
	at org.testng.SuiteRunner.runTest(SuiteRunner.java:455)
	at org.testng.SuiteRunner.runSequentially(SuiteRunner.java:450)
	at org.testng.SuiteRunner.privateRun(SuiteRunner.java:415)
	at org.testng.SuiteRunner.run(SuiteRunner.java:364)
	at org.testng.SuiteRunnerWorker.runSuite(SuiteRunnerWorker.java:52)
	at org.testng.SuiteRunnerWorker.run(SuiteRunnerWorker.java:84)
	at org.testng.TestNG.runSuitesSequentially(TestNG.java:1208)
	at org.testng.TestNG.runSuitesLocally(TestNG.java:1137)
	at org.testng.TestNG.runSuites(TestNG.java:1049)
	at org.testng.TestNG.run(TestNG.java:1017)
	at org.apache.maven.surefire.testng.TestNGExecutor.run(TestNGExecutor.java:135)
	at org.apache.maven.surefire.testng.TestNGDirectoryTestSuite.executeMulti(TestNGDirectoryTestSuite.java:193)
	at org.apache.maven.surefire.testng.TestNGDirectoryTestSuite.execute(TestNGDirectoryTestSuite.java:94)
	at org.apache.maven.surefire.testng.TestNGProvider.invoke(TestNGProvider.java:146)
	at org.apache.maven.surefire.booter.ForkedBooter.invokeProviderInSameClassLoader(ForkedBooter.java:383)
	at org.apache.maven.surefire.booter.ForkedBooter.runSuitesInProcess(ForkedBooter.java:344)
	at org.apache.maven.surefire.booter.ForkedBooter.execute(ForkedBooter.java:125)
	at org.apache.maven.surefire.booter.ForkedBooter.main(ForkedBooter.java:417)
2018-07-05 15:24:32 INFO  Annotations:54 - Test has finished
2018-07-05 15:24:36 INFO  Annotations:36 - The test started
2018-07-05 15:24:38 INFO  FiltersTest:53 - TC checkboxes in extended search started
2018-07-05 15:24:40 INFO  Utils:20 - Scroll to element
2018-07-05 15:24:40 INFO  ExtendedSearchPage:28 - Click on Sedan checkbox was perfomed
2018-07-05 15:24:40 INFO  ExtendedSearchPage:30 - Click on England checkbox was perfomed
2018-07-05 15:24:44 INFO  Utils:26 - Wait for element to be visible
2018-07-05 15:24:44 INFO  Utils:26 - Wait for element to be visible
2018-07-05 15:24:46 INFO  Annotations:54 - Test has finished
2018-07-05 15:24:49 INFO  Annotations:36 - The test started
2018-07-05 15:24:53 INFO  FiltersTest:83 - TC Invalid data for price field started
2018-07-05 15:24:53 INFO  MainPage:105 - Data to price field was inputted
2018-07-05 15:24:53 INFO  MainPage:107 - Data to price field was inputted
2018-07-05 15:24:53 INFO  Utils:26 - Wait for element to be visible
2018-07-05 15:24:53 INFO  MainPage:98 - Click on search button was perfomed
2018-07-05 15:24:57 INFO  Utils:20 - Scroll to element
2018-07-05 15:24:57 INFO  FiltersTest:89 - Assertation passed
2018-07-05 15:24:59 INFO  Annotations:54 - Test has finished
2018-07-05 15:25:02 INFO  Annotations:36 - The test started
2018-07-05 15:25:07 INFO  FiltersTest:67 - TC price field started
2018-07-05 15:25:07 INFO  MainPage:105 - Data to price field was inputted
2018-07-05 15:25:07 INFO  MainPage:107 - Data to price field was inputted
2018-07-05 15:25:07 INFO  Utils:26 - Wait for element to be visible
2018-07-05 15:25:07 INFO  MainPage:98 - Click on search button was perfomed
2018-07-05 15:25:15 INFO  Utils:20 - Scroll to element
2018-07-05 15:25:15 INFO  FiltersTest:75 - Assertation passed
2018-07-05 15:25:17 INFO  Annotations:54 - Test has finished
2018-07-05 15:25:21 INFO  Annotations:36 - The test started
2018-07-05 15:25:25 INFO  FiltersTest:34 - TC Used cars filters started
2018-07-05 15:25:25 INFO  Utils:26 - Wait for element to be visible
2018-07-05 15:25:25 INFO  MainPage:45 - Click on car brand dropdown
2018-07-05 15:25:25 INFO  MainPage:47 - input data to car brand dropdown
2018-07-05 15:25:25 INFO  MainPage:49 - car brand was chosen
2018-07-05 15:25:26 INFO  MainPage:57 - Car model was chosen
2018-07-05 15:25:26 INFO  MainPage:65 - Region was chosen
2018-07-05 15:25:26 INFO  MainPage:71 - Year from dropdown was found
2018-07-05 15:25:26 INFO  MainPage:73 - Year to dropdown was found
2018-07-05 15:25:26 INFO  MainPage:75 - Year from was selected
2018-07-05 15:25:26 INFO  MainPage:77 - Year to was selected
2018-07-05 15:25:26 INFO  MainPage:105 - Data to price field was inputted
2018-07-05 15:25:26 INFO  MainPage:107 - Data to price field was inputted
2018-07-05 15:25:26 INFO  Utils:26 - Wait for element to be visible
2018-07-05 15:25:26 INFO  MainPage:98 - Click on search button was perfomed
2018-07-05 15:25:33 INFO  Annotations:54 - Test has finished
2018-07-05 15:25:36 INFO  Annotations:36 - The test started
2018-07-05 15:25:43 INFO  MainPage:112 - Click on login button was perfomed
2018-07-05 15:26:04 INFO  LoginPage:26 - Data to e-mail field was inputted
2018-07-05 15:26:04 INFO  LoginPage:28 - Data to password field was inputted
2018-07-05 15:26:04 INFO  LoginPage:44 - Click on login button was perfomed
2018-07-05 15:26:24 ERROR LoginTest:28 - Captcha appeared
2018-07-05 15:26:24 ERROR Annotations:50 - Screenshot can not ber created
org.apache.commons.io.FileExistsException: Destination 'screenshot\file.png' already exists
	at org.apache.commons.io.FileUtils.moveFile(FileUtils.java:2986)
	at utils.Annotations.close(Annotations.java:48)
	at java.base/jdk.internal.reflect.NativeMethodAccessorImpl.invoke0(Native Method)
	at java.base/jdk.internal.reflect.NativeMethodAccessorImpl.invoke(NativeMethodAccessorImpl.java:62)
	at java.base/jdk.internal.reflect.DelegatingMethodAccessorImpl.invoke(DelegatingMethodAccessorImpl.java:43)
	at java.base/java.lang.reflect.Method.invoke(Method.java:564)
	at org.testng.internal.MethodInvocationHelper.invokeMethod(MethodInvocationHelper.java:124)
	at org.testng.internal.MethodInvocationHelper.invokeMethodConsideringTimeout(MethodInvocationHelper.java:59)
	at org.testng.internal.Invoker.invokeConfigurationMethod(Invoker.java:458)
	at org.testng.internal.Invoker.invokeConfigurations(Invoker.java:222)
	at org.testng.internal.Invoker.invokeMethod(Invoker.java:646)
	at org.testng.internal.Invoker.invokeTestMethod(Invoker.java:719)
	at org.testng.internal.Invoker.invokeTestMethods(Invoker.java:989)
	at org.testng.internal.TestMethodWorker.invokeTestMethods(TestMethodWorker.java:125)
	at org.testng.internal.TestMethodWorker.run(TestMethodWorker.java:109)
	at org.testng.TestRunner.privateRun(TestRunner.java:648)
	at org.testng.TestRunner.run(TestRunner.java:505)
	at org.testng.SuiteRunner.runTest(SuiteRunner.java:455)
	at org.testng.SuiteRunner.runSequentially(SuiteRunner.java:450)
	at org.testng.SuiteRunner.privateRun(SuiteRunner.java:415)
	at org.testng.SuiteRunner.run(SuiteRunner.java:364)
	at org.testng.SuiteRunnerWorker.runSuite(SuiteRunnerWorker.java:52)
	at org.testng.SuiteRunnerWorker.run(SuiteRunnerWorker.java:84)
	at org.testng.TestNG.runSuitesSequentially(TestNG.java:1208)
	at org.testng.TestNG.runSuitesLocally(TestNG.java:1137)
	at org.testng.TestNG.runSuites(TestNG.java:1049)
	at org.testng.TestNG.run(TestNG.java:1017)
	at org.apache.maven.surefire.testng.TestNGExecutor.run(TestNGExecutor.java:135)
	at org.apache.maven.surefire.testng.TestNGDirectoryTestSuite.executeMulti(TestNGDirectoryTestSuite.java:193)
	at org.apache.maven.surefire.testng.TestNGDirectoryTestSuite.execute(TestNGDirectoryTestSuite.java:94)
	at org.apache.maven.surefire.testng.TestNGProvider.invoke(TestNGProvider.java:146)
	at org.apache.maven.surefire.booter.ForkedBooter.invokeProviderInSameClassLoader(ForkedBooter.java:383)
	at org.apache.maven.surefire.booter.ForkedBooter.runSuitesInProcess(ForkedBooter.java:344)
	at org.apache.maven.surefire.booter.ForkedBooter.execute(ForkedBooter.java:125)
	at org.apache.maven.surefire.booter.ForkedBooter.main(ForkedBooter.java:417)
2018-07-05 15:26:27 INFO  Annotations:54 - Test has finished
2018-07-05 15:26:30 INFO  Annotations:36 - The test started
2018-07-05 15:26:36 INFO  MainPage:112 - Click on login button was perfomed
2018-07-05 15:26:57 INFO  LoginPage:39 - Switched to login frame
2018-07-05 15:26:57 INFO  LoginPage:33 - Click on facebook login button was perfomed
2018-07-05 15:26:58 INFO  LoginPage:60 - Data to e-mail field was inputted
2018-07-05 15:26:58 INFO  LoginPage:62 - Data to password field was inputted
2018-07-05 15:26:58 INFO  LoginPage:64 - Click on Facebook login button was perfomed
2018-07-05 15:27:18 INFO  LoginPage:39 - Switched to login frame
2018-07-05 15:27:21 INFO  Annotations:54 - Test has finished
2018-07-05 15:47:15 INFO  Annotations:36 - The test started
2018-07-05 15:47:19 INFO  FiltersTest:95 - TC check links started
2018-07-05 15:47:24 INFO  MainPage:124 - Click on New Cars Link was perfomed
2018-07-05 15:47:26 INFO  Utils:20 - Scroll to element
2018-07-05 15:47:28 INFO  NewCarsPage:27 - Click on car link was perfomed
2018-07-05 15:47:28 INFO  NewCarsPage:35 - Click on golf link on Volkswagen page was perfomed
2018-07-05 15:47:29 ERROR Annotations:50 - Screenshot can not ber created
org.apache.commons.io.FileExistsException: Destination 'screenshot\file.png' already exists
	at org.apache.commons.io.FileUtils.moveFile(FileUtils.java:2986)
	at utils.Annotations.close(Annotations.java:48)
	at java.base/jdk.internal.reflect.NativeMethodAccessorImpl.invoke0(Native Method)
	at java.base/jdk.internal.reflect.NativeMethodAccessorImpl.invoke(NativeMethodAccessorImpl.java:62)
	at java.base/jdk.internal.reflect.DelegatingMethodAccessorImpl.invoke(DelegatingMethodAccessorImpl.java:43)
	at java.base/java.lang.reflect.Method.invoke(Method.java:564)
	at org.testng.internal.MethodInvocationHelper.invokeMethod(MethodInvocationHelper.java:124)
	at org.testng.internal.MethodInvocationHelper.invokeMethodConsideringTimeout(MethodInvocationHelper.java:59)
	at org.testng.internal.Invoker.invokeConfigurationMethod(Invoker.java:458)
	at org.testng.internal.Invoker.invokeConfigurations(Invoker.java:222)
	at org.testng.internal.Invoker.invokeMethod(Invoker.java:646)
	at org.testng.internal.Invoker.invokeTestMethod(Invoker.java:719)
	at org.testng.internal.Invoker.invokeTestMethods(Invoker.java:989)
	at org.testng.internal.TestMethodWorker.invokeTestMethods(TestMethodWorker.java:125)
	at org.testng.internal.TestMethodWorker.run(TestMethodWorker.java:109)
	at org.testng.TestRunner.privateRun(TestRunner.java:648)
	at org.testng.TestRunner.run(TestRunner.java:505)
	at org.testng.SuiteRunner.runTest(SuiteRunner.java:455)
	at org.testng.SuiteRunner.runSequentially(SuiteRunner.java:450)
	at org.testng.SuiteRunner.privateRun(SuiteRunner.java:415)
	at org.testng.SuiteRunner.run(SuiteRunner.java:364)
	at org.testng.SuiteRunnerWorker.runSuite(SuiteRunnerWorker.java:52)
	at org.testng.SuiteRunnerWorker.run(SuiteRunnerWorker.java:84)
	at org.testng.TestNG.runSuitesSequentially(TestNG.java:1208)
	at org.testng.TestNG.runSuitesLocally(TestNG.java:1137)
	at org.testng.TestNG.runSuites(TestNG.java:1049)
	at org.testng.TestNG.run(TestNG.java:1017)
	at org.apache.maven.surefire.testng.TestNGExecutor.run(TestNGExecutor.java:135)
	at org.apache.maven.surefire.testng.TestNGDirectoryTestSuite.executeMulti(TestNGDirectoryTestSuite.java:193)
	at org.apache.maven.surefire.testng.TestNGDirectoryTestSuite.execute(TestNGDirectoryTestSuite.java:94)
	at org.apache.maven.surefire.testng.TestNGProvider.invoke(TestNGProvider.java:146)
	at org.apache.maven.surefire.booter.ForkedBooter.invokeProviderInSameClassLoader(ForkedBooter.java:383)
	at org.apache.maven.surefire.booter.ForkedBooter.runSuitesInProcess(ForkedBooter.java:344)
	at org.apache.maven.surefire.booter.ForkedBooter.execute(ForkedBooter.java:125)
	at org.apache.maven.surefire.booter.ForkedBooter.main(ForkedBooter.java:417)
2018-07-05 15:47:31 INFO  Annotations:54 - Test has finished
2018-07-05 15:47:34 INFO  Annotations:36 - The test started
2018-07-05 15:47:38 INFO  FiltersTest:21 - TC check of new Cars Filters started
2018-07-05 15:47:38 INFO  MainPage:87 - New cars radio button was clicked
2018-07-05 15:47:59 ERROR Annotations:50 - Screenshot can not ber created
org.apache.commons.io.FileExistsException: Destination 'screenshot\file.png' already exists
	at org.apache.commons.io.FileUtils.moveFile(FileUtils.java:2986)
	at utils.Annotations.close(Annotations.java:48)
	at java.base/jdk.internal.reflect.NativeMethodAccessorImpl.invoke0(Native Method)
	at java.base/jdk.internal.reflect.NativeMethodAccessorImpl.invoke(NativeMethodAccessorImpl.java:62)
	at java.base/jdk.internal.reflect.DelegatingMethodAccessorImpl.invoke(DelegatingMethodAccessorImpl.java:43)
	at java.base/java.lang.reflect.Method.invoke(Method.java:564)
	at org.testng.internal.MethodInvocationHelper.invokeMethod(MethodInvocationHelper.java:124)
	at org.testng.internal.MethodInvocationHelper.invokeMethodConsideringTimeout(MethodInvocationHelper.java:59)
	at org.testng.internal.Invoker.invokeConfigurationMethod(Invoker.java:458)
	at org.testng.internal.Invoker.invokeConfigurations(Invoker.java:222)
	at org.testng.internal.Invoker.invokeMethod(Invoker.java:646)
	at org.testng.internal.Invoker.invokeTestMethod(Invoker.java:719)
	at org.testng.internal.Invoker.invokeTestMethods(Invoker.java:989)
	at org.testng.internal.TestMethodWorker.invokeTestMethods(TestMethodWorker.java:125)
	at org.testng.internal.TestMethodWorker.run(TestMethodWorker.java:109)
	at org.testng.TestRunner.privateRun(TestRunner.java:648)
	at org.testng.TestRunner.run(TestRunner.java:505)
	at org.testng.SuiteRunner.runTest(SuiteRunner.java:455)
	at org.testng.SuiteRunner.runSequentially(SuiteRunner.java:450)
	at org.testng.SuiteRunner.privateRun(SuiteRunner.java:415)
	at org.testng.SuiteRunner.run(SuiteRunner.java:364)
	at org.testng.SuiteRunnerWorker.runSuite(SuiteRunnerWorker.java:52)
	at org.testng.SuiteRunnerWorker.run(SuiteRunnerWorker.java:84)
	at org.testng.TestNG.runSuitesSequentially(TestNG.java:1208)
	at org.testng.TestNG.runSuitesLocally(TestNG.java:1137)
	at org.testng.TestNG.runSuites(TestNG.java:1049)
	at org.testng.TestNG.run(TestNG.java:1017)
	at org.apache.maven.surefire.testng.TestNGExecutor.run(TestNGExecutor.java:135)
	at org.apache.maven.surefire.testng.TestNGDirectoryTestSuite.executeMulti(TestNGDirectoryTestSuite.java:193)
	at org.apache.maven.surefire.testng.TestNGDirectoryTestSuite.execute(TestNGDirectoryTestSuite.java:94)
	at org.apache.maven.surefire.testng.TestNGProvider.invoke(TestNGProvider.java:146)
	at org.apache.maven.surefire.booter.ForkedBooter.invokeProviderInSameClassLoader(ForkedBooter.java:383)
	at org.apache.maven.surefire.booter.ForkedBooter.runSuitesInProcess(ForkedBooter.java:344)
	at org.apache.maven.surefire.booter.ForkedBooter.execute(ForkedBooter.java:125)
	at org.apache.maven.surefire.booter.ForkedBooter.main(ForkedBooter.java:417)
2018-07-05 15:48:01 INFO  Annotations:54 - Test has finished
2018-07-05 15:48:04 INFO  Annotations:36 - The test started
2018-07-05 15:48:08 INFO  FiltersTest:53 - TC checkboxes in extended search started
2018-07-05 15:48:10 INFO  Utils:20 - Scroll to element
2018-07-05 15:48:19 INFO  ExtendedSearchPage:32 - Click on Sedan checkbox was perfomed
2018-07-05 15:48:19 INFO  ExtendedSearchPage:34 - Click on England checkbox was perfomed
2018-07-05 15:48:23 INFO  Utils:26 - Wait for element to be visible
2018-07-05 15:48:23 INFO  Utils:26 - Wait for element to be visible
2018-07-05 15:48:26 INFO  Annotations:54 - Test has finished
2018-07-05 15:48:29 INFO  Annotations:36 - The test started
2018-07-05 15:48:33 INFO  FiltersTest:83 - TC Invalid data for price field started
2018-07-05 15:48:34 INFO  MainPage:110 - Data to price field was inputted
2018-07-05 15:48:34 INFO  MainPage:112 - Data to price field was inputted
2018-07-05 15:48:34 INFO  Utils:26 - Wait for element to be visible
2018-07-05 15:48:34 INFO  MainPage:103 - Click on search button was perfomed
2018-07-05 15:48:38 INFO  Utils:20 - Scroll to element
2018-07-05 15:48:38 INFO  FiltersTest:89 - Assertation passed
2018-07-05 15:48:40 INFO  Annotations:54 - Test has finished
2018-07-05 15:48:43 INFO  Annotations:36 - The test started
2018-07-05 15:48:48 INFO  FiltersTest:67 - TC price field started
2018-07-05 15:48:48 INFO  MainPage:110 - Data to price field was inputted
2018-07-05 15:48:48 INFO  MainPage:112 - Data to price field was inputted
2018-07-05 15:48:48 INFO  Utils:26 - Wait for element to be visible
2018-07-05 15:48:48 INFO  MainPage:103 - Click on search button was perfomed
2018-07-05 15:48:53 INFO  Utils:20 - Scroll to element
2018-07-05 15:48:53 INFO  FiltersTest:75 - Assertation passed
2018-07-05 15:48:55 INFO  Annotations:54 - Test has finished
2018-07-05 15:48:58 INFO  Annotations:36 - The test started
2018-07-05 15:49:01 INFO  FiltersTest:34 - TC Used cars filters started
2018-07-05 15:49:01 INFO  Utils:26 - Wait for element to be visible
2018-07-05 15:49:01 INFO  MainPage:48 - Click on car brand dropdown
2018-07-05 15:49:02 INFO  MainPage:50 - input data to car brand dropdown
2018-07-05 15:49:02 INFO  MainPage:52 - car brand was chosen
2018-07-05 15:49:02 INFO  MainPage:60 - Car model was chosen
2018-07-05 15:49:03 INFO  MainPage:68 - Region was chosen
2018-07-05 15:49:03 INFO  MainPage:74 - Year from dropdown was found
2018-07-05 15:49:03 INFO  MainPage:76 - Year to dropdown was found
2018-07-05 15:49:03 INFO  MainPage:78 - Year from was selected
2018-07-05 15:49:03 INFO  MainPage:80 - Year to was selected
2018-07-05 15:49:03 INFO  MainPage:110 - Data to price field was inputted
2018-07-05 15:49:03 INFO  MainPage:112 - Data to price field was inputted
2018-07-05 15:49:03 INFO  Utils:26 - Wait for element to be visible
2018-07-05 15:49:03 INFO  MainPage:103 - Click on search button was perfomed
2018-07-05 15:49:08 INFO  Annotations:54 - Test has finished
2018-07-05 15:49:12 INFO  Annotations:36 - The test started
2018-07-05 15:49:18 INFO  MainPage:118 - Click on login button was perfomed
2018-07-05 15:49:38 INFO  LoginPage:28 - Data to e-mail field was inputted
2018-07-05 15:49:38 INFO  LoginPage:30 - Data to password field was inputted
2018-07-05 15:49:39 INFO  LoginPage:49 - Click on login button was perfomed
2018-07-05 15:49:59 ERROR LoginTest:28 - Captcha appeared
2018-07-05 15:49:59 ERROR Annotations:50 - Screenshot can not ber created
org.apache.commons.io.FileExistsException: Destination 'screenshot\file.png' already exists
	at org.apache.commons.io.FileUtils.moveFile(FileUtils.java:2986)
	at utils.Annotations.close(Annotations.java:48)
	at java.base/jdk.internal.reflect.NativeMethodAccessorImpl.invoke0(Native Method)
	at java.base/jdk.internal.reflect.NativeMethodAccessorImpl.invoke(NativeMethodAccessorImpl.java:62)
	at java.base/jdk.internal.reflect.DelegatingMethodAccessorImpl.invoke(DelegatingMethodAccessorImpl.java:43)
	at java.base/java.lang.reflect.Method.invoke(Method.java:564)
	at org.testng.internal.MethodInvocationHelper.invokeMethod(MethodInvocationHelper.java:124)
	at org.testng.internal.MethodInvocationHelper.invokeMethodConsideringTimeout(MethodInvocationHelper.java:59)
	at org.testng.internal.Invoker.invokeConfigurationMethod(Invoker.java:458)
	at org.testng.internal.Invoker.invokeConfigurations(Invoker.java:222)
	at org.testng.internal.Invoker.invokeMethod(Invoker.java:646)
	at org.testng.internal.Invoker.invokeTestMethod(Invoker.java:719)
	at org.testng.internal.Invoker.invokeTestMethods(Invoker.java:989)
	at org.testng.internal.TestMethodWorker.invokeTestMethods(TestMethodWorker.java:125)
	at org.testng.internal.TestMethodWorker.run(TestMethodWorker.java:109)
	at org.testng.TestRunner.privateRun(TestRunner.java:648)
	at org.testng.TestRunner.run(TestRunner.java:505)
	at org.testng.SuiteRunner.runTest(SuiteRunner.java:455)
	at org.testng.SuiteRunner.runSequentially(SuiteRunner.java:450)
	at org.testng.SuiteRunner.privateRun(SuiteRunner.java:415)
	at org.testng.SuiteRunner.run(SuiteRunner.java:364)
	at org.testng.SuiteRunnerWorker.runSuite(SuiteRunnerWorker.java:52)
	at org.testng.SuiteRunnerWorker.run(SuiteRunnerWorker.java:84)
	at org.testng.TestNG.runSuitesSequentially(TestNG.java:1208)
	at org.testng.TestNG.runSuitesLocally(TestNG.java:1137)
	at org.testng.TestNG.runSuites(TestNG.java:1049)
	at org.testng.TestNG.run(TestNG.java:1017)
	at org.apache.maven.surefire.testng.TestNGExecutor.run(TestNGExecutor.java:135)
	at org.apache.maven.surefire.testng.TestNGDirectoryTestSuite.executeMulti(TestNGDirectoryTestSuite.java:193)
	at org.apache.maven.surefire.testng.TestNGDirectoryTestSuite.execute(TestNGDirectoryTestSuite.java:94)
	at org.apache.maven.surefire.testng.TestNGProvider.invoke(TestNGProvider.java:146)
	at org.apache.maven.surefire.booter.ForkedBooter.invokeProviderInSameClassLoader(ForkedBooter.java:383)
	at org.apache.maven.surefire.booter.ForkedBooter.runSuitesInProcess(ForkedBooter.java:344)
	at org.apache.maven.surefire.booter.ForkedBooter.execute(ForkedBooter.java:125)
	at org.apache.maven.surefire.booter.ForkedBooter.main(ForkedBooter.java:417)
2018-07-05 15:50:01 INFO  Annotations:54 - Test has finished
2018-07-05 15:50:04 INFO  Annotations:36 - The test started
2018-07-05 15:50:14 INFO  MainPage:118 - Click on login button was perfomed
2018-07-05 15:50:34 INFO  LoginPage:43 - Switched to login frame
2018-07-05 15:50:34 INFO  LoginPage:36 - Click on facebook login button was perfomed
2018-07-05 15:50:36 INFO  LoginPage:67 - Data to e-mail field was inputted
2018-07-05 15:50:36 INFO  LoginPage:69 - Data to password field was inputted
2018-07-05 15:50:38 INFO  LoginPage:71 - Click on Facebook login button was perfomed
2018-07-05 15:50:58 INFO  LoginPage:43 - Switched to login frame
2018-07-05 15:51:01 INFO  Annotations:54 - Test has finished
2018-07-05 16:01:16 INFO  Annotations:36 - The test started
2018-07-05 16:01:22 INFO  FiltersTest:95 - TC check links started
2018-07-05 16:01:28 INFO  MainPage:124 - Click on New Cars Link was perfomed
2018-07-05 16:01:30 INFO  Utils:20 - Scroll to element
2018-07-05 16:01:31 INFO  NewCarsPage:27 - Click on car link was perfomed
2018-07-05 16:01:32 INFO  NewCarsPage:35 - Click on golf link on Volkswagen page was perfomed
2018-07-05 16:01:34 INFO  NewCarsPage:42 - Click on first image on Golf page was perfomed
2018-07-05 16:01:34 INFO  Annotations:54 - Test has finished
2018-07-05 16:01:37 INFO  Annotations:36 - The test started
2018-07-05 16:01:40 INFO  FiltersTest:21 - TC check of new Cars Filters started
2018-07-05 16:01:40 INFO  MainPage:87 - New cars radio button was clicked
2018-07-05 16:02:01 ERROR Annotations:50 - Screenshot can not ber created
org.apache.commons.io.FileExistsException: Destination 'screenshot\file.png' already exists
	at org.apache.commons.io.FileUtils.moveFile(FileUtils.java:2986)
	at utils.Annotations.close(Annotations.java:48)
	at java.base/jdk.internal.reflect.NativeMethodAccessorImpl.invoke0(Native Method)
	at java.base/jdk.internal.reflect.NativeMethodAccessorImpl.invoke(NativeMethodAccessorImpl.java:62)
	at java.base/jdk.internal.reflect.DelegatingMethodAccessorImpl.invoke(DelegatingMethodAccessorImpl.java:43)
	at java.base/java.lang.reflect.Method.invoke(Method.java:564)
	at org.testng.internal.MethodInvocationHelper.invokeMethod(MethodInvocationHelper.java:124)
	at org.testng.internal.MethodInvocationHelper.invokeMethodConsideringTimeout(MethodInvocationHelper.java:59)
	at org.testng.internal.Invoker.invokeConfigurationMethod(Invoker.java:458)
	at org.testng.internal.Invoker.invokeConfigurations(Invoker.java:222)
	at org.testng.internal.Invoker.invokeMethod(Invoker.java:646)
	at org.testng.internal.Invoker.invokeTestMethod(Invoker.java:719)
	at org.testng.internal.Invoker.invokeTestMethods(Invoker.java:989)
	at org.testng.internal.TestMethodWorker.invokeTestMethods(TestMethodWorker.java:125)
	at org.testng.internal.TestMethodWorker.run(TestMethodWorker.java:109)
	at org.testng.TestRunner.privateRun(TestRunner.java:648)
	at org.testng.TestRunner.run(TestRunner.java:505)
	at org.testng.SuiteRunner.runTest(SuiteRunner.java:455)
	at org.testng.SuiteRunner.runSequentially(SuiteRunner.java:450)
	at org.testng.SuiteRunner.privateRun(SuiteRunner.java:415)
	at org.testng.SuiteRunner.run(SuiteRunner.java:364)
	at org.testng.SuiteRunnerWorker.runSuite(SuiteRunnerWorker.java:52)
	at org.testng.SuiteRunnerWorker.run(SuiteRunnerWorker.java:84)
	at org.testng.TestNG.runSuitesSequentially(TestNG.java:1208)
	at org.testng.TestNG.runSuitesLocally(TestNG.java:1137)
	at org.testng.TestNG.runSuites(TestNG.java:1049)
	at org.testng.TestNG.run(TestNG.java:1017)
	at org.apache.maven.surefire.testng.TestNGExecutor.run(TestNGExecutor.java:135)
	at org.apache.maven.surefire.testng.TestNGDirectoryTestSuite.executeMulti(TestNGDirectoryTestSuite.java:193)
	at org.apache.maven.surefire.testng.TestNGDirectoryTestSuite.execute(TestNGDirectoryTestSuite.java:94)
	at org.apache.maven.surefire.testng.TestNGProvider.invoke(TestNGProvider.java:146)
	at org.apache.maven.surefire.booter.ForkedBooter.invokeProviderInSameClassLoader(ForkedBooter.java:383)
	at org.apache.maven.surefire.booter.ForkedBooter.runSuitesInProcess(ForkedBooter.java:344)
	at org.apache.maven.surefire.booter.ForkedBooter.execute(ForkedBooter.java:125)
	at org.apache.maven.surefire.booter.ForkedBooter.main(ForkedBooter.java:417)
2018-07-05 16:02:03 INFO  Annotations:54 - Test has finished
2018-07-05 16:02:07 INFO  Annotations:36 - The test started
2018-07-05 16:02:10 INFO  FiltersTest:53 - TC checkboxes in extended search started
2018-07-05 16:02:12 INFO  Utils:20 - Scroll to element
2018-07-05 16:02:13 INFO  ExtendedSearchPage:32 - Click on Sedan checkbox was perfomed
2018-07-05 16:02:13 INFO  ExtendedSearchPage:34 - Click on England checkbox was perfomed
2018-07-05 16:02:16 INFO  Utils:26 - Wait for element to be visible
2018-07-05 16:02:18 INFO  Utils:26 - Wait for element to be visible
2018-07-05 16:02:20 INFO  Annotations:54 - Test has finished
2018-07-05 16:02:23 INFO  Annotations:36 - The test started
2018-07-05 16:02:29 INFO  FiltersTest:83 - TC Invalid data for price field started
2018-07-05 16:02:29 INFO  MainPage:110 - Data to price field was inputted
2018-07-05 16:02:29 INFO  MainPage:112 - Data to price field was inputted
2018-07-05 16:02:29 INFO  Utils:26 - Wait for element to be visible
2018-07-05 16:02:29 INFO  MainPage:103 - Click on search button was perfomed
2018-07-05 16:02:35 INFO  Utils:20 - Scroll to element
2018-07-05 16:02:36 INFO  FiltersTest:89 - Assertation passed
2018-07-05 16:02:38 INFO  Annotations:54 - Test has finished
2018-07-05 16:02:41 INFO  Annotations:36 - The test started
2018-07-05 16:02:44 INFO  FiltersTest:67 - TC price field started
2018-07-05 16:02:44 INFO  MainPage:110 - Data to price field was inputted
2018-07-05 16:02:45 INFO  MainPage:112 - Data to price field was inputted
2018-07-05 16:02:45 INFO  Utils:26 - Wait for element to be visible
2018-07-05 16:02:45 INFO  MainPage:103 - Click on search button was perfomed
2018-07-05 16:02:49 INFO  Utils:20 - Scroll to element
2018-07-05 16:02:49 INFO  FiltersTest:75 - Assertation passed
2018-07-05 16:02:51 INFO  Annotations:54 - Test has finished
2018-07-05 16:02:55 INFO  Annotations:36 - The test started
2018-07-05 16:02:58 INFO  FiltersTest:34 - TC Used cars filters started
2018-07-05 16:02:58 INFO  Utils:26 - Wait for element to be visible
2018-07-05 16:02:58 INFO  MainPage:48 - Click on car brand dropdown
2018-07-05 16:02:58 INFO  MainPage:50 - input data to car brand dropdown
2018-07-05 16:02:58 INFO  MainPage:52 - car brand was chosen
2018-07-05 16:02:59 INFO  MainPage:60 - Car model was chosen
2018-07-05 16:02:59 INFO  MainPage:68 - Region was chosen
2018-07-05 16:02:59 INFO  MainPage:74 - Year from dropdown was found
2018-07-05 16:02:59 INFO  MainPage:76 - Year to dropdown was found
2018-07-05 16:02:59 INFO  MainPage:78 - Year from was selected
2018-07-05 16:02:59 INFO  MainPage:80 - Year to was selected
2018-07-05 16:02:59 INFO  MainPage:110 - Data to price field was inputted
2018-07-05 16:03:00 INFO  MainPage:112 - Data to price field was inputted
2018-07-05 16:03:00 INFO  Utils:26 - Wait for element to be visible
2018-07-05 16:03:00 INFO  MainPage:103 - Click on search button was perfomed
2018-07-05 16:03:08 INFO  Annotations:54 - Test has finished
2018-07-05 16:03:12 INFO  Annotations:36 - The test started
2018-07-05 16:03:18 INFO  MainPage:118 - Click on login button was perfomed
2018-07-05 16:03:39 INFO  LoginPage:28 - Data to e-mail field was inputted
2018-07-05 16:03:39 INFO  LoginPage:30 - Data to password field was inputted
2018-07-05 16:03:39 INFO  LoginPage:49 - Click on login button was perfomed
2018-07-05 16:03:59 ERROR LoginTest:28 - Captcha appeared
2018-07-05 16:03:59 ERROR Annotations:50 - Screenshot can not ber created
org.apache.commons.io.FileExistsException: Destination 'screenshot\file.png' already exists
	at org.apache.commons.io.FileUtils.moveFile(FileUtils.java:2986)
	at utils.Annotations.close(Annotations.java:48)
	at java.base/jdk.internal.reflect.NativeMethodAccessorImpl.invoke0(Native Method)
	at java.base/jdk.internal.reflect.NativeMethodAccessorImpl.invoke(NativeMethodAccessorImpl.java:62)
	at java.base/jdk.internal.reflect.DelegatingMethodAccessorImpl.invoke(DelegatingMethodAccessorImpl.java:43)
	at java.base/java.lang.reflect.Method.invoke(Method.java:564)
	at org.testng.internal.MethodInvocationHelper.invokeMethod(MethodInvocationHelper.java:124)
	at org.testng.internal.MethodInvocationHelper.invokeMethodConsideringTimeout(MethodInvocationHelper.java:59)
	at org.testng.internal.Invoker.invokeConfigurationMethod(Invoker.java:458)
	at org.testng.internal.Invoker.invokeConfigurations(Invoker.java:222)
	at org.testng.internal.Invoker.invokeMethod(Invoker.java:646)
	at org.testng.internal.Invoker.invokeTestMethod(Invoker.java:719)
	at org.testng.internal.Invoker.invokeTestMethods(Invoker.java:989)
	at org.testng.internal.TestMethodWorker.invokeTestMethods(TestMethodWorker.java:125)
	at org.testng.internal.TestMethodWorker.run(TestMethodWorker.java:109)
	at org.testng.TestRunner.privateRun(TestRunner.java:648)
	at org.testng.TestRunner.run(TestRunner.java:505)
	at org.testng.SuiteRunner.runTest(SuiteRunner.java:455)
	at org.testng.SuiteRunner.runSequentially(SuiteRunner.java:450)
	at org.testng.SuiteRunner.privateRun(SuiteRunner.java:415)
	at org.testng.SuiteRunner.run(SuiteRunner.java:364)
	at org.testng.SuiteRunnerWorker.runSuite(SuiteRunnerWorker.java:52)
	at org.testng.SuiteRunnerWorker.run(SuiteRunnerWorker.java:84)
	at org.testng.TestNG.runSuitesSequentially(TestNG.java:1208)
	at org.testng.TestNG.runSuitesLocally(TestNG.java:1137)
	at org.testng.TestNG.runSuites(TestNG.java:1049)
	at org.testng.TestNG.run(TestNG.java:1017)
	at org.apache.maven.surefire.testng.TestNGExecutor.run(TestNGExecutor.java:135)
	at org.apache.maven.surefire.testng.TestNGDirectoryTestSuite.executeMulti(TestNGDirectoryTestSuite.java:193)
	at org.apache.maven.surefire.testng.TestNGDirectoryTestSuite.execute(TestNGDirectoryTestSuite.java:94)
	at org.apache.maven.surefire.testng.TestNGProvider.invoke(TestNGProvider.java:146)
	at org.apache.maven.surefire.booter.ForkedBooter.invokeProviderInSameClassLoader(ForkedBooter.java:383)
	at org.apache.maven.surefire.booter.ForkedBooter.runSuitesInProcess(ForkedBooter.java:344)
	at org.apache.maven.surefire.booter.ForkedBooter.execute(ForkedBooter.java:125)
	at org.apache.maven.surefire.booter.ForkedBooter.main(ForkedBooter.java:417)
2018-07-05 16:03:59 INFO  Annotations:54 - Test has finished
2018-07-05 16:04:03 INFO  Annotations:36 - The test started
2018-07-05 16:04:10 INFO  MainPage:118 - Click on login button was perfomed
2018-07-05 16:04:30 INFO  LoginPage:43 - Switched to login frame
2018-07-05 16:04:30 INFO  LoginPage:36 - Click on facebook login button was perfomed
2018-07-05 16:04:34 INFO  LoginPage:67 - Data to e-mail field was inputted
2018-07-05 16:04:34 INFO  LoginPage:69 - Data to password field was inputted
2018-07-05 16:04:37 INFO  LoginPage:71 - Click on Facebook login button was perfomed
2018-07-05 16:04:57 INFO  LoginPage:43 - Switched to login frame
2018-07-05 16:04:59 INFO  Annotations:54 - Test has finished
2018-07-05 16:08:31 INFO  Annotations:36 - The test started
2018-07-05 16:08:38 INFO  FiltersTest:95 - TC check links started
2018-07-05 16:08:50 INFO  MainPage:124 - Click on New Cars Link was perfomed
2018-07-05 16:08:51 INFO  Utils:20 - Scroll to element
2018-07-05 16:08:53 INFO  NewCarsPage:27 - Click on car link was perfomed
2018-07-05 16:08:55 INFO  NewCarsPage:35 - Click on golf link on Volkswagen page was perfomed
2018-07-05 16:09:02 INFO  NewCarsPage:42 - Click on first image on Golf page was perfomed
2018-07-05 16:09:04 INFO  Annotations:54 - Test has finished
2018-07-05 16:09:07 INFO  Annotations:36 - The test started
2018-07-05 16:09:12 INFO  FiltersTest:21 - TC check of new Cars Filters started
2018-07-05 16:09:12 INFO  MainPage:87 - New cars radio button was clicked
2018-07-05 16:09:33 ERROR Annotations:50 - Screenshot can not ber created
org.apache.commons.io.FileExistsException: Destination 'screenshot\file.png' already exists
	at org.apache.commons.io.FileUtils.moveFile(FileUtils.java:2986)
	at utils.Annotations.close(Annotations.java:48)
	at java.base/jdk.internal.reflect.NativeMethodAccessorImpl.invoke0(Native Method)
	at java.base/jdk.internal.reflect.NativeMethodAccessorImpl.invoke(NativeMethodAccessorImpl.java:62)
	at java.base/jdk.internal.reflect.DelegatingMethodAccessorImpl.invoke(DelegatingMethodAccessorImpl.java:43)
	at java.base/java.lang.reflect.Method.invoke(Method.java:564)
	at org.testng.internal.MethodInvocationHelper.invokeMethod(MethodInvocationHelper.java:124)
	at org.testng.internal.MethodInvocationHelper.invokeMethodConsideringTimeout(MethodInvocationHelper.java:59)
	at org.testng.internal.Invoker.invokeConfigurationMethod(Invoker.java:458)
	at org.testng.internal.Invoker.invokeConfigurations(Invoker.java:222)
	at org.testng.internal.Invoker.invokeMethod(Invoker.java:646)
	at org.testng.internal.Invoker.invokeTestMethod(Invoker.java:719)
	at org.testng.internal.Invoker.invokeTestMethods(Invoker.java:989)
	at org.testng.internal.TestMethodWorker.invokeTestMethods(TestMethodWorker.java:125)
	at org.testng.internal.TestMethodWorker.run(TestMethodWorker.java:109)
	at org.testng.TestRunner.privateRun(TestRunner.java:648)
	at org.testng.TestRunner.run(TestRunner.java:505)
	at org.testng.SuiteRunner.runTest(SuiteRunner.java:455)
	at org.testng.SuiteRunner.runSequentially(SuiteRunner.java:450)
	at org.testng.SuiteRunner.privateRun(SuiteRunner.java:415)
	at org.testng.SuiteRunner.run(SuiteRunner.java:364)
	at org.testng.SuiteRunnerWorker.runSuite(SuiteRunnerWorker.java:52)
	at org.testng.SuiteRunnerWorker.run(SuiteRunnerWorker.java:84)
	at org.testng.TestNG.runSuitesSequentially(TestNG.java:1208)
	at org.testng.TestNG.runSuitesLocally(TestNG.java:1137)
	at org.testng.TestNG.runSuites(TestNG.java:1049)
	at org.testng.TestNG.run(TestNG.java:1017)
	at org.apache.maven.surefire.testng.TestNGExecutor.run(TestNGExecutor.java:135)
	at org.apache.maven.surefire.testng.TestNGDirectoryTestSuite.executeMulti(TestNGDirectoryTestSuite.java:193)
	at org.apache.maven.surefire.testng.TestNGDirectoryTestSuite.execute(TestNGDirectoryTestSuite.java:94)
	at org.apache.maven.surefire.testng.TestNGProvider.invoke(TestNGProvider.java:146)
	at org.apache.maven.surefire.booter.ForkedBooter.invokeProviderInSameClassLoader(ForkedBooter.java:383)
	at org.apache.maven.surefire.booter.ForkedBooter.runSuitesInProcess(ForkedBooter.java:344)
	at org.apache.maven.surefire.booter.ForkedBooter.execute(ForkedBooter.java:125)
	at org.apache.maven.surefire.booter.ForkedBooter.main(ForkedBooter.java:417)
2018-07-05 16:09:35 INFO  Annotations:54 - Test has finished
2018-07-05 16:09:39 INFO  Annotations:36 - The test started
2018-07-05 16:09:44 INFO  FiltersTest:53 - TC checkboxes in extended search started
2018-07-05 16:09:46 INFO  Utils:20 - Scroll to element
2018-07-05 16:09:46 INFO  ExtendedSearchPage:32 - Click on Sedan checkbox was perfomed
2018-07-05 16:09:46 INFO  ExtendedSearchPage:34 - Click on England checkbox was perfomed
2018-07-05 16:09:52 INFO  Utils:26 - Wait for element to be visible
2018-07-05 16:09:52 INFO  Utils:26 - Wait for element to be visible
2018-07-05 16:09:55 INFO  Annotations:54 - Test has finished
2018-07-05 16:09:58 INFO  Annotations:36 - The test started
2018-07-05 16:10:04 INFO  FiltersTest:83 - TC Invalid data for price field started
2018-07-05 16:10:04 INFO  MainPage:110 - Data to price field was inputted
2018-07-05 16:10:04 INFO  MainPage:112 - Data to price field was inputted
2018-07-05 16:10:04 INFO  Utils:26 - Wait for element to be visible
2018-07-05 16:10:04 INFO  MainPage:103 - Click on search button was perfomed
2018-07-05 16:10:10 INFO  Utils:20 - Scroll to element
2018-07-05 16:10:10 INFO  FiltersTest:89 - Assertation passed
2018-07-05 16:10:12 INFO  Annotations:54 - Test has finished
2018-07-05 16:10:16 INFO  Annotations:36 - The test started
2018-07-05 16:10:22 INFO  FiltersTest:67 - TC price field started
2018-07-05 16:10:22 INFO  MainPage:110 - Data to price field was inputted
2018-07-05 16:10:22 INFO  MainPage:112 - Data to price field was inputted
2018-07-05 16:10:22 INFO  Utils:26 - Wait for element to be visible
2018-07-05 16:10:22 INFO  MainPage:103 - Click on search button was perfomed
2018-07-05 16:10:27 INFO  Utils:20 - Scroll to element
2018-07-05 16:10:27 INFO  FiltersTest:75 - Assertation passed
2018-07-05 16:10:29 INFO  Annotations:54 - Test has finished
2018-07-05 16:10:33 INFO  Annotations:36 - The test started
2018-07-05 16:10:38 INFO  FiltersTest:34 - TC Used cars filters started
2018-07-05 16:10:38 INFO  Utils:26 - Wait for element to be visible
2018-07-05 16:10:38 INFO  MainPage:48 - Click on car brand dropdown
2018-07-05 16:10:38 INFO  MainPage:50 - input data to car brand dropdown
2018-07-05 16:10:38 INFO  MainPage:52 - car brand was chosen
2018-07-05 16:10:39 INFO  MainPage:60 - Car model was chosen
2018-07-05 16:10:39 INFO  MainPage:68 - Region was chosen
2018-07-05 16:10:39 INFO  MainPage:74 - Year from dropdown was found
2018-07-05 16:10:39 INFO  MainPage:76 - Year to dropdown was found
2018-07-05 16:10:39 INFO  MainPage:78 - Year from was selected
2018-07-05 16:10:39 INFO  MainPage:80 - Year to was selected
2018-07-05 16:10:39 INFO  MainPage:110 - Data to price field was inputted
2018-07-05 16:10:40 INFO  MainPage:112 - Data to price field was inputted
2018-07-05 16:10:40 INFO  Utils:26 - Wait for element to be visible
2018-07-05 16:10:40 INFO  MainPage:103 - Click on search button was perfomed
2018-07-05 16:10:48 INFO  Annotations:54 - Test has finished
2018-07-05 16:10:52 INFO  Annotations:36 - The test started
2018-07-05 16:11:05 INFO  MainPage:118 - Click on login button was perfomed
2018-07-05 16:11:26 INFO  LoginPage:28 - Data to e-mail field was inputted
2018-07-05 16:11:26 INFO  LoginPage:30 - Data to password field was inputted
2018-07-05 16:11:26 INFO  LoginPage:49 - Click on login button was perfomed
2018-07-05 16:11:46 ERROR LoginTest:28 - Captcha appeared
2018-07-05 16:11:47 ERROR Annotations:50 - Screenshot can not ber created
org.apache.commons.io.FileExistsException: Destination 'screenshot\file.png' already exists
	at org.apache.commons.io.FileUtils.moveFile(FileUtils.java:2986)
	at utils.Annotations.close(Annotations.java:48)
	at java.base/jdk.internal.reflect.NativeMethodAccessorImpl.invoke0(Native Method)
	at java.base/jdk.internal.reflect.NativeMethodAccessorImpl.invoke(NativeMethodAccessorImpl.java:62)
	at java.base/jdk.internal.reflect.DelegatingMethodAccessorImpl.invoke(DelegatingMethodAccessorImpl.java:43)
	at java.base/java.lang.reflect.Method.invoke(Method.java:564)
	at org.testng.internal.MethodInvocationHelper.invokeMethod(MethodInvocationHelper.java:124)
	at org.testng.internal.MethodInvocationHelper.invokeMethodConsideringTimeout(MethodInvocationHelper.java:59)
	at org.testng.internal.Invoker.invokeConfigurationMethod(Invoker.java:458)
	at org.testng.internal.Invoker.invokeConfigurations(Invoker.java:222)
	at org.testng.internal.Invoker.invokeMethod(Invoker.java:646)
	at org.testng.internal.Invoker.invokeTestMethod(Invoker.java:719)
	at org.testng.internal.Invoker.invokeTestMethods(Invoker.java:989)
	at org.testng.internal.TestMethodWorker.invokeTestMethods(TestMethodWorker.java:125)
	at org.testng.internal.TestMethodWorker.run(TestMethodWorker.java:109)
	at org.testng.TestRunner.privateRun(TestRunner.java:648)
	at org.testng.TestRunner.run(TestRunner.java:505)
	at org.testng.SuiteRunner.runTest(SuiteRunner.java:455)
	at org.testng.SuiteRunner.runSequentially(SuiteRunner.java:450)
	at org.testng.SuiteRunner.privateRun(SuiteRunner.java:415)
	at org.testng.SuiteRunner.run(SuiteRunner.java:364)
	at org.testng.SuiteRunnerWorker.runSuite(SuiteRunnerWorker.java:52)
	at org.testng.SuiteRunnerWorker.run(SuiteRunnerWorker.java:84)
	at org.testng.TestNG.runSuitesSequentially(TestNG.java:1208)
	at org.testng.TestNG.runSuitesLocally(TestNG.java:1137)
	at org.testng.TestNG.runSuites(TestNG.java:1049)
	at org.testng.TestNG.run(TestNG.java:1017)
	at org.apache.maven.surefire.testng.TestNGExecutor.run(TestNGExecutor.java:135)
	at org.apache.maven.surefire.testng.TestNGDirectoryTestSuite.executeMulti(TestNGDirectoryTestSuite.java:193)
	at org.apache.maven.surefire.testng.TestNGDirectoryTestSuite.execute(TestNGDirectoryTestSuite.java:94)
	at org.apache.maven.surefire.testng.TestNGProvider.invoke(TestNGProvider.java:146)
	at org.apache.maven.surefire.booter.ForkedBooter.invokeProviderInSameClassLoader(ForkedBooter.java:383)
	at org.apache.maven.surefire.booter.ForkedBooter.runSuitesInProcess(ForkedBooter.java:344)
	at org.apache.maven.surefire.booter.ForkedBooter.execute(ForkedBooter.java:125)
	at org.apache.maven.surefire.booter.ForkedBooter.main(ForkedBooter.java:417)
2018-07-05 16:11:49 INFO  Annotations:54 - Test has finished
2018-07-05 16:11:52 INFO  Annotations:36 - The test started
2018-07-05 16:12:02 INFO  MainPage:118 - Click on login button was perfomed
2018-07-05 16:12:22 INFO  LoginPage:43 - Switched to login frame
2018-07-05 16:12:22 INFO  LoginPage:36 - Click on facebook login button was perfomed
2018-07-05 16:12:23 INFO  LoginPage:67 - Data to e-mail field was inputted
2018-07-05 16:12:23 INFO  LoginPage:69 - Data to password field was inputted
2018-07-05 16:12:25 INFO  LoginPage:71 - Click on Facebook login button was perfomed
2018-07-05 16:12:46 INFO  LoginPage:43 - Switched to login frame
2018-07-05 16:12:48 INFO  Annotations:54 - Test has finished
2018-07-05 16:21:31 INFO  Annotations:36 - The test started
2018-07-05 16:21:45 INFO  FiltersTest:95 - TC check links started
2018-07-05 16:21:48 INFO  MainPage:124 - Click on New Cars Link was perfomed
2018-07-05 16:21:50 INFO  Utils:20 - Scroll to element
2018-07-05 16:21:51 INFO  NewCarsPage:27 - Click on car link was perfomed
2018-07-05 16:21:52 INFO  NewCarsPage:35 - Click on golf link on Volkswagen page was perfomed
2018-07-05 16:21:56 INFO  NewCarsPage:42 - Click on first image on Golf page was perfomed
2018-07-05 16:21:58 INFO  Annotations:54 - Test has finished
2018-07-05 16:22:02 INFO  Annotations:36 - The test started
2018-07-05 16:22:05 INFO  FiltersTest:21 - TC check of new Cars Filters started
2018-07-05 16:22:05 INFO  MainPage:87 - New cars radio button was clicked
2018-07-05 16:22:26 ERROR Annotations:50 - Screenshot can not ber created
org.apache.commons.io.FileExistsException: Destination 'screenshot\file.png' already exists
	at org.apache.commons.io.FileUtils.moveFile(FileUtils.java:2986)
	at utils.Annotations.close(Annotations.java:48)
	at java.base/jdk.internal.reflect.NativeMethodAccessorImpl.invoke0(Native Method)
	at java.base/jdk.internal.reflect.NativeMethodAccessorImpl.invoke(NativeMethodAccessorImpl.java:62)
	at java.base/jdk.internal.reflect.DelegatingMethodAccessorImpl.invoke(DelegatingMethodAccessorImpl.java:43)
	at java.base/java.lang.reflect.Method.invoke(Method.java:564)
	at org.testng.internal.MethodInvocationHelper.invokeMethod(MethodInvocationHelper.java:124)
	at org.testng.internal.MethodInvocationHelper.invokeMethodConsideringTimeout(MethodInvocationHelper.java:59)
	at org.testng.internal.Invoker.invokeConfigurationMethod(Invoker.java:458)
	at org.testng.internal.Invoker.invokeConfigurations(Invoker.java:222)
	at org.testng.internal.Invoker.invokeMethod(Invoker.java:646)
	at org.testng.internal.Invoker.invokeTestMethod(Invoker.java:719)
	at org.testng.internal.Invoker.invokeTestMethods(Invoker.java:989)
	at org.testng.internal.TestMethodWorker.invokeTestMethods(TestMethodWorker.java:125)
	at org.testng.internal.TestMethodWorker.run(TestMethodWorker.java:109)
	at org.testng.TestRunner.privateRun(TestRunner.java:648)
	at org.testng.TestRunner.run(TestRunner.java:505)
	at org.testng.SuiteRunner.runTest(SuiteRunner.java:455)
	at org.testng.SuiteRunner.runSequentially(SuiteRunner.java:450)
	at org.testng.SuiteRunner.privateRun(SuiteRunner.java:415)
	at org.testng.SuiteRunner.run(SuiteRunner.java:364)
	at org.testng.SuiteRunnerWorker.runSuite(SuiteRunnerWorker.java:52)
	at org.testng.SuiteRunnerWorker.run(SuiteRunnerWorker.java:84)
	at org.testng.TestNG.runSuitesSequentially(TestNG.java:1208)
	at org.testng.TestNG.runSuitesLocally(TestNG.java:1137)
	at org.testng.TestNG.runSuites(TestNG.java:1049)
	at org.testng.TestNG.run(TestNG.java:1017)
	at org.apache.maven.surefire.testng.TestNGExecutor.run(TestNGExecutor.java:135)
	at org.apache.maven.surefire.testng.TestNGDirectoryTestSuite.executeMulti(TestNGDirectoryTestSuite.java:193)
	at org.apache.maven.surefire.testng.TestNGDirectoryTestSuite.execute(TestNGDirectoryTestSuite.java:94)
	at org.apache.maven.surefire.testng.TestNGProvider.invoke(TestNGProvider.java:146)
	at org.apache.maven.surefire.booter.ForkedBooter.invokeProviderInSameClassLoader(ForkedBooter.java:383)
	at org.apache.maven.surefire.booter.ForkedBooter.runSuitesInProcess(ForkedBooter.java:344)
	at org.apache.maven.surefire.booter.ForkedBooter.execute(ForkedBooter.java:125)
	at org.apache.maven.surefire.booter.ForkedBooter.main(ForkedBooter.java:417)
2018-07-05 16:22:28 INFO  Annotations:54 - Test has finished
2018-07-05 16:22:31 INFO  Annotations:36 - The test started
2018-07-05 16:22:35 INFO  FiltersTest:53 - TC checkboxes in extended search started
2018-07-05 16:22:37 INFO  Utils:20 - Scroll to element
2018-07-05 16:22:37 INFO  ExtendedSearchPage:32 - Click on Sedan checkbox was perfomed
2018-07-05 16:22:37 INFO  ExtendedSearchPage:34 - Click on England checkbox was perfomed
2018-07-05 16:22:42 INFO  Utils:26 - Wait for element to be visible
2018-07-05 16:22:42 INFO  Utils:26 - Wait for element to be visible
2018-07-05 16:22:45 INFO  Annotations:54 - Test has finished
2018-07-05 16:22:48 INFO  Annotations:36 - The test started
2018-07-05 16:22:52 INFO  FiltersTest:83 - TC Invalid data for price field started
2018-07-05 16:22:52 INFO  MainPage:110 - Data to price field was inputted
2018-07-05 16:22:52 INFO  MainPage:112 - Data to price field was inputted
2018-07-05 16:22:52 INFO  Utils:26 - Wait for element to be visible
2018-07-05 16:22:52 INFO  MainPage:103 - Click on search button was perfomed
2018-07-05 16:22:58 INFO  Utils:20 - Scroll to element
2018-07-05 16:22:59 INFO  FiltersTest:89 - Assertation passed
2018-07-05 16:23:01 INFO  Annotations:54 - Test has finished
2018-07-05 16:23:04 INFO  Annotations:36 - The test started
2018-07-05 16:23:09 INFO  FiltersTest:67 - TC price field started
2018-07-05 16:23:09 INFO  MainPage:110 - Data to price field was inputted
2018-07-05 16:23:10 INFO  MainPage:112 - Data to price field was inputted
2018-07-05 16:23:10 INFO  Utils:26 - Wait for element to be visible
2018-07-05 16:23:10 INFO  MainPage:103 - Click on search button was perfomed
2018-07-05 16:23:13 INFO  Utils:20 - Scroll to element
2018-07-05 16:23:13 INFO  FiltersTest:75 - Assertation passed
2018-07-05 16:23:16 INFO  Annotations:54 - Test has finished
2018-07-05 16:23:19 INFO  Annotations:36 - The test started
2018-07-05 16:23:23 INFO  FiltersTest:34 - TC Used cars filters started
2018-07-05 16:23:23 INFO  Utils:26 - Wait for element to be visible
2018-07-05 16:23:23 INFO  MainPage:48 - Click on car brand dropdown
2018-07-05 16:23:23 INFO  MainPage:50 - input data to car brand dropdown
2018-07-05 16:23:23 INFO  MainPage:52 - car brand was chosen
2018-07-05 16:23:24 INFO  MainPage:60 - Car model was chosen
2018-07-05 16:23:24 INFO  MainPage:68 - Region was chosen
2018-07-05 16:23:24 INFO  MainPage:74 - Year from dropdown was found
2018-07-05 16:23:24 INFO  MainPage:76 - Year to dropdown was found
2018-07-05 16:23:24 INFO  MainPage:78 - Year from was selected
2018-07-05 16:23:25 INFO  MainPage:80 - Year to was selected
2018-07-05 16:23:25 INFO  MainPage:110 - Data to price field was inputted
2018-07-05 16:23:25 INFO  MainPage:112 - Data to price field was inputted
2018-07-05 16:23:25 INFO  Utils:26 - Wait for element to be visible
2018-07-05 16:23:25 INFO  MainPage:103 - Click on search button was perfomed
2018-07-05 16:23:32 INFO  Annotations:54 - Test has finished
2018-07-05 16:23:36 INFO  Annotations:36 - The test started
2018-07-05 16:23:48 INFO  MainPage:118 - Click on login button was perfomed
2018-07-05 16:24:09 INFO  LoginPage:28 - Data to e-mail field was inputted
2018-07-05 16:24:09 INFO  LoginPage:30 - Data to password field was inputted
2018-07-05 16:24:09 INFO  LoginPage:49 - Click on login button was perfomed
2018-07-05 16:24:29 ERROR LoginTest:28 - Captcha appeared
2018-07-05 16:24:29 ERROR Annotations:50 - Screenshot can not ber created
org.apache.commons.io.FileExistsException: Destination 'screenshot\file.png' already exists
	at org.apache.commons.io.FileUtils.moveFile(FileUtils.java:2986)
	at utils.Annotations.close(Annotations.java:48)
	at java.base/jdk.internal.reflect.NativeMethodAccessorImpl.invoke0(Native Method)
	at java.base/jdk.internal.reflect.NativeMethodAccessorImpl.invoke(NativeMethodAccessorImpl.java:62)
	at java.base/jdk.internal.reflect.DelegatingMethodAccessorImpl.invoke(DelegatingMethodAccessorImpl.java:43)
	at java.base/java.lang.reflect.Method.invoke(Method.java:564)
	at org.testng.internal.MethodInvocationHelper.invokeMethod(MethodInvocationHelper.java:124)
	at org.testng.internal.MethodInvocationHelper.invokeMethodConsideringTimeout(MethodInvocationHelper.java:59)
	at org.testng.internal.Invoker.invokeConfigurationMethod(Invoker.java:458)
	at org.testng.internal.Invoker.invokeConfigurations(Invoker.java:222)
	at org.testng.internal.Invoker.invokeMethod(Invoker.java:646)
	at org.testng.internal.Invoker.invokeTestMethod(Invoker.java:719)
	at org.testng.internal.Invoker.invokeTestMethods(Invoker.java:989)
	at org.testng.internal.TestMethodWorker.invokeTestMethods(TestMethodWorker.java:125)
	at org.testng.internal.TestMethodWorker.run(TestMethodWorker.java:109)
	at org.testng.TestRunner.privateRun(TestRunner.java:648)
	at org.testng.TestRunner.run(TestRunner.java:505)
	at org.testng.SuiteRunner.runTest(SuiteRunner.java:455)
	at org.testng.SuiteRunner.runSequentially(SuiteRunner.java:450)
	at org.testng.SuiteRunner.privateRun(SuiteRunner.java:415)
	at org.testng.SuiteRunner.run(SuiteRunner.java:364)
	at org.testng.SuiteRunnerWorker.runSuite(SuiteRunnerWorker.java:52)
	at org.testng.SuiteRunnerWorker.run(SuiteRunnerWorker.java:84)
	at org.testng.TestNG.runSuitesSequentially(TestNG.java:1208)
	at org.testng.TestNG.runSuitesLocally(TestNG.java:1137)
	at org.testng.TestNG.runSuites(TestNG.java:1049)
	at org.testng.TestNG.run(TestNG.java:1017)
	at org.apache.maven.surefire.testng.TestNGExecutor.run(TestNGExecutor.java:135)
	at org.apache.maven.surefire.testng.TestNGDirectoryTestSuite.executeMulti(TestNGDirectoryTestSuite.java:193)
	at org.apache.maven.surefire.testng.TestNGDirectoryTestSuite.execute(TestNGDirectoryTestSuite.java:94)
	at org.apache.maven.surefire.testng.TestNGProvider.invoke(TestNGProvider.java:146)
	at org.apache.maven.surefire.booter.ForkedBooter.invokeProviderInSameClassLoader(ForkedBooter.java:383)
	at org.apache.maven.surefire.booter.ForkedBooter.runSuitesInProcess(ForkedBooter.java:344)
	at org.apache.maven.surefire.booter.ForkedBooter.execute(ForkedBooter.java:125)
	at org.apache.maven.surefire.booter.ForkedBooter.main(ForkedBooter.java:417)
2018-07-05 16:24:29 INFO  Annotations:54 - Test has finished
2018-07-05 16:24:33 INFO  Annotations:36 - The test started
2018-07-05 16:24:38 INFO  MainPage:118 - Click on login button was perfomed
2018-07-05 16:24:58 INFO  LoginPage:43 - Switched to login frame
2018-07-05 16:24:59 INFO  LoginPage:36 - Click on facebook login button was perfomed
2018-07-05 16:25:01 INFO  LoginPage:67 - Data to e-mail field was inputted
2018-07-05 16:25:01 INFO  LoginPage:69 - Data to password field was inputted
2018-07-05 16:25:04 INFO  LoginPage:71 - Click on Facebook login button was perfomed
2018-07-05 16:25:24 INFO  LoginPage:43 - Switched to login frame
2018-07-05 16:25:27 INFO  Annotations:54 - Test has finished
2018-07-05 17:01:14 INFO  FiltersTest:83 - TC Invalid data for price field started
2018-07-05 17:01:15 INFO  MainPage:110 - Data to price field was inputted
2018-07-05 17:01:15 INFO  MainPage:112 - Data to price field was inputted
2018-07-05 17:01:15 INFO  Utils:26 - Wait for element to be visible
2018-07-05 17:01:15 INFO  MainPage:103 - Click on search button was perfomed
2018-07-05 17:01:21 INFO  Utils:20 - Scroll to element
2018-07-05 17:01:21 INFO  FiltersTest:89 - Assertation passed
2018-07-05 17:01:23 INFO  Annotations:50 - Test has finished
2018-07-05 17:10:36 INFO  FiltersTest:95 - TC check links started
2018-07-05 17:10:59 INFO  MainPage:124 - Click on New Cars Link was perfomed
2018-07-05 17:11:00 INFO  Utils:20 - Scroll to element
2018-07-05 17:11:05 INFO  NewCarsPage:27 - Click on car link was perfomed
2018-07-05 17:11:10 INFO  NewCarsPage:35 - Click on golf link on Volkswagen page was perfomed
2018-07-05 17:11:16 INFO  NewCarsPage:42 - Click on first image on Golf page was perfomed
2018-07-05 17:11:18 INFO  Annotations:49 - Test has finished
2018-07-05 17:11:26 INFO  FiltersTest:21 - TC check of new Cars Filters started
2018-07-05 17:11:26 INFO  MainPage:87 - New cars radio button was clicked
2018-07-05 17:11:46 ERROR Annotations:45 - Screenshot can not ber created
org.apache.commons.io.FileExistsException: Destination 'screenshot\file.png' already exists
	at org.apache.commons.io.FileUtils.moveFile(FileUtils.java:2986)
	at utils.Annotations.close(Annotations.java:43)
	at java.base/jdk.internal.reflect.NativeMethodAccessorImpl.invoke0(Native Method)
	at java.base/jdk.internal.reflect.NativeMethodAccessorImpl.invoke(NativeMethodAccessorImpl.java:62)
	at java.base/jdk.internal.reflect.DelegatingMethodAccessorImpl.invoke(DelegatingMethodAccessorImpl.java:43)
	at java.base/java.lang.reflect.Method.invoke(Method.java:564)
	at org.testng.internal.MethodInvocationHelper.invokeMethod(MethodInvocationHelper.java:124)
	at org.testng.internal.MethodInvocationHelper.invokeMethodConsideringTimeout(MethodInvocationHelper.java:59)
	at org.testng.internal.Invoker.invokeConfigurationMethod(Invoker.java:458)
	at org.testng.internal.Invoker.invokeConfigurations(Invoker.java:222)
	at org.testng.internal.Invoker.invokeMethod(Invoker.java:646)
	at org.testng.internal.Invoker.invokeTestMethod(Invoker.java:719)
	at org.testng.internal.Invoker.invokeTestMethods(Invoker.java:989)
	at org.testng.internal.TestMethodWorker.invokeTestMethods(TestMethodWorker.java:125)
	at org.testng.internal.TestMethodWorker.run(TestMethodWorker.java:109)
	at org.testng.TestRunner.privateRun(TestRunner.java:648)
	at org.testng.TestRunner.run(TestRunner.java:505)
	at org.testng.SuiteRunner.runTest(SuiteRunner.java:455)
	at org.testng.SuiteRunner.runSequentially(SuiteRunner.java:450)
	at org.testng.SuiteRunner.privateRun(SuiteRunner.java:415)
	at org.testng.SuiteRunner.run(SuiteRunner.java:364)
	at org.testng.SuiteRunnerWorker.runSuite(SuiteRunnerWorker.java:52)
	at org.testng.SuiteRunnerWorker.run(SuiteRunnerWorker.java:84)
	at org.testng.TestNG.runSuitesSequentially(TestNG.java:1208)
	at org.testng.TestNG.runSuitesLocally(TestNG.java:1137)
	at org.testng.TestNG.runSuites(TestNG.java:1049)
	at org.testng.TestNG.run(TestNG.java:1017)
	at org.apache.maven.surefire.testng.TestNGExecutor.run(TestNGExecutor.java:135)
	at org.apache.maven.surefire.testng.TestNGDirectoryTestSuite.executeMulti(TestNGDirectoryTestSuite.java:193)
	at org.apache.maven.surefire.testng.TestNGDirectoryTestSuite.execute(TestNGDirectoryTestSuite.java:94)
	at org.apache.maven.surefire.testng.TestNGProvider.invoke(TestNGProvider.java:146)
	at org.apache.maven.surefire.booter.ForkedBooter.invokeProviderInSameClassLoader(ForkedBooter.java:383)
	at org.apache.maven.surefire.booter.ForkedBooter.runSuitesInProcess(ForkedBooter.java:344)
	at org.apache.maven.surefire.booter.ForkedBooter.execute(ForkedBooter.java:125)
	at org.apache.maven.surefire.booter.ForkedBooter.main(ForkedBooter.java:417)
2018-07-05 17:11:49 INFO  Annotations:49 - Test has finished
2018-07-05 17:11:54 INFO  FiltersTest:53 - TC checkboxes in extended search started
2018-07-05 17:12:00 INFO  Utils:20 - Scroll to element
2018-07-05 17:12:00 INFO  ExtendedSearchPage:32 - Click on Sedan checkbox was perfomed
2018-07-05 17:12:01 INFO  ExtendedSearchPage:34 - Click on England checkbox was perfomed
2018-07-05 17:12:06 INFO  Utils:26 - Wait for element to be visible
2018-07-05 17:12:06 INFO  Utils:26 - Wait for element to be visible
2018-07-05 17:12:08 INFO  Annotations:49 - Test has finished
2018-07-05 17:12:16 INFO  FiltersTest:83 - TC Invalid data for price field started
2018-07-05 17:12:16 INFO  MainPage:110 - Data to price field was inputted
2018-07-05 17:12:16 INFO  MainPage:112 - Data to price field was inputted
2018-07-05 17:12:16 INFO  Utils:26 - Wait for element to be visible
2018-07-05 17:12:16 INFO  MainPage:103 - Click on search button was perfomed
2018-07-05 17:12:20 INFO  Utils:20 - Scroll to element
2018-07-05 17:12:21 INFO  FiltersTest:89 - Assertation passed
2018-07-05 17:12:23 INFO  Annotations:49 - Test has finished
2018-07-05 17:12:30 INFO  FiltersTest:67 - TC price field started
2018-07-05 17:12:30 INFO  MainPage:110 - Data to price field was inputted
2018-07-05 17:12:31 INFO  MainPage:112 - Data to price field was inputted
2018-07-05 17:12:31 INFO  Utils:26 - Wait for element to be visible
2018-07-05 17:12:31 INFO  MainPage:103 - Click on search button was perfomed
2018-07-05 17:12:35 INFO  Utils:20 - Scroll to element
2018-07-05 17:12:35 INFO  FiltersTest:75 - Assertation passed
2018-07-05 17:12:37 INFO  Annotations:49 - Test has finished
2018-07-05 17:12:43 INFO  FiltersTest:34 - TC Used cars filters started
2018-07-05 17:12:44 INFO  Utils:26 - Wait for element to be visible
2018-07-05 17:12:44 INFO  MainPage:48 - Click on car brand dropdown
2018-07-05 17:12:44 INFO  MainPage:50 - input data to car brand dropdown
2018-07-05 17:12:44 INFO  MainPage:52 - car brand was chosen
2018-07-05 17:12:44 INFO  MainPage:60 - Car model was chosen
2018-07-05 17:12:45 INFO  MainPage:68 - Region was chosen
2018-07-05 17:12:45 INFO  MainPage:74 - Year from dropdown was found
2018-07-05 17:12:45 INFO  MainPage:76 - Year to dropdown was found
2018-07-05 17:12:45 INFO  MainPage:78 - Year from was selected
2018-07-05 17:12:45 INFO  MainPage:80 - Year to was selected
2018-07-05 17:12:45 INFO  MainPage:110 - Data to price field was inputted
2018-07-05 17:12:45 INFO  MainPage:112 - Data to price field was inputted
2018-07-05 17:12:45 INFO  Utils:26 - Wait for element to be visible
2018-07-05 17:12:45 INFO  MainPage:103 - Click on search button was perfomed
2018-07-05 17:12:51 INFO  Annotations:49 - Test has finished
2018-07-05 17:13:03 INFO  MainPage:118 - Click on login button was perfomed
2018-07-05 17:13:23 INFO  LoginPage:28 - Data to e-mail field was inputted
2018-07-05 17:13:23 INFO  LoginPage:30 - Data to password field was inputted
2018-07-05 17:13:23 INFO  LoginPage:49 - Click on login button was perfomed
2018-07-05 17:13:43 ERROR LoginTest:28 - Captcha appeared
2018-07-05 17:13:44 ERROR Annotations:45 - Screenshot can not ber created
org.apache.commons.io.FileExistsException: Destination 'screenshot\file.png' already exists
	at org.apache.commons.io.FileUtils.moveFile(FileUtils.java:2986)
	at utils.Annotations.close(Annotations.java:43)
	at java.base/jdk.internal.reflect.NativeMethodAccessorImpl.invoke0(Native Method)
	at java.base/jdk.internal.reflect.NativeMethodAccessorImpl.invoke(NativeMethodAccessorImpl.java:62)
	at java.base/jdk.internal.reflect.DelegatingMethodAccessorImpl.invoke(DelegatingMethodAccessorImpl.java:43)
	at java.base/java.lang.reflect.Method.invoke(Method.java:564)
	at org.testng.internal.MethodInvocationHelper.invokeMethod(MethodInvocationHelper.java:124)
	at org.testng.internal.MethodInvocationHelper.invokeMethodConsideringTimeout(MethodInvocationHelper.java:59)
	at org.testng.internal.Invoker.invokeConfigurationMethod(Invoker.java:458)
	at org.testng.internal.Invoker.invokeConfigurations(Invoker.java:222)
	at org.testng.internal.Invoker.invokeMethod(Invoker.java:646)
	at org.testng.internal.Invoker.invokeTestMethod(Invoker.java:719)
	at org.testng.internal.Invoker.invokeTestMethods(Invoker.java:989)
	at org.testng.internal.TestMethodWorker.invokeTestMethods(TestMethodWorker.java:125)
	at org.testng.internal.TestMethodWorker.run(TestMethodWorker.java:109)
	at org.testng.TestRunner.privateRun(TestRunner.java:648)
	at org.testng.TestRunner.run(TestRunner.java:505)
	at org.testng.SuiteRunner.runTest(SuiteRunner.java:455)
	at org.testng.SuiteRunner.runSequentially(SuiteRunner.java:450)
	at org.testng.SuiteRunner.privateRun(SuiteRunner.java:415)
	at org.testng.SuiteRunner.run(SuiteRunner.java:364)
	at org.testng.SuiteRunnerWorker.runSuite(SuiteRunnerWorker.java:52)
	at org.testng.SuiteRunnerWorker.run(SuiteRunnerWorker.java:84)
	at org.testng.TestNG.runSuitesSequentially(TestNG.java:1208)
	at org.testng.TestNG.runSuitesLocally(TestNG.java:1137)
	at org.testng.TestNG.runSuites(TestNG.java:1049)
	at org.testng.TestNG.run(TestNG.java:1017)
	at org.apache.maven.surefire.testng.TestNGExecutor.run(TestNGExecutor.java:135)
	at org.apache.maven.surefire.testng.TestNGDirectoryTestSuite.executeMulti(TestNGDirectoryTestSuite.java:193)
	at org.apache.maven.surefire.testng.TestNGDirectoryTestSuite.execute(TestNGDirectoryTestSuite.java:94)
	at org.apache.maven.surefire.testng.TestNGProvider.invoke(TestNGProvider.java:146)
	at org.apache.maven.surefire.booter.ForkedBooter.invokeProviderInSameClassLoader(ForkedBooter.java:383)
	at org.apache.maven.surefire.booter.ForkedBooter.runSuitesInProcess(ForkedBooter.java:344)
	at org.apache.maven.surefire.booter.ForkedBooter.execute(ForkedBooter.java:125)
	at org.apache.maven.surefire.booter.ForkedBooter.main(ForkedBooter.java:417)
2018-07-05 17:13:46 INFO  Annotations:49 - Test has finished
2018-07-05 17:13:56 INFO  MainPage:118 - Click on login button was perfomed
2018-07-05 17:14:17 INFO  LoginPage:43 - Switched to login frame
2018-07-05 17:14:17 INFO  LoginPage:36 - Click on facebook login button was perfomed
2018-07-05 17:14:20 INFO  LoginPage:67 - Data to e-mail field was inputted
2018-07-05 17:14:20 INFO  LoginPage:69 - Data to password field was inputted
2018-07-05 17:14:22 INFO  LoginPage:71 - Click on Facebook login button was perfomed
2018-07-05 17:14:42 INFO  LoginPage:43 - Switched to login frame
2018-07-05 17:14:45 INFO  Annotations:49 - Test has finished
2018-07-05 17:31:56 INFO  FiltersTest:95 - TC check links started
2018-07-06 12:14:15 INFO  FiltersTest:36 - TC Used cars filters started
2018-07-06 12:14:15 INFO  Utils:26 - Wait for element to be visible
2018-07-06 12:14:16 INFO  MainPage:48 - Click on car brand dropdown
2018-07-06 12:14:16 INFO  MainPage:50 - input data to car brand dropdown
2018-07-06 12:14:16 INFO  MainPage:52 - car brand was chosen
2018-07-06 12:14:16 INFO  MainPage:60 - Car model was chosen
2018-07-06 12:14:16 INFO  MainPage:68 - Region was chosen
2018-07-06 12:14:16 INFO  MainPage:74 - Year from dropdown was found
2018-07-06 12:14:17 INFO  MainPage:76 - Year to dropdown was found
2018-07-06 12:14:17 INFO  MainPage:78 - Year from was selected
2018-07-06 12:14:17 INFO  MainPage:80 - Year to was selected
2018-07-06 12:14:17 INFO  MainPage:111 - Data to price field was inputted
2018-07-06 12:16:15 INFO  FiltersTest:36 - TC Used cars filters started
2018-07-06 12:16:16 INFO  Utils:26 - Wait for element to be visible
2018-07-06 12:16:16 INFO  MainPage:48 - Click on car brand dropdown
2018-07-06 12:16:16 INFO  MainPage:50 - input data to car brand dropdown
2018-07-06 12:16:16 INFO  MainPage:52 - car brand was chosen
2018-07-06 12:16:16 INFO  MainPage:60 - Car model was chosen
2018-07-06 12:16:17 INFO  MainPage:68 - Region was chosen
2018-07-06 12:16:17 INFO  MainPage:74 - Year from dropdown was found
2018-07-06 12:16:17 INFO  MainPage:76 - Year to dropdown was found
2018-07-06 12:16:17 INFO  MainPage:78 - Year from was selected
2018-07-06 12:16:17 INFO  MainPage:80 - Year to was selected
2018-07-06 12:16:17 INFO  MainPage:111 - Data to price field was inputted
2018-07-06 12:18:10 INFO  FiltersTest:36 - TC Used cars filters started
2018-07-06 12:18:11 INFO  Utils:26 - Wait for element to be visible
2018-07-06 12:18:11 INFO  MainPage:48 - Click on car brand dropdown
2018-07-06 12:18:11 INFO  MainPage:50 - input data to car brand dropdown
2018-07-06 12:18:11 INFO  MainPage:52 - car brand was chosen
2018-07-06 12:18:12 INFO  MainPage:60 - Car model was chosen
2018-07-06 12:18:12 INFO  MainPage:68 - Region was chosen
2018-07-06 12:18:12 INFO  MainPage:74 - Year from dropdown was found
2018-07-06 12:18:12 INFO  MainPage:76 - Year to dropdown was found
2018-07-06 12:18:12 INFO  MainPage:78 - Year from was selected
2018-07-06 12:18:12 INFO  MainPage:80 - Year to was selected
2018-07-06 12:18:12 INFO  MainPage:111 - Data to price field was inputted
2018-07-06 12:18:13 ERROR Annotations:47 - Screenshot can not ber created
org.apache.commons.io.FileExistsException: Destination 'screenshot\file.png' already exists
	at org.apache.commons.io.FileUtils.moveFile(FileUtils.java:2986)
	at utils.Annotations.close(Annotations.java:45)
	at java.base/jdk.internal.reflect.NativeMethodAccessorImpl.invoke0(Native Method)
	at java.base/jdk.internal.reflect.NativeMethodAccessorImpl.invoke(NativeMethodAccessorImpl.java:62)
	at java.base/jdk.internal.reflect.DelegatingMethodAccessorImpl.invoke(DelegatingMethodAccessorImpl.java:43)
	at java.base/java.lang.reflect.Method.invoke(Method.java:564)
	at org.testng.internal.MethodInvocationHelper.invokeMethod(MethodInvocationHelper.java:124)
	at org.testng.internal.MethodInvocationHelper.invokeMethodConsideringTimeout(MethodInvocationHelper.java:59)
	at org.testng.internal.Invoker.invokeConfigurationMethod(Invoker.java:458)
	at org.testng.internal.Invoker.invokeConfigurations(Invoker.java:222)
	at org.testng.internal.Invoker.invokeMethod(Invoker.java:646)
	at org.testng.internal.Invoker.invokeTestMethod(Invoker.java:719)
	at org.testng.internal.Invoker.invokeTestMethods(Invoker.java:989)
	at org.testng.internal.TestMethodWorker.invokeTestMethods(TestMethodWorker.java:125)
	at org.testng.internal.TestMethodWorker.run(TestMethodWorker.java:109)
	at org.testng.TestRunner.privateRun(TestRunner.java:648)
	at org.testng.TestRunner.run(TestRunner.java:505)
	at org.testng.SuiteRunner.runTest(SuiteRunner.java:455)
	at org.testng.SuiteRunner.runSequentially(SuiteRunner.java:450)
	at org.testng.SuiteRunner.privateRun(SuiteRunner.java:415)
	at org.testng.SuiteRunner.run(SuiteRunner.java:364)
	at org.testng.SuiteRunnerWorker.runSuite(SuiteRunnerWorker.java:52)
	at org.testng.SuiteRunnerWorker.run(SuiteRunnerWorker.java:84)
	at org.testng.TestNG.runSuitesSequentially(TestNG.java:1208)
	at org.testng.TestNG.runSuitesLocally(TestNG.java:1137)
	at org.testng.TestNG.runSuites(TestNG.java:1049)
	at org.testng.TestNG.run(TestNG.java:1017)
	at org.testng.IDEARemoteTestNG.run(IDEARemoteTestNG.java:72)
	at org.testng.RemoteTestNGStarter.main(RemoteTestNGStarter.java:123)
2018-07-06 12:18:15 INFO  Annotations:51 - Test has finished
2018-07-06 12:25:08 INFO  FiltersTest:36 - TC Used cars filters started
2018-07-06 12:25:08 INFO  Utils:26 - Wait for element to be visible
2018-07-06 12:25:09 INFO  MainPage:48 - Click on car brand dropdown
2018-07-06 12:25:09 INFO  MainPage:50 - input data to car brand dropdown
2018-07-06 12:25:09 INFO  MainPage:52 - car brand was chosen
2018-07-06 12:25:09 INFO  MainPage:60 - Car model was chosen
2018-07-06 12:25:10 INFO  MainPage:68 - Region was chosen
2018-07-06 12:25:10 INFO  MainPage:74 - Year from dropdown was found
2018-07-06 12:25:10 INFO  MainPage:76 - Year to dropdown was found
2018-07-06 12:25:10 INFO  MainPage:78 - Year from was selected
2018-07-06 12:25:10 INFO  MainPage:80 - Year to was selected
2018-07-06 12:25:10 INFO  MainPage:111 - Data to price field was inputted
2018-07-06 12:25:10 INFO  Utils:26 - Wait for element to be visible
2018-07-06 12:25:10 INFO  MainPage:103 - Click on search button was perfomed
2018-07-06 12:32:29 INFO  FiltersTest:23 - TC check of new Cars Filters started
2018-07-06 12:35:13 INFO  MainPage:123 - Click on login button was perfomed
2018-07-06 12:35:34 INFO  LoginPage:28 - Data to e-mail field was inputted
2018-07-06 12:35:34 INFO  LoginPage:30 - Data to password field was inputted
2018-07-06 12:35:35 ERROR Annotations:47 - Screenshot can not ber created
org.apache.commons.io.FileExistsException: Destination 'screenshot\file.png' already exists
	at org.apache.commons.io.FileUtils.moveFile(FileUtils.java:2986)
	at utils.Annotations.close(Annotations.java:45)
	at java.base/jdk.internal.reflect.NativeMethodAccessorImpl.invoke0(Native Method)
	at java.base/jdk.internal.reflect.NativeMethodAccessorImpl.invoke(NativeMethodAccessorImpl.java:62)
	at java.base/jdk.internal.reflect.DelegatingMethodAccessorImpl.invoke(DelegatingMethodAccessorImpl.java:43)
	at java.base/java.lang.reflect.Method.invoke(Method.java:564)
	at org.testng.internal.MethodInvocationHelper.invokeMethod(MethodInvocationHelper.java:124)
	at org.testng.internal.MethodInvocationHelper.invokeMethodConsideringTimeout(MethodInvocationHelper.java:59)
	at org.testng.internal.Invoker.invokeConfigurationMethod(Invoker.java:458)
	at org.testng.internal.Invoker.invokeConfigurations(Invoker.java:222)
	at org.testng.internal.Invoker.invokeMethod(Invoker.java:646)
	at org.testng.internal.Invoker.invokeTestMethod(Invoker.java:719)
	at org.testng.internal.Invoker.invokeTestMethods(Invoker.java:989)
	at org.testng.internal.TestMethodWorker.invokeTestMethods(TestMethodWorker.java:125)
	at org.testng.internal.TestMethodWorker.run(TestMethodWorker.java:109)
	at org.testng.TestRunner.privateRun(TestRunner.java:648)
	at org.testng.TestRunner.run(TestRunner.java:505)
	at org.testng.SuiteRunner.runTest(SuiteRunner.java:455)
	at org.testng.SuiteRunner.runSequentially(SuiteRunner.java:450)
	at org.testng.SuiteRunner.privateRun(SuiteRunner.java:415)
	at org.testng.SuiteRunner.run(SuiteRunner.java:364)
	at org.testng.SuiteRunnerWorker.runSuite(SuiteRunnerWorker.java:52)
	at org.testng.SuiteRunnerWorker.run(SuiteRunnerWorker.java:84)
	at org.testng.TestNG.runSuitesSequentially(TestNG.java:1208)
	at org.testng.TestNG.runSuitesLocally(TestNG.java:1137)
	at org.testng.TestNG.runSuites(TestNG.java:1049)
	at org.testng.TestNG.run(TestNG.java:1017)
	at org.testng.IDEARemoteTestNG.run(IDEARemoteTestNG.java:72)
	at org.testng.RemoteTestNGStarter.main(RemoteTestNGStarter.java:123)
2018-07-06 12:35:37 INFO  Annotations:51 - Test has finished
2018-07-06 12:36:27 INFO  MainPage:123 - Click on login button was perfomed
2018-07-06 12:36:48 INFO  LoginPage:28 - Data to e-mail field was inputted
2018-07-06 12:36:48 INFO  LoginPage:30 - Data to password field was inputted
2018-07-06 12:36:48 INFO  LoginPage:49 - Click on login button was perfomed
2018-07-06 12:36:52 ERROR LoginTest:28 - Captcha appeared
2018-07-06 12:39:22 INFO  FiltersTest:23 - TC check of new Cars Filters started
2018-07-06 12:45:39 INFO  FiltersTest:23 - TC check of new Cars Filters started
2018-07-06 12:46:00 ERROR Annotations:47 - Screenshot can not ber created
org.apache.commons.io.FileExistsException: Destination 'screenshot\file.png' already exists
	at org.apache.commons.io.FileUtils.moveFile(FileUtils.java:2986)
	at utils.Annotations.close(Annotations.java:45)
	at java.base/jdk.internal.reflect.NativeMethodAccessorImpl.invoke0(Native Method)
	at java.base/jdk.internal.reflect.NativeMethodAccessorImpl.invoke(NativeMethodAccessorImpl.java:62)
	at java.base/jdk.internal.reflect.DelegatingMethodAccessorImpl.invoke(DelegatingMethodAccessorImpl.java:43)
	at java.base/java.lang.reflect.Method.invoke(Method.java:564)
	at org.testng.internal.MethodInvocationHelper.invokeMethod(MethodInvocationHelper.java:124)
	at org.testng.internal.MethodInvocationHelper.invokeMethodConsideringTimeout(MethodInvocationHelper.java:59)
	at org.testng.internal.Invoker.invokeConfigurationMethod(Invoker.java:458)
	at org.testng.internal.Invoker.invokeConfigurations(Invoker.java:222)
	at org.testng.internal.Invoker.invokeMethod(Invoker.java:646)
	at org.testng.internal.Invoker.invokeTestMethod(Invoker.java:719)
	at org.testng.internal.Invoker.invokeTestMethods(Invoker.java:989)
	at org.testng.internal.TestMethodWorker.invokeTestMethods(TestMethodWorker.java:125)
	at org.testng.internal.TestMethodWorker.run(TestMethodWorker.java:109)
	at org.testng.TestRunner.privateRun(TestRunner.java:648)
	at org.testng.TestRunner.run(TestRunner.java:505)
	at org.testng.SuiteRunner.runTest(SuiteRunner.java:455)
	at org.testng.SuiteRunner.runSequentially(SuiteRunner.java:450)
	at org.testng.SuiteRunner.privateRun(SuiteRunner.java:415)
	at org.testng.SuiteRunner.run(SuiteRunner.java:364)
	at org.testng.SuiteRunnerWorker.runSuite(SuiteRunnerWorker.java:52)
	at org.testng.SuiteRunnerWorker.run(SuiteRunnerWorker.java:84)
	at org.testng.TestNG.runSuitesSequentially(TestNG.java:1208)
	at org.testng.TestNG.runSuitesLocally(TestNG.java:1137)
	at org.testng.TestNG.runSuites(TestNG.java:1049)
	at org.testng.TestNG.run(TestNG.java:1017)
	at org.testng.IDEARemoteTestNG.run(IDEARemoteTestNG.java:72)
	at org.testng.RemoteTestNGStarter.main(RemoteTestNGStarter.java:123)
2018-07-06 12:46:03 INFO  Annotations:51 - Test has finished
2018-07-06 12:55:28 INFO  FiltersTest:23 - TC check of new Cars Filters started
2018-07-06 12:55:49 ERROR Annotations:47 - Screenshot can not ber created
org.apache.commons.io.FileExistsException: Destination 'screenshot\file.png' already exists
	at org.apache.commons.io.FileUtils.moveFile(FileUtils.java:2986)
	at utils.Annotations.close(Annotations.java:45)
	at java.base/jdk.internal.reflect.NativeMethodAccessorImpl.invoke0(Native Method)
	at java.base/jdk.internal.reflect.NativeMethodAccessorImpl.invoke(NativeMethodAccessorImpl.java:62)
	at java.base/jdk.internal.reflect.DelegatingMethodAccessorImpl.invoke(DelegatingMethodAccessorImpl.java:43)
	at java.base/java.lang.reflect.Method.invoke(Method.java:564)
	at org.testng.internal.MethodInvocationHelper.invokeMethod(MethodInvocationHelper.java:124)
	at org.testng.internal.MethodInvocationHelper.invokeMethodConsideringTimeout(MethodInvocationHelper.java:59)
	at org.testng.internal.Invoker.invokeConfigurationMethod(Invoker.java:458)
	at org.testng.internal.Invoker.invokeConfigurations(Invoker.java:222)
	at org.testng.internal.Invoker.invokeMethod(Invoker.java:646)
	at org.testng.internal.Invoker.invokeTestMethod(Invoker.java:719)
	at org.testng.internal.Invoker.invokeTestMethods(Invoker.java:989)
	at org.testng.internal.TestMethodWorker.invokeTestMethods(TestMethodWorker.java:125)
	at org.testng.internal.TestMethodWorker.run(TestMethodWorker.java:109)
	at org.testng.TestRunner.privateRun(TestRunner.java:648)
	at org.testng.TestRunner.run(TestRunner.java:505)
	at org.testng.SuiteRunner.runTest(SuiteRunner.java:455)
	at org.testng.SuiteRunner.runSequentially(SuiteRunner.java:450)
	at org.testng.SuiteRunner.privateRun(SuiteRunner.java:415)
	at org.testng.SuiteRunner.run(SuiteRunner.java:364)
	at org.testng.SuiteRunnerWorker.runSuite(SuiteRunnerWorker.java:52)
	at org.testng.SuiteRunnerWorker.run(SuiteRunnerWorker.java:84)
	at org.testng.TestNG.runSuitesSequentially(TestNG.java:1208)
	at org.testng.TestNG.runSuitesLocally(TestNG.java:1137)
	at org.testng.TestNG.runSuites(TestNG.java:1049)
	at org.testng.TestNG.run(TestNG.java:1017)
	at org.testng.IDEARemoteTestNG.run(IDEARemoteTestNG.java:72)
	at org.testng.RemoteTestNGStarter.main(RemoteTestNGStarter.java:123)
2018-07-06 12:55:52 INFO  Annotations:51 - Test has finished
2018-07-06 13:00:01 INFO  FiltersTest:23 - TC check of new Cars Filters started
2018-07-06 13:00:22 ERROR Annotations:47 - Screenshot can not ber created
org.apache.commons.io.FileExistsException: Destination 'screenshot\file.png' already exists
	at org.apache.commons.io.FileUtils.moveFile(FileUtils.java:2986)
	at utils.Annotations.close(Annotations.java:45)
	at java.base/jdk.internal.reflect.NativeMethodAccessorImpl.invoke0(Native Method)
	at java.base/jdk.internal.reflect.NativeMethodAccessorImpl.invoke(NativeMethodAccessorImpl.java:62)
	at java.base/jdk.internal.reflect.DelegatingMethodAccessorImpl.invoke(DelegatingMethodAccessorImpl.java:43)
	at java.base/java.lang.reflect.Method.invoke(Method.java:564)
	at org.testng.internal.MethodInvocationHelper.invokeMethod(MethodInvocationHelper.java:124)
	at org.testng.internal.MethodInvocationHelper.invokeMethodConsideringTimeout(MethodInvocationHelper.java:59)
	at org.testng.internal.Invoker.invokeConfigurationMethod(Invoker.java:458)
	at org.testng.internal.Invoker.invokeConfigurations(Invoker.java:222)
	at org.testng.internal.Invoker.invokeMethod(Invoker.java:646)
	at org.testng.internal.Invoker.invokeTestMethod(Invoker.java:719)
	at org.testng.internal.Invoker.invokeTestMethods(Invoker.java:989)
	at org.testng.internal.TestMethodWorker.invokeTestMethods(TestMethodWorker.java:125)
	at org.testng.internal.TestMethodWorker.run(TestMethodWorker.java:109)
	at org.testng.TestRunner.privateRun(TestRunner.java:648)
	at org.testng.TestRunner.run(TestRunner.java:505)
	at org.testng.SuiteRunner.runTest(SuiteRunner.java:455)
	at org.testng.SuiteRunner.runSequentially(SuiteRunner.java:450)
	at org.testng.SuiteRunner.privateRun(SuiteRunner.java:415)
	at org.testng.SuiteRunner.run(SuiteRunner.java:364)
	at org.testng.SuiteRunnerWorker.runSuite(SuiteRunnerWorker.java:52)
	at org.testng.SuiteRunnerWorker.run(SuiteRunnerWorker.java:84)
	at org.testng.TestNG.runSuitesSequentially(TestNG.java:1208)
	at org.testng.TestNG.runSuitesLocally(TestNG.java:1137)
	at org.testng.TestNG.runSuites(TestNG.java:1049)
	at org.testng.TestNG.run(TestNG.java:1017)
	at org.testng.IDEARemoteTestNG.run(IDEARemoteTestNG.java:72)
	at org.testng.RemoteTestNGStarter.main(RemoteTestNGStarter.java:123)
2018-07-06 13:00:24 INFO  Annotations:51 - Test has finished
2018-07-06 13:03:14 INFO  FiltersTest:23 - TC check of new Cars Filters started
2018-07-06 13:03:14 INFO  MainPage:87 - New cars radio button was clicked
2018-07-06 14:02:55 ERROR Annotations:47 - Screenshot can not ber created
org.apache.commons.io.FileExistsException: Destination 'screenshot\file.png' already exists
	at org.apache.commons.io.FileUtils.moveFile(FileUtils.java:2986)
	at utils.Annotations.close(Annotations.java:45)
	at java.base/jdk.internal.reflect.NativeMethodAccessorImpl.invoke0(Native Method)
	at java.base/jdk.internal.reflect.NativeMethodAccessorImpl.invoke(NativeMethodAccessorImpl.java:62)
	at java.base/jdk.internal.reflect.DelegatingMethodAccessorImpl.invoke(DelegatingMethodAccessorImpl.java:43)
	at java.base/java.lang.reflect.Method.invoke(Method.java:564)
	at org.testng.internal.MethodInvocationHelper.invokeMethod(MethodInvocationHelper.java:124)
	at org.testng.internal.MethodInvocationHelper.invokeMethodConsideringTimeout(MethodInvocationHelper.java:59)
	at org.testng.internal.Invoker.invokeConfigurationMethod(Invoker.java:458)
	at org.testng.internal.Invoker.invokeConfigurations(Invoker.java:222)
	at org.testng.internal.Invoker.invokeMethod(Invoker.java:646)
	at org.testng.internal.Invoker.invokeTestMethod(Invoker.java:719)
	at org.testng.internal.Invoker.invokeTestMethods(Invoker.java:989)
	at org.testng.internal.TestMethodWorker.invokeTestMethods(TestMethodWorker.java:125)
	at org.testng.internal.TestMethodWorker.run(TestMethodWorker.java:109)
	at org.testng.TestRunner.privateRun(TestRunner.java:648)
	at org.testng.TestRunner.run(TestRunner.java:505)
	at org.testng.SuiteRunner.runTest(SuiteRunner.java:455)
	at org.testng.SuiteRunner.runSequentially(SuiteRunner.java:450)
	at org.testng.SuiteRunner.privateRun(SuiteRunner.java:415)
	at org.testng.SuiteRunner.run(SuiteRunner.java:364)
	at org.testng.SuiteRunnerWorker.runSuite(SuiteRunnerWorker.java:52)
	at org.testng.SuiteRunnerWorker.run(SuiteRunnerWorker.java:84)
	at org.testng.TestNG.runSuitesSequentially(TestNG.java:1208)
	at org.testng.TestNG.runSuitesLocally(TestNG.java:1137)
	at org.testng.TestNG.runSuites(TestNG.java:1049)
	at org.testng.TestNG.run(TestNG.java:1017)
	at org.testng.IDEARemoteTestNG.run(IDEARemoteTestNG.java:72)
	at org.testng.RemoteTestNGStarter.main(RemoteTestNGStarter.java:123)
2018-07-06 14:02:57 INFO  Annotations:51 - Test has finished
2018-07-06 14:04:36 ERROR Annotations:47 - Screenshot can not ber created
org.apache.commons.io.FileExistsException: Destination 'screenshot\file.png' already exists
	at org.apache.commons.io.FileUtils.moveFile(FileUtils.java:2986)
	at utils.Annotations.close(Annotations.java:45)
	at java.base/jdk.internal.reflect.NativeMethodAccessorImpl.invoke0(Native Method)
	at java.base/jdk.internal.reflect.NativeMethodAccessorImpl.invoke(NativeMethodAccessorImpl.java:62)
	at java.base/jdk.internal.reflect.DelegatingMethodAccessorImpl.invoke(DelegatingMethodAccessorImpl.java:43)
	at java.base/java.lang.reflect.Method.invoke(Method.java:564)
	at org.testng.internal.MethodInvocationHelper.invokeMethod(MethodInvocationHelper.java:124)
	at org.testng.internal.MethodInvocationHelper.invokeMethodConsideringTimeout(MethodInvocationHelper.java:59)
	at org.testng.internal.Invoker.invokeConfigurationMethod(Invoker.java:458)
	at org.testng.internal.Invoker.invokeConfigurations(Invoker.java:222)
	at org.testng.internal.Invoker.invokeMethod(Invoker.java:646)
	at org.testng.internal.Invoker.invokeTestMethod(Invoker.java:719)
	at org.testng.internal.Invoker.invokeTestMethods(Invoker.java:989)
	at org.testng.internal.TestMethodWorker.invokeTestMethods(TestMethodWorker.java:125)
	at org.testng.internal.TestMethodWorker.run(TestMethodWorker.java:109)
	at org.testng.TestRunner.privateRun(TestRunner.java:648)
	at org.testng.TestRunner.run(TestRunner.java:505)
	at org.testng.SuiteRunner.runTest(SuiteRunner.java:455)
	at org.testng.SuiteRunner.runSequentially(SuiteRunner.java:450)
	at org.testng.SuiteRunner.privateRun(SuiteRunner.java:415)
	at org.testng.SuiteRunner.run(SuiteRunner.java:364)
	at org.testng.SuiteRunnerWorker.runSuite(SuiteRunnerWorker.java:52)
	at org.testng.SuiteRunnerWorker.run(SuiteRunnerWorker.java:84)
	at org.testng.TestNG.runSuitesSequentially(TestNG.java:1208)
	at org.testng.TestNG.runSuitesLocally(TestNG.java:1137)
	at org.testng.TestNG.runSuites(TestNG.java:1049)
	at org.testng.TestNG.run(TestNG.java:1017)
	at org.testng.IDEARemoteTestNG.run(IDEARemoteTestNG.java:72)
	at org.testng.RemoteTestNGStarter.main(RemoteTestNGStarter.java:123)
2018-07-06 14:04:38 INFO  Annotations:51 - Test has finished
2018-07-06 14:07:20 ERROR Annotations:47 - Screenshot can not ber created
org.apache.commons.io.FileExistsException: Destination 'screenshot\file.png' already exists
	at org.apache.commons.io.FileUtils.moveFile(FileUtils.java:2986)
	at utils.Annotations.close(Annotations.java:45)
	at java.base/jdk.internal.reflect.NativeMethodAccessorImpl.invoke0(Native Method)
	at java.base/jdk.internal.reflect.NativeMethodAccessorImpl.invoke(NativeMethodAccessorImpl.java:62)
	at java.base/jdk.internal.reflect.DelegatingMethodAccessorImpl.invoke(DelegatingMethodAccessorImpl.java:43)
	at java.base/java.lang.reflect.Method.invoke(Method.java:564)
	at org.testng.internal.MethodInvocationHelper.invokeMethod(MethodInvocationHelper.java:124)
	at org.testng.internal.MethodInvocationHelper.invokeMethodConsideringTimeout(MethodInvocationHelper.java:59)
	at org.testng.internal.Invoker.invokeConfigurationMethod(Invoker.java:458)
	at org.testng.internal.Invoker.invokeConfigurations(Invoker.java:222)
	at org.testng.internal.Invoker.invokeMethod(Invoker.java:646)
	at org.testng.internal.Invoker.invokeTestMethod(Invoker.java:719)
	at org.testng.internal.Invoker.invokeTestMethods(Invoker.java:989)
	at org.testng.internal.TestMethodWorker.invokeTestMethods(TestMethodWorker.java:125)
	at org.testng.internal.TestMethodWorker.run(TestMethodWorker.java:109)
	at org.testng.TestRunner.privateRun(TestRunner.java:648)
	at org.testng.TestRunner.run(TestRunner.java:505)
	at org.testng.SuiteRunner.runTest(SuiteRunner.java:455)
	at org.testng.SuiteRunner.runSequentially(SuiteRunner.java:450)
	at org.testng.SuiteRunner.privateRun(SuiteRunner.java:415)
	at org.testng.SuiteRunner.run(SuiteRunner.java:364)
	at org.testng.SuiteRunnerWorker.runSuite(SuiteRunnerWorker.java:52)
	at org.testng.SuiteRunnerWorker.run(SuiteRunnerWorker.java:84)
	at org.testng.TestNG.runSuitesSequentially(TestNG.java:1208)
	at org.testng.TestNG.runSuitesLocally(TestNG.java:1137)
	at org.testng.TestNG.runSuites(TestNG.java:1049)
	at org.testng.TestNG.run(TestNG.java:1017)
	at org.testng.IDEARemoteTestNG.run(IDEARemoteTestNG.java:72)
	at org.testng.RemoteTestNGStarter.main(RemoteTestNGStarter.java:123)
2018-07-06 14:07:23 INFO  Annotations:51 - Test has finished
2018-07-06 14:32:31 INFO  FiltersTest:55 - TC checkboxes in extended search started
2018-07-06 14:32:33 INFO  Utils:20 - Scroll to element
2018-07-06 14:32:33 INFO  ExtendedSearchPage:32 - Click on Sedan checkbox was perfomed
2018-07-06 14:32:54 ERROR Annotations:47 - Screenshot can not ber created
org.apache.commons.io.FileExistsException: Destination 'screenshot\file.png' already exists
	at org.apache.commons.io.FileUtils.moveFile(FileUtils.java:2986)
	at utils.Annotations.close(Annotations.java:45)
	at java.base/jdk.internal.reflect.NativeMethodAccessorImpl.invoke0(Native Method)
	at java.base/jdk.internal.reflect.NativeMethodAccessorImpl.invoke(NativeMethodAccessorImpl.java:62)
	at java.base/jdk.internal.reflect.DelegatingMethodAccessorImpl.invoke(DelegatingMethodAccessorImpl.java:43)
	at java.base/java.lang.reflect.Method.invoke(Method.java:564)
	at org.testng.internal.MethodInvocationHelper.invokeMethod(MethodInvocationHelper.java:124)
	at org.testng.internal.MethodInvocationHelper.invokeMethodConsideringTimeout(MethodInvocationHelper.java:59)
	at org.testng.internal.Invoker.invokeConfigurationMethod(Invoker.java:458)
	at org.testng.internal.Invoker.invokeConfigurations(Invoker.java:222)
	at org.testng.internal.Invoker.invokeMethod(Invoker.java:646)
	at org.testng.internal.Invoker.invokeTestMethod(Invoker.java:719)
	at org.testng.internal.Invoker.invokeTestMethods(Invoker.java:989)
	at org.testng.internal.TestMethodWorker.invokeTestMethods(TestMethodWorker.java:125)
	at org.testng.internal.TestMethodWorker.run(TestMethodWorker.java:109)
	at org.testng.TestRunner.privateRun(TestRunner.java:648)
	at org.testng.TestRunner.run(TestRunner.java:505)
	at org.testng.SuiteRunner.runTest(SuiteRunner.java:455)
	at org.testng.SuiteRunner.runSequentially(SuiteRunner.java:450)
	at org.testng.SuiteRunner.privateRun(SuiteRunner.java:415)
	at org.testng.SuiteRunner.run(SuiteRunner.java:364)
	at org.testng.SuiteRunnerWorker.runSuite(SuiteRunnerWorker.java:52)
	at org.testng.SuiteRunnerWorker.run(SuiteRunnerWorker.java:84)
	at org.testng.TestNG.runSuitesSequentially(TestNG.java:1208)
	at org.testng.TestNG.runSuitesLocally(TestNG.java:1137)
	at org.testng.TestNG.runSuites(TestNG.java:1049)
	at org.testng.TestNG.run(TestNG.java:1017)
	at org.testng.IDEARemoteTestNG.run(IDEARemoteTestNG.java:72)
	at org.testng.RemoteTestNGStarter.main(RemoteTestNGStarter.java:123)
2018-07-06 14:32:56 INFO  Annotations:51 - Test has finished
2018-07-06 14:34:56 INFO  FiltersTest:55 - TC checkboxes in extended search started
2018-07-06 14:34:58 INFO  Utils:20 - Scroll to element
2018-07-06 14:34:58 INFO  ExtendedSearchPage:32 - Click on Sedan checkbox was perfomed
2018-07-06 15:11:32 INFO  FiltersTest:98 - TC check links started
2018-07-06 15:11:35 INFO  MainPage:129 - Click on New Cars Link was perfomed
2018-07-06 15:11:36 INFO  Utils:20 - Scroll to element
2018-07-06 15:11:38 INFO  NewCarsPage:27 - Click on car link was perfomed
2018-07-06 15:11:42 INFO  NewCarsPage:35 - Click on golf link on Volkswagen page was perfomed
2018-07-06 15:11:46 INFO  NewCarsPage:42 - Click on first image on Golf page was perfomed
2018-07-06 15:11:48 INFO  Annotations:51 - Test has finished
2018-07-06 15:11:53 INFO  FiltersTest:23 - TC check of new Cars Filters started
2018-07-06 15:11:53 INFO  MainPage:87 - New cars radio button was clicked
2018-07-06 15:12:14 ERROR Annotations:47 - Screenshot can not ber created
org.apache.commons.io.FileExistsException: Destination 'screenshot\file.png' already exists
	at org.apache.commons.io.FileUtils.moveFile(FileUtils.java:2986)
	at utils.Annotations.close(Annotations.java:45)
	at java.base/jdk.internal.reflect.NativeMethodAccessorImpl.invoke0(Native Method)
	at java.base/jdk.internal.reflect.NativeMethodAccessorImpl.invoke(NativeMethodAccessorImpl.java:62)
	at java.base/jdk.internal.reflect.DelegatingMethodAccessorImpl.invoke(DelegatingMethodAccessorImpl.java:43)
	at java.base/java.lang.reflect.Method.invoke(Method.java:564)
	at org.testng.internal.MethodInvocationHelper.invokeMethod(MethodInvocationHelper.java:124)
	at org.testng.internal.MethodInvocationHelper.invokeMethodConsideringTimeout(MethodInvocationHelper.java:59)
	at org.testng.internal.Invoker.invokeConfigurationMethod(Invoker.java:458)
	at org.testng.internal.Invoker.invokeConfigurations(Invoker.java:222)
	at org.testng.internal.Invoker.invokeMethod(Invoker.java:646)
	at org.testng.internal.Invoker.invokeTestMethod(Invoker.java:719)
	at org.testng.internal.Invoker.invokeTestMethods(Invoker.java:989)
	at org.testng.internal.TestMethodWorker.invokeTestMethods(TestMethodWorker.java:125)
	at org.testng.internal.TestMethodWorker.run(TestMethodWorker.java:109)
	at org.testng.TestRunner.privateRun(TestRunner.java:648)
	at org.testng.TestRunner.run(TestRunner.java:505)
	at org.testng.SuiteRunner.runTest(SuiteRunner.java:455)
	at org.testng.SuiteRunner.runSequentially(SuiteRunner.java:450)
	at org.testng.SuiteRunner.privateRun(SuiteRunner.java:415)
	at org.testng.SuiteRunner.run(SuiteRunner.java:364)
	at org.testng.SuiteRunnerWorker.runSuite(SuiteRunnerWorker.java:52)
	at org.testng.SuiteRunnerWorker.run(SuiteRunnerWorker.java:84)
	at org.testng.TestNG.runSuitesSequentially(TestNG.java:1208)
	at org.testng.TestNG.runSuitesLocally(TestNG.java:1137)
	at org.testng.TestNG.runSuites(TestNG.java:1049)
	at org.testng.TestNG.run(TestNG.java:1017)
	at org.testng.IDEARemoteTestNG.run(IDEARemoteTestNG.java:72)
	at org.testng.RemoteTestNGStarter.main(RemoteTestNGStarter.java:123)
2018-07-06 15:12:16 INFO  Annotations:51 - Test has finished
2018-07-06 15:12:22 INFO  FiltersTest:55 - TC checkboxes in extended search started
2018-07-06 15:12:24 INFO  Utils:20 - Scroll to element
2018-07-06 15:12:24 INFO  ExtendedSearchPage:32 - Click on Sedan checkbox was perfomed
2018-07-06 15:12:44 ERROR Annotations:47 - Screenshot can not ber created
org.apache.commons.io.FileExistsException: Destination 'screenshot\file.png' already exists
	at org.apache.commons.io.FileUtils.moveFile(FileUtils.java:2986)
	at utils.Annotations.close(Annotations.java:45)
	at java.base/jdk.internal.reflect.NativeMethodAccessorImpl.invoke0(Native Method)
	at java.base/jdk.internal.reflect.NativeMethodAccessorImpl.invoke(NativeMethodAccessorImpl.java:62)
	at java.base/jdk.internal.reflect.DelegatingMethodAccessorImpl.invoke(DelegatingMethodAccessorImpl.java:43)
	at java.base/java.lang.reflect.Method.invoke(Method.java:564)
	at org.testng.internal.MethodInvocationHelper.invokeMethod(MethodInvocationHelper.java:124)
	at org.testng.internal.MethodInvocationHelper.invokeMethodConsideringTimeout(MethodInvocationHelper.java:59)
	at org.testng.internal.Invoker.invokeConfigurationMethod(Invoker.java:458)
	at org.testng.internal.Invoker.invokeConfigurations(Invoker.java:222)
	at org.testng.internal.Invoker.invokeMethod(Invoker.java:646)
	at org.testng.internal.Invoker.invokeTestMethod(Invoker.java:719)
	at org.testng.internal.Invoker.invokeTestMethods(Invoker.java:989)
	at org.testng.internal.TestMethodWorker.invokeTestMethods(TestMethodWorker.java:125)
	at org.testng.internal.TestMethodWorker.run(TestMethodWorker.java:109)
	at org.testng.TestRunner.privateRun(TestRunner.java:648)
	at org.testng.TestRunner.run(TestRunner.java:505)
	at org.testng.SuiteRunner.runTest(SuiteRunner.java:455)
	at org.testng.SuiteRunner.runSequentially(SuiteRunner.java:450)
	at org.testng.SuiteRunner.privateRun(SuiteRunner.java:415)
	at org.testng.SuiteRunner.run(SuiteRunner.java:364)
	at org.testng.SuiteRunnerWorker.runSuite(SuiteRunnerWorker.java:52)
	at org.testng.SuiteRunnerWorker.run(SuiteRunnerWorker.java:84)
	at org.testng.TestNG.runSuitesSequentially(TestNG.java:1208)
	at org.testng.TestNG.runSuitesLocally(TestNG.java:1137)
	at org.testng.TestNG.runSuites(TestNG.java:1049)
	at org.testng.TestNG.run(TestNG.java:1017)
	at org.testng.IDEARemoteTestNG.run(IDEARemoteTestNG.java:72)
	at org.testng.RemoteTestNGStarter.main(RemoteTestNGStarter.java:123)
2018-07-06 15:12:46 INFO  Annotations:51 - Test has finished
2018-07-06 15:12:52 INFO  FiltersTest:86 - TC Invalid data for price field started
2018-07-06 15:12:52 INFO  MainPage:111 - Data to price field was inputted
2018-07-06 15:12:52 INFO  Utils:26 - Wait for element to be visible
2018-07-06 15:12:52 INFO  MainPage:103 - Click on search button was perfomed
2018-07-06 15:12:55 INFO  Utils:20 - Scroll to element
2018-07-06 15:12:55 INFO  FiltersTest:92 - Assertation passed
2018-07-06 15:12:58 INFO  Annotations:51 - Test has finished
2018-07-06 15:13:03 INFO  FiltersTest:69 - TC price field started
2018-07-06 15:13:03 INFO  MainPage:111 - Data to price field was inputted
2018-07-06 15:13:03 INFO  Utils:26 - Wait for element to be visible
2018-07-06 15:13:03 INFO  MainPage:103 - Click on search button was perfomed
2018-07-06 15:13:07 INFO  Utils:20 - Scroll to element
2018-07-06 15:13:07 ERROR Annotations:47 - Screenshot can not ber created
org.apache.commons.io.FileExistsException: Destination 'screenshot\file.png' already exists
	at org.apache.commons.io.FileUtils.moveFile(FileUtils.java:2986)
	at utils.Annotations.close(Annotations.java:45)
	at java.base/jdk.internal.reflect.NativeMethodAccessorImpl.invoke0(Native Method)
	at java.base/jdk.internal.reflect.NativeMethodAccessorImpl.invoke(NativeMethodAccessorImpl.java:62)
	at java.base/jdk.internal.reflect.DelegatingMethodAccessorImpl.invoke(DelegatingMethodAccessorImpl.java:43)
	at java.base/java.lang.reflect.Method.invoke(Method.java:564)
	at org.testng.internal.MethodInvocationHelper.invokeMethod(MethodInvocationHelper.java:124)
	at org.testng.internal.MethodInvocationHelper.invokeMethodConsideringTimeout(MethodInvocationHelper.java:59)
	at org.testng.internal.Invoker.invokeConfigurationMethod(Invoker.java:458)
	at org.testng.internal.Invoker.invokeConfigurations(Invoker.java:222)
	at org.testng.internal.Invoker.invokeMethod(Invoker.java:646)
	at org.testng.internal.Invoker.invokeTestMethod(Invoker.java:719)
	at org.testng.internal.Invoker.invokeTestMethods(Invoker.java:989)
	at org.testng.internal.TestMethodWorker.invokeTestMethods(TestMethodWorker.java:125)
	at org.testng.internal.TestMethodWorker.run(TestMethodWorker.java:109)
	at org.testng.TestRunner.privateRun(TestRunner.java:648)
	at org.testng.TestRunner.run(TestRunner.java:505)
	at org.testng.SuiteRunner.runTest(SuiteRunner.java:455)
	at org.testng.SuiteRunner.runSequentially(SuiteRunner.java:450)
	at org.testng.SuiteRunner.privateRun(SuiteRunner.java:415)
	at org.testng.SuiteRunner.run(SuiteRunner.java:364)
	at org.testng.SuiteRunnerWorker.runSuite(SuiteRunnerWorker.java:52)
	at org.testng.SuiteRunnerWorker.run(SuiteRunnerWorker.java:84)
	at org.testng.TestNG.runSuitesSequentially(TestNG.java:1208)
	at org.testng.TestNG.runSuitesLocally(TestNG.java:1137)
	at org.testng.TestNG.runSuites(TestNG.java:1049)
	at org.testng.TestNG.run(TestNG.java:1017)
	at org.testng.IDEARemoteTestNG.run(IDEARemoteTestNG.java:72)
	at org.testng.RemoteTestNGStarter.main(RemoteTestNGStarter.java:123)
2018-07-06 15:13:09 INFO  Annotations:51 - Test has finished
2018-07-06 15:13:15 INFO  FiltersTest:36 - TC Used cars filters started
2018-07-06 15:13:15 INFO  Utils:26 - Wait for element to be visible
2018-07-06 15:13:15 INFO  MainPage:48 - Click on car brand dropdown
2018-07-06 15:13:15 INFO  MainPage:50 - input data to car brand dropdown
2018-07-06 15:13:15 INFO  MainPage:52 - car brand was chosen
2018-07-06 15:13:15 INFO  MainPage:60 - Car model was chosen
2018-07-06 15:13:16 INFO  MainPage:68 - Region was chosen
2018-07-06 15:13:16 INFO  MainPage:74 - Year from dropdown was found
2018-07-06 15:13:16 INFO  MainPage:76 - Year to dropdown was found
2018-07-06 15:13:16 INFO  MainPage:78 - Year from was selected
2018-07-06 15:13:16 INFO  MainPage:80 - Year to was selected
2018-07-06 15:13:16 INFO  MainPage:111 - Data to price field was inputted
2018-07-06 15:13:16 INFO  Utils:26 - Wait for element to be visible
2018-07-06 15:13:16 INFO  MainPage:103 - Click on search button was perfomed
2018-07-06 15:13:21 INFO  Annotations:51 - Test has finished
2018-07-06 15:14:15 INFO  FiltersTest:98 - TC check links started
2018-07-06 15:14:18 INFO  MainPage:129 - Click on New Cars Link was perfomed
2018-07-06 15:14:18 INFO  Utils:20 - Scroll to element
2018-07-06 15:14:20 INFO  NewCarsPage:27 - Click on car link was perfomed
2018-07-06 15:14:20 INFO  NewCarsPage:35 - Click on golf link on Volkswagen page was perfomed
2018-07-06 15:14:25 INFO  NewCarsPage:42 - Click on first image on Golf page was perfomed
2018-07-06 15:14:27 INFO  Annotations:51 - Test has finished
2018-07-06 15:14:33 INFO  FiltersTest:86 - TC Invalid data for price field started
2018-07-06 15:14:33 INFO  MainPage:111 - Data to price field was inputted
2018-07-06 15:14:33 INFO  Utils:26 - Wait for element to be visible
2018-07-06 15:14:33 INFO  MainPage:103 - Click on search button was perfomed
2018-07-06 15:14:37 INFO  Utils:20 - Scroll to element
2018-07-06 15:14:37 INFO  FiltersTest:92 - Assertation passed
2018-07-06 15:14:40 INFO  Annotations:51 - Test has finished
2018-07-06 15:15:26 INFO  FiltersTest:98 - TC check links started
2018-07-06 15:15:31 INFO  MainPage:129 - Click on New Cars Link was perfomed
2018-07-06 15:15:32 INFO  Utils:20 - Scroll to element
2018-07-06 15:15:36 INFO  NewCarsPage:27 - Click on car link was perfomed
2018-07-06 15:15:37 INFO  NewCarsPage:35 - Click on golf link on Volkswagen page was perfomed
2018-07-06 15:15:38 INFO  NewCarsPage:42 - Click on first image on Golf page was perfomed
2018-07-06 15:15:38 INFO  Annotations:51 - Test has finished
2018-07-06 15:15:44 INFO  FiltersTest:86 - TC Invalid data for price field started
2018-07-06 15:15:44 INFO  MainPage:111 - Data to price field was inputted
2018-07-06 15:15:44 INFO  Utils:26 - Wait for element to be visible
2018-07-06 15:15:44 INFO  MainPage:103 - Click on search button was perfomed
2018-07-06 15:15:47 INFO  Utils:20 - Scroll to element
2018-07-06 15:15:47 INFO  FiltersTest:92 - Assertation passed
2018-07-06 15:15:49 INFO  Annotations:51 - Test has finished
2018-07-06 15:21:28 INFO  FiltersTest:98 - TC check links started
2018-07-06 15:21:30 INFO  MainPage:129 - Click on New Cars Link was perfomed
2018-07-06 15:21:31 INFO  Utils:20 - Scroll to element
2018-07-06 15:21:33 INFO  NewCarsPage:27 - Click on car link was perfomed
2018-07-06 15:21:34 INFO  NewCarsPage:35 - Click on golf link on Volkswagen page was perfomed
2018-07-06 15:21:43 INFO  NewCarsPage:42 - Click on first image on Golf page was perfomed
2018-07-06 15:21:44 INFO  Annotations:51 - Test has finished
2018-07-06 15:21:54 INFO  FiltersTest:23 - TC check of new Cars Filters started
2018-07-06 15:21:54 INFO  MainPage:87 - New cars radio button was clicked
2018-07-06 15:22:15 ERROR Annotations:47 - Screenshot can not ber created
org.apache.commons.io.FileExistsException: Destination 'screenshot\file.png' already exists
	at org.apache.commons.io.FileUtils.moveFile(FileUtils.java:2986)
	at utils.Annotations.close(Annotations.java:45)
	at java.base/jdk.internal.reflect.NativeMethodAccessorImpl.invoke0(Native Method)
	at java.base/jdk.internal.reflect.NativeMethodAccessorImpl.invoke(NativeMethodAccessorImpl.java:62)
	at java.base/jdk.internal.reflect.DelegatingMethodAccessorImpl.invoke(DelegatingMethodAccessorImpl.java:43)
	at java.base/java.lang.reflect.Method.invoke(Method.java:564)
	at org.testng.internal.MethodInvocationHelper.invokeMethod(MethodInvocationHelper.java:124)
	at org.testng.internal.MethodInvocationHelper.invokeMethodConsideringTimeout(MethodInvocationHelper.java:59)
	at org.testng.internal.Invoker.invokeConfigurationMethod(Invoker.java:458)
	at org.testng.internal.Invoker.invokeConfigurations(Invoker.java:222)
	at org.testng.internal.Invoker.invokeMethod(Invoker.java:646)
	at org.testng.internal.Invoker.invokeTestMethod(Invoker.java:719)
	at org.testng.internal.Invoker.invokeTestMethods(Invoker.java:989)
	at org.testng.internal.TestMethodWorker.invokeTestMethods(TestMethodWorker.java:125)
	at org.testng.internal.TestMethodWorker.run(TestMethodWorker.java:109)
	at org.testng.TestRunner.privateRun(TestRunner.java:648)
	at org.testng.TestRunner.run(TestRunner.java:505)
	at org.testng.SuiteRunner.runTest(SuiteRunner.java:455)
	at org.testng.SuiteRunner.runSequentially(SuiteRunner.java:450)
	at org.testng.SuiteRunner.privateRun(SuiteRunner.java:415)
	at org.testng.SuiteRunner.run(SuiteRunner.java:364)
	at org.testng.SuiteRunnerWorker.runSuite(SuiteRunnerWorker.java:52)
	at org.testng.SuiteRunnerWorker.run(SuiteRunnerWorker.java:84)
	at org.testng.TestNG.runSuitesSequentially(TestNG.java:1208)
	at org.testng.TestNG.runSuitesLocally(TestNG.java:1137)
	at org.testng.TestNG.runSuites(TestNG.java:1049)
	at org.testng.TestNG.run(TestNG.java:1017)
	at org.testng.IDEARemoteTestNG.run(IDEARemoteTestNG.java:72)
	at org.testng.RemoteTestNGStarter.main(RemoteTestNGStarter.java:123)
2018-07-06 15:22:17 INFO  Annotations:51 - Test has finished
2018-07-06 15:22:22 INFO  FiltersTest:55 - TC checkboxes in extended search started
2018-07-06 15:22:24 INFO  Utils:20 - Scroll to element
2018-07-06 15:22:24 INFO  ExtendedSearchPage:32 - Click on Sedan checkbox was perfomed
2018-07-06 15:22:40 INFO  FiltersTest:23 - TC check of new Cars Filters started
2018-07-06 15:24:09 INFO  FiltersTest:86 - TC Invalid data for price field started
2018-07-06 15:24:10 INFO  MainPage:111 - Data to price field was inputted
2018-07-06 15:24:10 INFO  Utils:26 - Wait for element to be visible
2018-07-06 15:24:10 INFO  MainPage:103 - Click on search button was perfomed
2018-07-06 15:24:14 INFO  Utils:20 - Scroll to element
2018-07-06 15:24:14 INFO  FiltersTest:92 - Assertation passed
2018-07-06 15:24:17 INFO  Annotations:51 - Test has finished
2018-07-06 15:24:46 INFO  FiltersTest:86 - TC Invalid data for price field started
2018-07-06 15:24:46 INFO  MainPage:111 - Data to price field was inputted
2018-07-06 15:24:46 INFO  Utils:26 - Wait for element to be visible
2018-07-06 15:24:46 INFO  MainPage:103 - Click on search button was perfomed
2018-07-06 15:24:50 INFO  Utils:20 - Scroll to element
2018-07-06 15:24:50 INFO  FiltersTest:92 - Assertation passed
2018-07-06 15:24:52 INFO  Annotations:51 - Test has finished
2018-07-06 15:36:46 INFO  FiltersTest:86 - TC Invalid data for price field started
2018-07-06 15:36:46 INFO  MainPage:111 - Data to price field was inputted
2018-07-06 15:36:47 INFO  Utils:26 - Wait for element to be visible
2018-07-06 15:36:47 INFO  MainPage:103 - Click on search button was perfomed
2018-07-06 15:36:51 INFO  Utils:20 - Scroll to element
2018-07-06 15:36:51 INFO  FiltersTest:92 - Assertation passed
2018-07-06 15:36:53 INFO  Annotations:51 - Test has finished
2018-07-06 16:07:56 INFO  FiltersTest:87 - TC Invalid data for price field started
2018-07-06 16:07:56 INFO  MainPage:111 - Data to price field was inputted
2018-07-06 16:07:56 INFO  Utils:26 - Wait for element to be visible
2018-07-06 16:07:56 INFO  MainPage:103 - Click on search button was perfomed
2018-07-06 16:08:01 INFO  Utils:20 - Scroll to element
2018-07-06 16:08:01 INFO  FiltersTest:93 - Assertation passed
2018-07-06 16:08:03 INFO  Annotations:51 - Test has finished
2018-07-06 16:33:09 INFO  FiltersTest:97 - TC check links started
2018-07-06 16:33:16 INFO  MainPage:129 - Click on New Cars Link was perfomed
2018-07-06 16:33:17 INFO  Utils:20 - Scroll to element
2018-07-06 16:33:25 INFO  NewCarsPage:27 - Click on car link was perfomed
2018-07-06 16:33:27 INFO  NewCarsPage:35 - Click on golf link on Volkswagen page was perfomed
2018-07-06 16:33:32 INFO  NewCarsPage:42 - Click on first image on Golf page was perfomed
2018-07-06 16:33:34 INFO  Annotations:49 - Test has finished
2018-07-06 16:33:42 INFO  FiltersTest:24 - TC check of new Cars Filters started
2018-07-06 16:33:42 INFO  MainPage:87 - New cars radio button was clicked
2018-07-06 16:33:52 ERROR Annotations:45 - Screenshot can not ber created
org.apache.commons.io.FileExistsException: Destination 'screenshot\file.png' already exists
	at org.apache.commons.io.FileUtils.moveFile(FileUtils.java:2986)
	at utils.Annotations.close(Annotations.java:43)
	at java.base/jdk.internal.reflect.NativeMethodAccessorImpl.invoke0(Native Method)
	at java.base/jdk.internal.reflect.NativeMethodAccessorImpl.invoke(NativeMethodAccessorImpl.java:62)
	at java.base/jdk.internal.reflect.DelegatingMethodAccessorImpl.invoke(DelegatingMethodAccessorImpl.java:43)
	at java.base/java.lang.reflect.Method.invoke(Method.java:564)
	at org.testng.internal.MethodInvocationHelper.invokeMethod(MethodInvocationHelper.java:124)
	at org.testng.internal.MethodInvocationHelper.invokeMethodConsideringTimeout(MethodInvocationHelper.java:59)
	at org.testng.internal.Invoker.invokeConfigurationMethod(Invoker.java:458)
	at org.testng.internal.Invoker.invokeConfigurations(Invoker.java:222)
	at org.testng.internal.Invoker.invokeMethod(Invoker.java:646)
	at org.testng.internal.Invoker.invokeTestMethod(Invoker.java:719)
	at org.testng.internal.Invoker.invokeTestMethods(Invoker.java:989)
	at org.testng.internal.TestMethodWorker.invokeTestMethods(TestMethodWorker.java:125)
	at org.testng.internal.TestMethodWorker.run(TestMethodWorker.java:109)
	at org.testng.TestRunner.privateRun(TestRunner.java:648)
	at org.testng.TestRunner.run(TestRunner.java:505)
	at org.testng.SuiteRunner.runTest(SuiteRunner.java:455)
	at org.testng.SuiteRunner.runSequentially(SuiteRunner.java:450)
	at org.testng.SuiteRunner.privateRun(SuiteRunner.java:415)
	at org.testng.SuiteRunner.run(SuiteRunner.java:364)
	at org.testng.SuiteRunnerWorker.runSuite(SuiteRunnerWorker.java:52)
	at org.testng.SuiteRunnerWorker.run(SuiteRunnerWorker.java:84)
	at org.testng.TestNG.runSuitesSequentially(TestNG.java:1208)
	at org.testng.TestNG.runSuitesLocally(TestNG.java:1137)
	at org.testng.TestNG.runSuites(TestNG.java:1049)
	at org.testng.TestNG.run(TestNG.java:1017)
	at org.testng.IDEARemoteTestNG.run(IDEARemoteTestNG.java:72)
	at org.testng.RemoteTestNGStarter.main(RemoteTestNGStarter.java:123)
2018-07-06 16:33:54 INFO  Annotations:49 - Test has finished
2018-07-06 16:34:00 INFO  FiltersTest:54 - TC checkboxes in extended search started
2018-07-06 16:34:03 INFO  Utils:20 - Scroll to element
2018-07-06 16:34:03 INFO  ExtendedSearchPage:32 - Click on Sedan checkbox was perfomed
2018-07-06 16:34:13 ERROR Annotations:45 - Screenshot can not ber created
org.apache.commons.io.FileExistsException: Destination 'screenshot\file.png' already exists
	at org.apache.commons.io.FileUtils.moveFile(FileUtils.java:2986)
	at utils.Annotations.close(Annotations.java:43)
	at java.base/jdk.internal.reflect.NativeMethodAccessorImpl.invoke0(Native Method)
	at java.base/jdk.internal.reflect.NativeMethodAccessorImpl.invoke(NativeMethodAccessorImpl.java:62)
	at java.base/jdk.internal.reflect.DelegatingMethodAccessorImpl.invoke(DelegatingMethodAccessorImpl.java:43)
	at java.base/java.lang.reflect.Method.invoke(Method.java:564)
	at org.testng.internal.MethodInvocationHelper.invokeMethod(MethodInvocationHelper.java:124)
	at org.testng.internal.MethodInvocationHelper.invokeMethodConsideringTimeout(MethodInvocationHelper.java:59)
	at org.testng.internal.Invoker.invokeConfigurationMethod(Invoker.java:458)
	at org.testng.internal.Invoker.invokeConfigurations(Invoker.java:222)
	at org.testng.internal.Invoker.invokeMethod(Invoker.java:646)
	at org.testng.internal.Invoker.invokeTestMethod(Invoker.java:719)
	at org.testng.internal.Invoker.invokeTestMethods(Invoker.java:989)
	at org.testng.internal.TestMethodWorker.invokeTestMethods(TestMethodWorker.java:125)
	at org.testng.internal.TestMethodWorker.run(TestMethodWorker.java:109)
	at org.testng.TestRunner.privateRun(TestRunner.java:648)
	at org.testng.TestRunner.run(TestRunner.java:505)
	at org.testng.SuiteRunner.runTest(SuiteRunner.java:455)
	at org.testng.SuiteRunner.runSequentially(SuiteRunner.java:450)
	at org.testng.SuiteRunner.privateRun(SuiteRunner.java:415)
	at org.testng.SuiteRunner.run(SuiteRunner.java:364)
	at org.testng.SuiteRunnerWorker.runSuite(SuiteRunnerWorker.java:52)
	at org.testng.SuiteRunnerWorker.run(SuiteRunnerWorker.java:84)
	at org.testng.TestNG.runSuitesSequentially(TestNG.java:1208)
	at org.testng.TestNG.runSuitesLocally(TestNG.java:1137)
	at org.testng.TestNG.runSuites(TestNG.java:1049)
	at org.testng.TestNG.run(TestNG.java:1017)
	at org.testng.IDEARemoteTestNG.run(IDEARemoteTestNG.java:72)
	at org.testng.RemoteTestNGStarter.main(RemoteTestNGStarter.java:123)
2018-07-06 16:34:16 INFO  Annotations:49 - Test has finished
2018-07-06 16:34:22 INFO  FiltersTest:85 - TC Invalid data for price field started
2018-07-06 16:34:22 INFO  MainPage:111 - Data to price field was inputted
2018-07-06 16:34:22 INFO  Utils:26 - Wait for element to be visible
2018-07-06 16:34:22 INFO  MainPage:103 - Click on search button was perfomed
2018-07-06 16:34:26 INFO  Utils:20 - Scroll to element
2018-07-06 16:34:26 INFO  FiltersTest:91 - Assertation passed
2018-07-06 16:34:28 INFO  Annotations:49 - Test has finished
2018-07-06 16:34:33 INFO  FiltersTest:68 - TC price field started
2018-07-06 16:34:33 INFO  MainPage:111 - Data to price field was inputted
2018-07-06 16:34:33 INFO  Utils:26 - Wait for element to be visible
2018-07-06 16:34:33 INFO  MainPage:103 - Click on search button was perfomed
2018-07-06 16:34:37 INFO  Utils:20 - Scroll to element
2018-07-06 16:34:37 ERROR Annotations:45 - Screenshot can not ber created
org.apache.commons.io.FileExistsException: Destination 'screenshot\file.png' already exists
	at org.apache.commons.io.FileUtils.moveFile(FileUtils.java:2986)
	at utils.Annotations.close(Annotations.java:43)
	at java.base/jdk.internal.reflect.NativeMethodAccessorImpl.invoke0(Native Method)
	at java.base/jdk.internal.reflect.NativeMethodAccessorImpl.invoke(NativeMethodAccessorImpl.java:62)
	at java.base/jdk.internal.reflect.DelegatingMethodAccessorImpl.invoke(DelegatingMethodAccessorImpl.java:43)
	at java.base/java.lang.reflect.Method.invoke(Method.java:564)
	at org.testng.internal.MethodInvocationHelper.invokeMethod(MethodInvocationHelper.java:124)
	at org.testng.internal.MethodInvocationHelper.invokeMethodConsideringTimeout(MethodInvocationHelper.java:59)
	at org.testng.internal.Invoker.invokeConfigurationMethod(Invoker.java:458)
	at org.testng.internal.Invoker.invokeConfigurations(Invoker.java:222)
	at org.testng.internal.Invoker.invokeMethod(Invoker.java:646)
	at org.testng.internal.Invoker.invokeTestMethod(Invoker.java:719)
	at org.testng.internal.Invoker.invokeTestMethods(Invoker.java:989)
	at org.testng.internal.TestMethodWorker.invokeTestMethods(TestMethodWorker.java:125)
	at org.testng.internal.TestMethodWorker.run(TestMethodWorker.java:109)
	at org.testng.TestRunner.privateRun(TestRunner.java:648)
	at org.testng.TestRunner.run(TestRunner.java:505)
	at org.testng.SuiteRunner.runTest(SuiteRunner.java:455)
	at org.testng.SuiteRunner.runSequentially(SuiteRunner.java:450)
	at org.testng.SuiteRunner.privateRun(SuiteRunner.java:415)
	at org.testng.SuiteRunner.run(SuiteRunner.java:364)
	at org.testng.SuiteRunnerWorker.runSuite(SuiteRunnerWorker.java:52)
	at org.testng.SuiteRunnerWorker.run(SuiteRunnerWorker.java:84)
	at org.testng.TestNG.runSuitesSequentially(TestNG.java:1208)
	at org.testng.TestNG.runSuitesLocally(TestNG.java:1137)
	at org.testng.TestNG.runSuites(TestNG.java:1049)
	at org.testng.TestNG.run(TestNG.java:1017)
	at org.testng.IDEARemoteTestNG.run(IDEARemoteTestNG.java:72)
	at org.testng.RemoteTestNGStarter.main(RemoteTestNGStarter.java:123)
2018-07-06 16:34:40 INFO  Annotations:49 - Test has finished
2018-07-06 16:34:48 INFO  MainPage:123 - Click on login button was perfomed
2018-07-06 16:34:58 INFO  LoginPage:28 - Data to e-mail field was inputted
2018-07-06 16:34:58 INFO  LoginPage:30 - Data to password field was inputted
2018-07-06 16:34:58 INFO  LoginPage:49 - Click on login button was perfomed
2018-07-06 16:35:08 ERROR LoginTest:28 - Captcha appeared
2018-07-06 16:35:09 ERROR Annotations:45 - Screenshot can not ber created
org.apache.commons.io.FileExistsException: Destination 'screenshot\file.png' already exists
	at org.apache.commons.io.FileUtils.moveFile(FileUtils.java:2986)
	at utils.Annotations.close(Annotations.java:43)
	at java.base/jdk.internal.reflect.NativeMethodAccessorImpl.invoke0(Native Method)
	at java.base/jdk.internal.reflect.NativeMethodAccessorImpl.invoke(NativeMethodAccessorImpl.java:62)
	at java.base/jdk.internal.reflect.DelegatingMethodAccessorImpl.invoke(DelegatingMethodAccessorImpl.java:43)
	at java.base/java.lang.reflect.Method.invoke(Method.java:564)
	at org.testng.internal.MethodInvocationHelper.invokeMethod(MethodInvocationHelper.java:124)
	at org.testng.internal.MethodInvocationHelper.invokeMethodConsideringTimeout(MethodInvocationHelper.java:59)
	at org.testng.internal.Invoker.invokeConfigurationMethod(Invoker.java:458)
	at org.testng.internal.Invoker.invokeConfigurations(Invoker.java:222)
	at org.testng.internal.Invoker.invokeMethod(Invoker.java:646)
	at org.testng.internal.Invoker.invokeTestMethod(Invoker.java:719)
	at org.testng.internal.Invoker.invokeTestMethods(Invoker.java:989)
	at org.testng.internal.TestMethodWorker.invokeTestMethods(TestMethodWorker.java:125)
	at org.testng.internal.TestMethodWorker.run(TestMethodWorker.java:109)
	at org.testng.TestRunner.privateRun(TestRunner.java:648)
	at org.testng.TestRunner.run(TestRunner.java:505)
	at org.testng.SuiteRunner.runTest(SuiteRunner.java:455)
	at org.testng.SuiteRunner.runSequentially(SuiteRunner.java:450)
	at org.testng.SuiteRunner.privateRun(SuiteRunner.java:415)
	at org.testng.SuiteRunner.run(SuiteRunner.java:364)
	at org.testng.SuiteRunnerWorker.runSuite(SuiteRunnerWorker.java:52)
	at org.testng.SuiteRunnerWorker.run(SuiteRunnerWorker.java:84)
	at org.testng.TestNG.runSuitesSequentially(TestNG.java:1208)
	at org.testng.TestNG.runSuitesLocally(TestNG.java:1137)
	at org.testng.TestNG.runSuites(TestNG.java:1049)
	at org.testng.TestNG.run(TestNG.java:1017)
	at org.testng.IDEARemoteTestNG.run(IDEARemoteTestNG.java:72)
	at org.testng.RemoteTestNGStarter.main(RemoteTestNGStarter.java:123)
2018-07-06 16:35:11 INFO  Annotations:49 - Test has finished
2018-07-06 16:35:19 INFO  MainPage:123 - Click on login button was perfomed
2018-07-06 16:35:29 INFO  LoginPage:43 - Switched to login frame
2018-07-06 16:35:29 INFO  LoginPage:36 - Click on facebook login button was perfomed
2018-07-06 16:35:32 INFO  LoginPage:67 - Data to e-mail field was inputted
2018-07-06 16:35:32 INFO  LoginPage:69 - Data to password field was inputted
2018-07-06 16:35:34 INFO  LoginPage:71 - Click on Facebook login button was perfomed
2018-07-06 16:35:45 INFO  LoginPage:43 - Switched to login frame
2018-07-06 16:35:45 ERROR Annotations:45 - Screenshot can not ber created
org.apache.commons.io.FileExistsException: Destination 'screenshot\file.png' already exists
	at org.apache.commons.io.FileUtils.moveFile(FileUtils.java:2986)
	at utils.Annotations.close(Annotations.java:43)
	at java.base/jdk.internal.reflect.NativeMethodAccessorImpl.invoke0(Native Method)
	at java.base/jdk.internal.reflect.NativeMethodAccessorImpl.invoke(NativeMethodAccessorImpl.java:62)
	at java.base/jdk.internal.reflect.DelegatingMethodAccessorImpl.invoke(DelegatingMethodAccessorImpl.java:43)
	at java.base/java.lang.reflect.Method.invoke(Method.java:564)
	at org.testng.internal.MethodInvocationHelper.invokeMethod(MethodInvocationHelper.java:124)
	at org.testng.internal.MethodInvocationHelper.invokeMethodConsideringTimeout(MethodInvocationHelper.java:59)
	at org.testng.internal.Invoker.invokeConfigurationMethod(Invoker.java:458)
	at org.testng.internal.Invoker.invokeConfigurations(Invoker.java:222)
	at org.testng.internal.Invoker.invokeMethod(Invoker.java:646)
	at org.testng.internal.Invoker.invokeTestMethod(Invoker.java:719)
	at org.testng.internal.Invoker.invokeTestMethods(Invoker.java:989)
	at org.testng.internal.TestMethodWorker.invokeTestMethods(TestMethodWorker.java:125)
	at org.testng.internal.TestMethodWorker.run(TestMethodWorker.java:109)
	at org.testng.TestRunner.privateRun(TestRunner.java:648)
	at org.testng.TestRunner.run(TestRunner.java:505)
	at org.testng.SuiteRunner.runTest(SuiteRunner.java:455)
	at org.testng.SuiteRunner.runSequentially(SuiteRunner.java:450)
	at org.testng.SuiteRunner.privateRun(SuiteRunner.java:415)
	at org.testng.SuiteRunner.run(SuiteRunner.java:364)
	at org.testng.SuiteRunnerWorker.runSuite(SuiteRunnerWorker.java:52)
	at org.testng.SuiteRunnerWorker.run(SuiteRunnerWorker.java:84)
	at org.testng.TestNG.runSuitesSequentially(TestNG.java:1208)
	at org.testng.TestNG.runSuitesLocally(TestNG.java:1137)
	at org.testng.TestNG.runSuites(TestNG.java:1049)
	at org.testng.TestNG.run(TestNG.java:1017)
	at org.testng.IDEARemoteTestNG.run(IDEARemoteTestNG.java:72)
	at org.testng.RemoteTestNGStarter.main(RemoteTestNGStarter.java:123)
2018-07-06 16:35:47 INFO  Annotations:49 - Test has finished
